ERROR - 2022-06-16 00:51:46 --> Error connecting to the database: No se puede establecer una conexión ya que el equipo de destino denegó expresamente dicha conexión
CRITICAL - 2022-06-16 00:51:46 --> Unable to connect to the database.
Main connection [MySQLi]: No se puede establecer una conexión ya que el equipo de destino denegó expresamente dicha conexión
#0 C:\xampp\htdocs\Haberles\system\Database\BaseConnection.php(577): CodeIgniter\Database\BaseConnection->initialize()
#1 C:\xampp\htdocs\Haberles\system\Database\BaseBuilder.php(1455): CodeIgniter\Database\BaseConnection->query('SELECT *\nFROM `...', Array, false)
#2 C:\xampp\htdocs\Haberles\app\Models\Usuario_model.php(43): CodeIgniter\Database\BaseBuilder->get()
#3 C:\xampp\htdocs\Haberles\app\Controllers\Usuario_controller.php(85): App\Models\Usuario_model->validarUsuario('LucasH', 'LucasH13')
#4 C:\xampp\htdocs\Haberles\system\CodeIgniter.php(832): App\Controllers\Usuario_controller->login()
#5 C:\xampp\htdocs\Haberles\system\CodeIgniter.php(419): CodeIgniter\CodeIgniter->runController(Object(App\Controllers\Usuario_controller))
#6 C:\xampp\htdocs\Haberles\system\CodeIgniter.php(326): CodeIgniter\CodeIgniter->handleRequest(NULL, Object(Config\Cache), false)
#7 C:\xampp\htdocs\Haberles\index.php(37): CodeIgniter\CodeIgniter->run()
#8 {main}
ERROR - 2022-06-16 00:51:50 --> Error connecting to the database: No se puede establecer una conexión ya que el equipo de destino denegó expresamente dicha conexión
CRITICAL - 2022-06-16 00:51:50 --> Unable to connect to the database.
Main connection [MySQLi]: No se puede establecer una conexión ya que el equipo de destino denegó expresamente dicha conexión
#0 C:\xampp\htdocs\Haberles\system\Database\BaseConnection.php(577): CodeIgniter\Database\BaseConnection->initialize()
#1 C:\xampp\htdocs\Haberles\system\Database\BaseBuilder.php(1455): CodeIgniter\Database\BaseConnection->query('SELECT *\nFROM `...', Array, false)
#2 C:\xampp\htdocs\Haberles\app\Models\Usuario_model.php(43): CodeIgniter\Database\BaseBuilder->get()
#3 C:\xampp\htdocs\Haberles\app\Controllers\Usuario_controller.php(85): App\Models\Usuario_model->validarUsuario('LucasH', 'LucasH13')
#4 C:\xampp\htdocs\Haberles\system\CodeIgniter.php(832): App\Controllers\Usuario_controller->login()
#5 C:\xampp\htdocs\Haberles\system\CodeIgniter.php(419): CodeIgniter\CodeIgniter->runController(Object(App\Controllers\Usuario_controller))
#6 C:\xampp\htdocs\Haberles\system\CodeIgniter.php(326): CodeIgniter\CodeIgniter->handleRequest(NULL, Object(Config\Cache), false)
#7 C:\xampp\htdocs\Haberles\index.php(37): CodeIgniter\CodeIgniter->run()
#8 {main}
