CRITICAL - 2022-05-12 08:31:28 --> Invalid file: nav_encabezado_admin.php
#0 C:\xampp\htdocs\Haberles\system\View\View.php(198): CodeIgniter\Exceptions\FrameworkException::forInvalidFile('nav_encabezado_...')
#1 C:\xampp\htdocs\Haberles\system\Common.php(1089): CodeIgniter\View\View->render('nav_encabezado_...', Array, true)
#2 C:\xampp\htdocs\Haberles\app\Controllers\Home.php(11): view('nav_encabezado_...')
#3 C:\xampp\htdocs\Haberles\system\CodeIgniter.php(832): App\Controllers\Home->index()
#4 C:\xampp\htdocs\Haberles\system\CodeIgniter.php(419): CodeIgniter\CodeIgniter->runController(Object(App\Controllers\Home))
#5 C:\xampp\htdocs\Haberles\system\CodeIgniter.php(326): CodeIgniter\CodeIgniter->handleRequest(NULL, Object(Config\Cache), false)
#6 C:\xampp\htdocs\Haberles\index.php(37): CodeIgniter\CodeIgniter->run()
#7 {main}
CRITICAL - 2022-05-12 08:32:17 --> Invalid file: nav_encabezado_admin.php
#0 C:\xampp\htdocs\Haberles\system\View\View.php(198): CodeIgniter\Exceptions\FrameworkException::forInvalidFile('nav_encabezado_...')
#1 C:\xampp\htdocs\Haberles\system\Common.php(1089): CodeIgniter\View\View->render('nav_encabezado_...', Array, true)
#2 C:\xampp\htdocs\Haberles\app\Controllers\Home.php(11): view('nav_encabezado_...')
#3 C:\xampp\htdocs\Haberles\system\CodeIgniter.php(832): App\Controllers\Home->index()
#4 C:\xampp\htdocs\Haberles\system\CodeIgniter.php(419): CodeIgniter\CodeIgniter->runController(Object(App\Controllers\Home))
#5 C:\xampp\htdocs\Haberles\system\CodeIgniter.php(326): CodeIgniter\CodeIgniter->handleRequest(NULL, Object(Config\Cache), false)
#6 C:\xampp\htdocs\Haberles\index.php(37): CodeIgniter\CodeIgniter->run()
#7 {main}
CRITICAL - 2022-05-12 08:32:47 --> Invalid file: back/nav_encabezado_admin.php
#0 C:\xampp\htdocs\Haberles\system\View\View.php(198): CodeIgniter\Exceptions\FrameworkException::forInvalidFile('back/nav_encabe...')
#1 C:\xampp\htdocs\Haberles\system\Common.php(1089): CodeIgniter\View\View->render('back/nav_encabe...', Array, true)
#2 C:\xampp\htdocs\Haberles\app\Controllers\Home.php(11): view('back/nav_encabe...')
#3 C:\xampp\htdocs\Haberles\system\CodeIgniter.php(832): App\Controllers\Home->index()
#4 C:\xampp\htdocs\Haberles\system\CodeIgniter.php(419): CodeIgniter\CodeIgniter->runController(Object(App\Controllers\Home))
#5 C:\xampp\htdocs\Haberles\system\CodeIgniter.php(326): CodeIgniter\CodeIgniter->handleRequest(NULL, Object(Config\Cache), false)
#6 C:\xampp\htdocs\Haberles\index.php(37): CodeIgniter\CodeIgniter->run()
#7 {main}
