CRITICAL - 2022-05-25 10:19:50 --> syntax error, unexpected 'if' (T_IF)
#0 C:\xampp\htdocs\Haberles\system\CodeIgniter.php(368): CodeIgniter\CodeIgniter->tryToRouteIt(NULL)
#1 C:\xampp\htdocs\Haberles\system\CodeIgniter.php(326): CodeIgniter\CodeIgniter->handleRequest(NULL, Object(Config\Cache), false)
#2 C:\xampp\htdocs\Haberles\index.php(37): CodeIgniter\CodeIgniter->run()
#3 {main}
CRITICAL - 2022-05-25 10:21:05 --> syntax error, unexpected 'if' (T_IF)
#0 C:\xampp\htdocs\Haberles\system\CodeIgniter.php(368): CodeIgniter\CodeIgniter->tryToRouteIt(NULL)
#1 C:\xampp\htdocs\Haberles\system\CodeIgniter.php(326): CodeIgniter\CodeIgniter->handleRequest(NULL, Object(Config\Cache), false)
#2 C:\xampp\htdocs\Haberles\index.php(37): CodeIgniter\CodeIgniter->run()
#3 {main}
CRITICAL - 2022-05-25 10:21:07 --> syntax error, unexpected 'if' (T_IF)
#0 C:\xampp\htdocs\Haberles\system\CodeIgniter.php(368): CodeIgniter\CodeIgniter->tryToRouteIt(NULL)
#1 C:\xampp\htdocs\Haberles\system\CodeIgniter.php(326): CodeIgniter\CodeIgniter->handleRequest(NULL, Object(Config\Cache), false)
#2 C:\xampp\htdocs\Haberles\index.php(37): CodeIgniter\CodeIgniter->run()
#3 {main}
CRITICAL - 2022-05-25 10:21:07 --> syntax error, unexpected 'if' (T_IF)
#0 C:\xampp\htdocs\Haberles\system\CodeIgniter.php(368): CodeIgniter\CodeIgniter->tryToRouteIt(NULL)
#1 C:\xampp\htdocs\Haberles\system\CodeIgniter.php(326): CodeIgniter\CodeIgniter->handleRequest(NULL, Object(Config\Cache), false)
#2 C:\xampp\htdocs\Haberles\index.php(37): CodeIgniter\CodeIgniter->run()
#3 {main}
CRITICAL - 2022-05-25 10:21:10 --> syntax error, unexpected 'if' (T_IF)
#0 C:\xampp\htdocs\Haberles\system\CodeIgniter.php(368): CodeIgniter\CodeIgniter->tryToRouteIt(NULL)
#1 C:\xampp\htdocs\Haberles\system\CodeIgniter.php(326): CodeIgniter\CodeIgniter->handleRequest(NULL, Object(Config\Cache), false)
#2 C:\xampp\htdocs\Haberles\index.php(37): CodeIgniter\CodeIgniter->run()
#3 {main}
CRITICAL - 2022-05-25 10:23:59 --> syntax error, unexpected 'if' (T_IF)
#0 C:\xampp\htdocs\Haberles\system\CodeIgniter.php(368): CodeIgniter\CodeIgniter->tryToRouteIt(NULL)
#1 C:\xampp\htdocs\Haberles\system\CodeIgniter.php(326): CodeIgniter\CodeIgniter->handleRequest(NULL, Object(Config\Cache), false)
#2 C:\xampp\htdocs\Haberles\index.php(37): CodeIgniter\CodeIgniter->run()
#3 {main}
CRITICAL - 2022-05-25 10:25:09 --> syntax error, unexpected 'if' (T_IF)
#0 C:\xampp\htdocs\Haberles\system\CodeIgniter.php(368): CodeIgniter\CodeIgniter->tryToRouteIt(NULL)
#1 C:\xampp\htdocs\Haberles\system\CodeIgniter.php(326): CodeIgniter\CodeIgniter->handleRequest(NULL, Object(Config\Cache), false)
#2 C:\xampp\htdocs\Haberles\index.php(37): CodeIgniter\CodeIgniter->run()
#3 {main}
CRITICAL - 2022-05-25 10:25:31 --> syntax error, unexpected 'if' (T_IF)
#0 C:\xampp\htdocs\Haberles\system\CodeIgniter.php(368): CodeIgniter\CodeIgniter->tryToRouteIt(NULL)
#1 C:\xampp\htdocs\Haberles\system\CodeIgniter.php(326): CodeIgniter\CodeIgniter->handleRequest(NULL, Object(Config\Cache), false)
#2 C:\xampp\htdocs\Haberles\index.php(37): CodeIgniter\CodeIgniter->run()
#3 {main}
CRITICAL - 2022-05-25 10:25:34 --> syntax error, unexpected 'if' (T_IF)
#0 C:\xampp\htdocs\Haberles\system\CodeIgniter.php(368): CodeIgniter\CodeIgniter->tryToRouteIt(NULL)
#1 C:\xampp\htdocs\Haberles\system\CodeIgniter.php(326): CodeIgniter\CodeIgniter->handleRequest(NULL, Object(Config\Cache), false)
#2 C:\xampp\htdocs\Haberles\index.php(37): CodeIgniter\CodeIgniter->run()
#3 {main}
CRITICAL - 2022-05-25 10:25:34 --> syntax error, unexpected 'if' (T_IF)
#0 C:\xampp\htdocs\Haberles\system\CodeIgniter.php(368): CodeIgniter\CodeIgniter->tryToRouteIt(NULL)
#1 C:\xampp\htdocs\Haberles\system\CodeIgniter.php(326): CodeIgniter\CodeIgniter->handleRequest(NULL, Object(Config\Cache), false)
#2 C:\xampp\htdocs\Haberles\index.php(37): CodeIgniter\CodeIgniter->run()
#3 {main}
CRITICAL - 2022-05-25 10:25:34 --> syntax error, unexpected 'if' (T_IF)
#0 C:\xampp\htdocs\Haberles\system\CodeIgniter.php(368): CodeIgniter\CodeIgniter->tryToRouteIt(NULL)
#1 C:\xampp\htdocs\Haberles\system\CodeIgniter.php(326): CodeIgniter\CodeIgniter->handleRequest(NULL, Object(Config\Cache), false)
#2 C:\xampp\htdocs\Haberles\index.php(37): CodeIgniter\CodeIgniter->run()
#3 {main}
CRITICAL - 2022-05-25 10:25:41 --> syntax error, unexpected 'if' (T_IF)
#0 C:\xampp\htdocs\Haberles\system\CodeIgniter.php(368): CodeIgniter\CodeIgniter->tryToRouteIt(NULL)
#1 C:\xampp\htdocs\Haberles\system\CodeIgniter.php(326): CodeIgniter\CodeIgniter->handleRequest(NULL, Object(Config\Cache), false)
#2 C:\xampp\htdocs\Haberles\index.php(37): CodeIgniter\CodeIgniter->run()
#3 {main}
CRITICAL - 2022-05-25 10:25:41 --> syntax error, unexpected 'if' (T_IF)
#0 C:\xampp\htdocs\Haberles\system\CodeIgniter.php(368): CodeIgniter\CodeIgniter->tryToRouteIt(NULL)
#1 C:\xampp\htdocs\Haberles\system\CodeIgniter.php(326): CodeIgniter\CodeIgniter->handleRequest(NULL, Object(Config\Cache), false)
#2 C:\xampp\htdocs\Haberles\index.php(37): CodeIgniter\CodeIgniter->run()
#3 {main}
CRITICAL - 2022-05-25 10:25:41 --> syntax error, unexpected 'if' (T_IF)
#0 C:\xampp\htdocs\Haberles\system\CodeIgniter.php(368): CodeIgniter\CodeIgniter->tryToRouteIt(NULL)
#1 C:\xampp\htdocs\Haberles\system\CodeIgniter.php(326): CodeIgniter\CodeIgniter->handleRequest(NULL, Object(Config\Cache), false)
#2 C:\xampp\htdocs\Haberles\index.php(37): CodeIgniter\CodeIgniter->run()
#3 {main}
CRITICAL - 2022-05-25 10:25:41 --> syntax error, unexpected 'if' (T_IF)
#0 C:\xampp\htdocs\Haberles\system\CodeIgniter.php(368): CodeIgniter\CodeIgniter->tryToRouteIt(NULL)
#1 C:\xampp\htdocs\Haberles\system\CodeIgniter.php(326): CodeIgniter\CodeIgniter->handleRequest(NULL, Object(Config\Cache), false)
#2 C:\xampp\htdocs\Haberles\index.php(37): CodeIgniter\CodeIgniter->run()
#3 {main}
CRITICAL - 2022-05-25 10:25:41 --> syntax error, unexpected 'if' (T_IF)
#0 C:\xampp\htdocs\Haberles\system\CodeIgniter.php(368): CodeIgniter\CodeIgniter->tryToRouteIt(NULL)
#1 C:\xampp\htdocs\Haberles\system\CodeIgniter.php(326): CodeIgniter\CodeIgniter->handleRequest(NULL, Object(Config\Cache), false)
#2 C:\xampp\htdocs\Haberles\index.php(37): CodeIgniter\CodeIgniter->run()
#3 {main}
CRITICAL - 2022-05-25 10:25:42 --> syntax error, unexpected 'if' (T_IF)
#0 C:\xampp\htdocs\Haberles\system\CodeIgniter.php(368): CodeIgniter\CodeIgniter->tryToRouteIt(NULL)
#1 C:\xampp\htdocs\Haberles\system\CodeIgniter.php(326): CodeIgniter\CodeIgniter->handleRequest(NULL, Object(Config\Cache), false)
#2 C:\xampp\htdocs\Haberles\index.php(37): CodeIgniter\CodeIgniter->run()
#3 {main}
CRITICAL - 2022-05-25 10:25:42 --> syntax error, unexpected 'if' (T_IF)
#0 C:\xampp\htdocs\Haberles\system\CodeIgniter.php(368): CodeIgniter\CodeIgniter->tryToRouteIt(NULL)
#1 C:\xampp\htdocs\Haberles\system\CodeIgniter.php(326): CodeIgniter\CodeIgniter->handleRequest(NULL, Object(Config\Cache), false)
#2 C:\xampp\htdocs\Haberles\index.php(37): CodeIgniter\CodeIgniter->run()
#3 {main}
CRITICAL - 2022-05-25 10:33:12 --> Invalid file: index.php
#0 C:\xampp\htdocs\Haberles\system\View\View.php(198): CodeIgniter\Exceptions\FrameworkException::forInvalidFile('index.php')
#1 C:\xampp\htdocs\Haberles\system\Common.php(1089): CodeIgniter\View\View->render('index', Array, true)
#2 C:\xampp\htdocs\Haberles\app\Controllers\Usuario_controller.php(78): view('index')
#3 C:\xampp\htdocs\Haberles\system\CodeIgniter.php(832): App\Controllers\Usuario_controller->logout()
#4 C:\xampp\htdocs\Haberles\system\CodeIgniter.php(419): CodeIgniter\CodeIgniter->runController(Object(App\Controllers\Usuario_controller))
#5 C:\xampp\htdocs\Haberles\system\CodeIgniter.php(326): CodeIgniter\CodeIgniter->handleRequest(NULL, Object(Config\Cache), false)
#6 C:\xampp\htdocs\Haberles\index.php(37): CodeIgniter\CodeIgniter->run()
#7 {main}
CRITICAL - 2022-05-25 10:34:56 --> Invalid file: /.php
#0 C:\xampp\htdocs\Haberles\system\View\View.php(198): CodeIgniter\Exceptions\FrameworkException::forInvalidFile('/.php')
#1 C:\xampp\htdocs\Haberles\system\Common.php(1089): CodeIgniter\View\View->render('/', Array, true)
#2 C:\xampp\htdocs\Haberles\app\Controllers\Usuario_controller.php(78): view('/')
#3 C:\xampp\htdocs\Haberles\system\CodeIgniter.php(832): App\Controllers\Usuario_controller->logout()
#4 C:\xampp\htdocs\Haberles\system\CodeIgniter.php(419): CodeIgniter\CodeIgniter->runController(Object(App\Controllers\Usuario_controller))
#5 C:\xampp\htdocs\Haberles\system\CodeIgniter.php(326): CodeIgniter\CodeIgniter->handleRequest(NULL, Object(Config\Cache), false)
#6 C:\xampp\htdocs\Haberles\index.php(37): CodeIgniter\CodeIgniter->run()
#7 {main}
CRITICAL - 2022-05-25 10:35:34 --> Invalid file: /index.php
#0 C:\xampp\htdocs\Haberles\system\View\View.php(198): CodeIgniter\Exceptions\FrameworkException::forInvalidFile('/index.php')
#1 C:\xampp\htdocs\Haberles\system\Common.php(1089): CodeIgniter\View\View->render('/index', Array, true)
#2 C:\xampp\htdocs\Haberles\app\Controllers\Usuario_controller.php(78): view('/index')
#3 C:\xampp\htdocs\Haberles\system\CodeIgniter.php(832): App\Controllers\Usuario_controller->logout()
#4 C:\xampp\htdocs\Haberles\system\CodeIgniter.php(419): CodeIgniter\CodeIgniter->runController(Object(App\Controllers\Usuario_controller))
#5 C:\xampp\htdocs\Haberles\system\CodeIgniter.php(326): CodeIgniter\CodeIgniter->handleRequest(NULL, Object(Config\Cache), false)
#6 C:\xampp\htdocs\Haberles\index.php(37): CodeIgniter\CodeIgniter->run()
#7 {main}
CRITICAL - 2022-05-25 10:35:35 --> Invalid file: /index.php
#0 C:\xampp\htdocs\Haberles\system\View\View.php(198): CodeIgniter\Exceptions\FrameworkException::forInvalidFile('/index.php')
#1 C:\xampp\htdocs\Haberles\system\Common.php(1089): CodeIgniter\View\View->render('/index', Array, true)
#2 C:\xampp\htdocs\Haberles\app\Controllers\Usuario_controller.php(78): view('/index')
#3 C:\xampp\htdocs\Haberles\system\CodeIgniter.php(832): App\Controllers\Usuario_controller->logout()
#4 C:\xampp\htdocs\Haberles\system\CodeIgniter.php(419): CodeIgniter\CodeIgniter->runController(Object(App\Controllers\Usuario_controller))
#5 C:\xampp\htdocs\Haberles\system\CodeIgniter.php(326): CodeIgniter\CodeIgniter->handleRequest(NULL, Object(Config\Cache), false)
#6 C:\xampp\htdocs\Haberles\index.php(37): CodeIgniter\CodeIgniter->run()
#7 {main}
CRITICAL - 2022-05-25 10:35:35 --> Invalid file: /index.php
#0 C:\xampp\htdocs\Haberles\system\View\View.php(198): CodeIgniter\Exceptions\FrameworkException::forInvalidFile('/index.php')
#1 C:\xampp\htdocs\Haberles\system\Common.php(1089): CodeIgniter\View\View->render('/index', Array, true)
#2 C:\xampp\htdocs\Haberles\app\Controllers\Usuario_controller.php(78): view('/index')
#3 C:\xampp\htdocs\Haberles\system\CodeIgniter.php(832): App\Controllers\Usuario_controller->logout()
#4 C:\xampp\htdocs\Haberles\system\CodeIgniter.php(419): CodeIgniter\CodeIgniter->runController(Object(App\Controllers\Usuario_controller))
#5 C:\xampp\htdocs\Haberles\system\CodeIgniter.php(326): CodeIgniter\CodeIgniter->handleRequest(NULL, Object(Config\Cache), false)
#6 C:\xampp\htdocs\Haberles\index.php(37): CodeIgniter\CodeIgniter->run()
#7 {main}
CRITICAL - 2022-05-25 10:35:36 --> Invalid file: /index.php
#0 C:\xampp\htdocs\Haberles\system\View\View.php(198): CodeIgniter\Exceptions\FrameworkException::forInvalidFile('/index.php')
#1 C:\xampp\htdocs\Haberles\system\Common.php(1089): CodeIgniter\View\View->render('/index', Array, true)
#2 C:\xampp\htdocs\Haberles\app\Controllers\Usuario_controller.php(78): view('/index')
#3 C:\xampp\htdocs\Haberles\system\CodeIgniter.php(832): App\Controllers\Usuario_controller->logout()
#4 C:\xampp\htdocs\Haberles\system\CodeIgniter.php(419): CodeIgniter\CodeIgniter->runController(Object(App\Controllers\Usuario_controller))
#5 C:\xampp\htdocs\Haberles\system\CodeIgniter.php(326): CodeIgniter\CodeIgniter->handleRequest(NULL, Object(Config\Cache), false)
#6 C:\xampp\htdocs\Haberles\index.php(37): CodeIgniter\CodeIgniter->run()
#7 {main}
CRITICAL - 2022-05-25 10:35:36 --> Invalid file: /index.php
#0 C:\xampp\htdocs\Haberles\system\View\View.php(198): CodeIgniter\Exceptions\FrameworkException::forInvalidFile('/index.php')
#1 C:\xampp\htdocs\Haberles\system\Common.php(1089): CodeIgniter\View\View->render('/index', Array, true)
#2 C:\xampp\htdocs\Haberles\app\Controllers\Usuario_controller.php(78): view('/index')
#3 C:\xampp\htdocs\Haberles\system\CodeIgniter.php(832): App\Controllers\Usuario_controller->logout()
#4 C:\xampp\htdocs\Haberles\system\CodeIgniter.php(419): CodeIgniter\CodeIgniter->runController(Object(App\Controllers\Usuario_controller))
#5 C:\xampp\htdocs\Haberles\system\CodeIgniter.php(326): CodeIgniter\CodeIgniter->handleRequest(NULL, Object(Config\Cache), false)
#6 C:\xampp\htdocs\Haberles\index.php(37): CodeIgniter\CodeIgniter->run()
#7 {main}
CRITICAL - 2022-05-25 10:35:36 --> Invalid file: /index.php
#0 C:\xampp\htdocs\Haberles\system\View\View.php(198): CodeIgniter\Exceptions\FrameworkException::forInvalidFile('/index.php')
#1 C:\xampp\htdocs\Haberles\system\Common.php(1089): CodeIgniter\View\View->render('/index', Array, true)
#2 C:\xampp\htdocs\Haberles\app\Controllers\Usuario_controller.php(78): view('/index')
#3 C:\xampp\htdocs\Haberles\system\CodeIgniter.php(832): App\Controllers\Usuario_controller->logout()
#4 C:\xampp\htdocs\Haberles\system\CodeIgniter.php(419): CodeIgniter\CodeIgniter->runController(Object(App\Controllers\Usuario_controller))
#5 C:\xampp\htdocs\Haberles\system\CodeIgniter.php(326): CodeIgniter\CodeIgniter->handleRequest(NULL, Object(Config\Cache), false)
#6 C:\xampp\htdocs\Haberles\index.php(37): CodeIgniter\CodeIgniter->run()
#7 {main}
CRITICAL - 2022-05-25 10:35:36 --> Invalid file: /index.php
#0 C:\xampp\htdocs\Haberles\system\View\View.php(198): CodeIgniter\Exceptions\FrameworkException::forInvalidFile('/index.php')
#1 C:\xampp\htdocs\Haberles\system\Common.php(1089): CodeIgniter\View\View->render('/index', Array, true)
#2 C:\xampp\htdocs\Haberles\app\Controllers\Usuario_controller.php(78): view('/index')
#3 C:\xampp\htdocs\Haberles\system\CodeIgniter.php(832): App\Controllers\Usuario_controller->logout()
#4 C:\xampp\htdocs\Haberles\system\CodeIgniter.php(419): CodeIgniter\CodeIgniter->runController(Object(App\Controllers\Usuario_controller))
#5 C:\xampp\htdocs\Haberles\system\CodeIgniter.php(326): CodeIgniter\CodeIgniter->handleRequest(NULL, Object(Config\Cache), false)
#6 C:\xampp\htdocs\Haberles\index.php(37): CodeIgniter\CodeIgniter->run()
#7 {main}
CRITICAL - 2022-05-25 10:35:36 --> Invalid file: /index.php
#0 C:\xampp\htdocs\Haberles\system\View\View.php(198): CodeIgniter\Exceptions\FrameworkException::forInvalidFile('/index.php')
#1 C:\xampp\htdocs\Haberles\system\Common.php(1089): CodeIgniter\View\View->render('/index', Array, true)
#2 C:\xampp\htdocs\Haberles\app\Controllers\Usuario_controller.php(78): view('/index')
#3 C:\xampp\htdocs\Haberles\system\CodeIgniter.php(832): App\Controllers\Usuario_controller->logout()
#4 C:\xampp\htdocs\Haberles\system\CodeIgniter.php(419): CodeIgniter\CodeIgniter->runController(Object(App\Controllers\Usuario_controller))
#5 C:\xampp\htdocs\Haberles\system\CodeIgniter.php(326): CodeIgniter\CodeIgniter->handleRequest(NULL, Object(Config\Cache), false)
#6 C:\xampp\htdocs\Haberles\index.php(37): CodeIgniter\CodeIgniter->run()
#7 {main}
CRITICAL - 2022-05-25 10:35:36 --> Invalid file: /index.php
#0 C:\xampp\htdocs\Haberles\system\View\View.php(198): CodeIgniter\Exceptions\FrameworkException::forInvalidFile('/index.php')
#1 C:\xampp\htdocs\Haberles\system\Common.php(1089): CodeIgniter\View\View->render('/index', Array, true)
#2 C:\xampp\htdocs\Haberles\app\Controllers\Usuario_controller.php(78): view('/index')
#3 C:\xampp\htdocs\Haberles\system\CodeIgniter.php(832): App\Controllers\Usuario_controller->logout()
#4 C:\xampp\htdocs\Haberles\system\CodeIgniter.php(419): CodeIgniter\CodeIgniter->runController(Object(App\Controllers\Usuario_controller))
#5 C:\xampp\htdocs\Haberles\system\CodeIgniter.php(326): CodeIgniter\CodeIgniter->handleRequest(NULL, Object(Config\Cache), false)
#6 C:\xampp\htdocs\Haberles\index.php(37): CodeIgniter\CodeIgniter->run()
#7 {main}
CRITICAL - 2022-05-25 20:14:44 --> Undefined variable: datos
#0 C:\xampp\htdocs\Haberles\app\Controllers\Usuario_controller.php(16): CodeIgniter\Debug\Exceptions->errorHandler(8, 'Undefined varia...', 'C:\\xampp\\htdocs...', 16, Array)
#1 C:\xampp\htdocs\Haberles\system\CodeIgniter.php(832): App\Controllers\Usuario_controller->registro()
#2 C:\xampp\htdocs\Haberles\system\CodeIgniter.php(419): CodeIgniter\CodeIgniter->runController(Object(App\Controllers\Usuario_controller))
#3 C:\xampp\htdocs\Haberles\system\CodeIgniter.php(326): CodeIgniter\CodeIgniter->handleRequest(NULL, Object(Config\Cache), false)
#4 C:\xampp\htdocs\Haberles\index.php(37): CodeIgniter\CodeIgniter->run()
#5 {main}
CRITICAL - 2022-05-25 20:16:45 --> Undefined index: id_usuario
#0 C:\xampp\htdocs\Haberles\app\Controllers\Usuario_controller.php(16): CodeIgniter\Debug\Exceptions->errorHandler(8, 'Undefined index...', 'C:\\xampp\\htdocs...', 16, Array)
#1 C:\xampp\htdocs\Haberles\system\CodeIgniter.php(832): App\Controllers\Usuario_controller->registro()
#2 C:\xampp\htdocs\Haberles\system\CodeIgniter.php(419): CodeIgniter\CodeIgniter->runController(Object(App\Controllers\Usuario_controller))
#3 C:\xampp\htdocs\Haberles\system\CodeIgniter.php(326): CodeIgniter\CodeIgniter->handleRequest(NULL, Object(Config\Cache), false)
#4 C:\xampp\htdocs\Haberles\index.php(37): CodeIgniter\CodeIgniter->run()
#5 {main}
