CRITICAL - 2022-06-10 01:12:33 --> Undefined variable $i
#0 C:\xampp\htdocs\Haberles\app\Views\productos.php(45): CodeIgniter\Debug\Exceptions->errorHandler(2, 'Undefined varia...', 'C:\\xampp\\htdocs...', 45)
#1 C:\xampp\htdocs\Haberles\system\View\View.php(210): include('C:\\xampp\\htdocs...')
#2 C:\xampp\htdocs\Haberles\system\View\View.php(213): CodeIgniter\View\View->CodeIgniter\View\{closure}()
#3 C:\xampp\htdocs\Haberles\system\Common.php(1089): CodeIgniter\View\View->render('productos', Array, true)
#4 C:\xampp\htdocs\Haberles\app\Controllers\Productos_controller.php(155): view('productos', Array)
#5 C:\xampp\htdocs\Haberles\system\CodeIgniter.php(832): App\Controllers\Productos_Controller->catalogoProductos()
#6 C:\xampp\htdocs\Haberles\system\CodeIgniter.php(419): CodeIgniter\CodeIgniter->runController(Object(App\Controllers\Productos_Controller))
#7 C:\xampp\htdocs\Haberles\system\CodeIgniter.php(326): CodeIgniter\CodeIgniter->handleRequest(NULL, Object(Config\Cache), false)
#8 C:\xampp\htdocs\Haberles\index.php(37): CodeIgniter\CodeIgniter->run()
#9 {main}
CRITICAL - 2022-06-10 01:13:05 --> Unmatched ')'
#0 C:\xampp\htdocs\Haberles\system\View\View.php(213): CodeIgniter\View\View->CodeIgniter\View\{closure}()
#1 C:\xampp\htdocs\Haberles\system\Common.php(1089): CodeIgniter\View\View->render('productos', Array, true)
#2 C:\xampp\htdocs\Haberles\app\Controllers\Productos_controller.php(155): view('productos', Array)
#3 C:\xampp\htdocs\Haberles\system\CodeIgniter.php(832): App\Controllers\Productos_Controller->catalogoProductos()
#4 C:\xampp\htdocs\Haberles\system\CodeIgniter.php(419): CodeIgniter\CodeIgniter->runController(Object(App\Controllers\Productos_Controller))
#5 C:\xampp\htdocs\Haberles\system\CodeIgniter.php(326): CodeIgniter\CodeIgniter->handleRequest(NULL, Object(Config\Cache), false)
#6 C:\xampp\htdocs\Haberles\index.php(37): CodeIgniter\CodeIgniter->run()
#7 {main}
CRITICAL - 2022-06-10 01:13:05 --> Unmatched ')'
#0 C:\xampp\htdocs\Haberles\system\View\View.php(213): CodeIgniter\View\View->CodeIgniter\View\{closure}()
#1 C:\xampp\htdocs\Haberles\system\Common.php(1089): CodeIgniter\View\View->render('productos', Array, true)
#2 C:\xampp\htdocs\Haberles\app\Controllers\Productos_controller.php(155): view('productos', Array)
#3 C:\xampp\htdocs\Haberles\system\CodeIgniter.php(832): App\Controllers\Productos_Controller->catalogoProductos()
#4 C:\xampp\htdocs\Haberles\system\CodeIgniter.php(419): CodeIgniter\CodeIgniter->runController(Object(App\Controllers\Productos_Controller))
#5 C:\xampp\htdocs\Haberles\system\CodeIgniter.php(326): CodeIgniter\CodeIgniter->handleRequest(NULL, Object(Config\Cache), false)
#6 C:\xampp\htdocs\Haberles\index.php(37): CodeIgniter\CodeIgniter->run()
#7 {main}
CRITICAL - 2022-06-10 01:26:14 --> Undefined global variable $_SESSION
#0 C:\xampp\htdocs\Haberles\app\Views\nav_encabezado.php(5): CodeIgniter\Debug\Exceptions->errorHandler(2, 'Undefined globa...', 'C:\\xampp\\htdocs...', 5)
#1 C:\xampp\htdocs\Haberles\system\View\View.php(210): include('C:\\xampp\\htdocs...')
#2 C:\xampp\htdocs\Haberles\system\View\View.php(213): CodeIgniter\View\View->CodeIgniter\View\{closure}()
#3 C:\xampp\htdocs\Haberles\system\Common.php(1089): CodeIgniter\View\View->render('nav_encabezado', Array, true)
#4 C:\xampp\htdocs\Haberles\app\Controllers\Productos_controller.php(154): view('nav_encabezado')
#5 C:\xampp\htdocs\Haberles\system\CodeIgniter.php(832): App\Controllers\Productos_Controller->catalogoProductos()
#6 C:\xampp\htdocs\Haberles\system\CodeIgniter.php(419): CodeIgniter\CodeIgniter->runController(Object(App\Controllers\Productos_Controller))
#7 C:\xampp\htdocs\Haberles\system\CodeIgniter.php(326): CodeIgniter\CodeIgniter->handleRequest(NULL, Object(Config\Cache), false)
#8 C:\xampp\htdocs\Haberles\index.php(37): CodeIgniter\CodeIgniter->run()
#9 {main}
CRITICAL - 2022-06-10 01:26:14 --> Undefined global variable $_SESSION
#0 C:\xampp\htdocs\Haberles\app\Views\nav_encabezado.php(5): CodeIgniter\Debug\Exceptions->errorHandler(2, 'Undefined globa...', 'C:\\xampp\\htdocs...', 5)
#1 C:\xampp\htdocs\Haberles\system\View\View.php(210): include('C:\\xampp\\htdocs...')
#2 C:\xampp\htdocs\Haberles\system\View\View.php(213): CodeIgniter\View\View->CodeIgniter\View\{closure}()
#3 C:\xampp\htdocs\Haberles\system\Common.php(1089): CodeIgniter\View\View->render('nav_encabezado', Array, true)
#4 C:\xampp\htdocs\Haberles\app\Controllers\Productos_controller.php(154): view('nav_encabezado')
#5 C:\xampp\htdocs\Haberles\system\CodeIgniter.php(832): App\Controllers\Productos_Controller->catalogoProductos()
#6 C:\xampp\htdocs\Haberles\system\CodeIgniter.php(419): CodeIgniter\CodeIgniter->runController(Object(App\Controllers\Productos_Controller))
#7 C:\xampp\htdocs\Haberles\system\CodeIgniter.php(326): CodeIgniter\CodeIgniter->handleRequest(NULL, Object(Config\Cache), false)
#8 C:\xampp\htdocs\Haberles\index.php(37): CodeIgniter\CodeIgniter->run()
#9 {main}
CRITICAL - 2022-06-10 01:26:29 --> Undefined array key "carrito"
#0 C:\xampp\htdocs\Haberles\app\Views\nav_encabezado.php(5): CodeIgniter\Debug\Exceptions->errorHandler(2, 'Undefined array...', 'C:\\xampp\\htdocs...', 5)
#1 C:\xampp\htdocs\Haberles\system\View\View.php(210): include('C:\\xampp\\htdocs...')
#2 C:\xampp\htdocs\Haberles\system\View\View.php(213): CodeIgniter\View\View->CodeIgniter\View\{closure}()
#3 C:\xampp\htdocs\Haberles\system\Common.php(1089): CodeIgniter\View\View->render('nav_encabezado', Array, true)
#4 C:\xampp\htdocs\Haberles\app\Controllers\Carrito_controller.php(30): view('nav_encabezado')
#5 C:\xampp\htdocs\Haberles\system\CodeIgniter.php(832): App\Controllers\Carrito_controller->panel_carrito()
#6 C:\xampp\htdocs\Haberles\system\CodeIgniter.php(419): CodeIgniter\CodeIgniter->runController(Object(App\Controllers\Carrito_controller))
#7 C:\xampp\htdocs\Haberles\system\CodeIgniter.php(326): CodeIgniter\CodeIgniter->handleRequest(NULL, Object(Config\Cache), false)
#8 C:\xampp\htdocs\Haberles\index.php(37): CodeIgniter\CodeIgniter->run()
#9 {main}
CRITICAL - 2022-06-10 01:26:33 --> Undefined global variable $_SESSION
#0 C:\xampp\htdocs\Haberles\app\Views\nav_encabezado.php(5): CodeIgniter\Debug\Exceptions->errorHandler(2, 'Undefined globa...', 'C:\\xampp\\htdocs...', 5)
#1 C:\xampp\htdocs\Haberles\system\View\View.php(210): include('C:\\xampp\\htdocs...')
#2 C:\xampp\htdocs\Haberles\system\View\View.php(213): CodeIgniter\View\View->CodeIgniter\View\{closure}()
#3 C:\xampp\htdocs\Haberles\system\Common.php(1089): CodeIgniter\View\View->render('nav_encabezado', Array, true)
#4 C:\xampp\htdocs\Haberles\app\Controllers\Home.php(11): view('nav_encabezado')
#5 C:\xampp\htdocs\Haberles\system\CodeIgniter.php(832): App\Controllers\Home->index()
#6 C:\xampp\htdocs\Haberles\system\CodeIgniter.php(419): CodeIgniter\CodeIgniter->runController(Object(App\Controllers\Home))
#7 C:\xampp\htdocs\Haberles\system\CodeIgniter.php(326): CodeIgniter\CodeIgniter->handleRequest(NULL, Object(Config\Cache), false)
#8 C:\xampp\htdocs\Haberles\index.php(37): CodeIgniter\CodeIgniter->run()
#9 {main}
CRITICAL - 2022-06-10 01:29:14 --> Can't use function return value in write context
#0 [internal function]: CodeIgniter\Debug\Exceptions->shutdownHandler()
#1 {main}
CRITICAL - 2022-06-10 01:29:14 --> Can't use function return value in write context
#0 [internal function]: CodeIgniter\Debug\Exceptions->shutdownHandler()
#1 {main}
CRITICAL - 2022-06-10 01:30:35 --> Can't use function return value in write context
#0 [internal function]: CodeIgniter\Debug\Exceptions->shutdownHandler()
#1 {main}
CRITICAL - 2022-06-10 01:30:36 --> Can't use function return value in write context
#0 [internal function]: CodeIgniter\Debug\Exceptions->shutdownHandler()
#1 {main}
CRITICAL - 2022-06-10 01:32:18 --> Can't use function return value in write context
#0 [internal function]: CodeIgniter\Debug\Exceptions->shutdownHandler()
#1 {main}
CRITICAL - 2022-06-10 20:56:42 -->  route cannot be found while reverse-routing.
#0 C:\xampp\htdocs\Haberles\system\HTTP\RedirectResponse.php(56): CodeIgniter\HTTP\Exceptions\HTTPException::forInvalidRedirectRoute('')
#1 C:\xampp\htdocs\Haberles\app\Controllers\Consultas_controller.php(30): CodeIgniter\HTTP\RedirectResponse->route(false)
#2 C:\xampp\htdocs\Haberles\system\CodeIgniter.php(832): App\Controllers\Consultas_controller->nueva_consulta()
#3 C:\xampp\htdocs\Haberles\system\CodeIgniter.php(419): CodeIgniter\CodeIgniter->runController(Object(App\Controllers\Consultas_controller))
#4 C:\xampp\htdocs\Haberles\system\CodeIgniter.php(326): CodeIgniter\CodeIgniter->handleRequest(NULL, Object(Config\Cache), false)
#5 C:\xampp\htdocs\Haberles\index.php(37): CodeIgniter\CodeIgniter->run()
#6 {main}
ERROR - 2022-06-10 20:57:49 --> You have an error in your SQL syntax; check the manual that corresponds to your MariaDB server version for the right syntax to use near 'IS NULL' at line 3
CRITICAL - 2022-06-10 20:57:49 --> You have an error in your SQL syntax; check the manual that corresponds to your MariaDB server version for the right syntax to use near 'IS NULL' at line 3
#0 C:\xampp\htdocs\Haberles\system\Database\MySQLi\Connection.php(292): mysqli->query('SELECT *\nFROM `...', 0)
#1 C:\xampp\htdocs\Haberles\system\Database\BaseConnection.php(670): CodeIgniter\Database\MySQLi\Connection->execute('SELECT *\nFROM `...')
#2 C:\xampp\htdocs\Haberles\system\Database\BaseConnection.php(598): CodeIgniter\Database\BaseConnection->simpleQuery('SELECT *\nFROM `...')
#3 C:\xampp\htdocs\Haberles\system\Database\BaseBuilder.php(1455): CodeIgniter\Database\BaseConnection->query('SELECT *\nFROM `...', Array, false)
#4 C:\xampp\htdocs\Haberles\system\Model.php(183): CodeIgniter\Database\BaseBuilder->get()
#5 C:\xampp\htdocs\Haberles\system\BaseModel.php(584): CodeIgniter\Model->doFindAll(0, 0)
#6 C:\xampp\htdocs\Haberles\app\Controllers\Consultas_controller.php(10): CodeIgniter\BaseModel->findAll()
#7 C:\xampp\htdocs\Haberles\system\CodeIgniter.php(832): App\Controllers\Consultas_controller->panel_consultas()
#8 C:\xampp\htdocs\Haberles\system\CodeIgniter.php(419): CodeIgniter\CodeIgniter->runController(Object(App\Controllers\Consultas_controller))
#9 C:\xampp\htdocs\Haberles\system\CodeIgniter.php(326): CodeIgniter\CodeIgniter->handleRequest(NULL, Object(Config\Cache), false)
#10 C:\xampp\htdocs\Haberles\index.php(37): CodeIgniter\CodeIgniter->run()
#11 {main}
ERROR - 2022-06-10 21:24:07 --> You have an error in your SQL syntax; check the manual that corresponds to your MariaDB server version for the right syntax to use near 'IS NULL' at line 3
CRITICAL - 2022-06-10 21:24:07 --> You have an error in your SQL syntax; check the manual that corresponds to your MariaDB server version for the right syntax to use near 'IS NULL' at line 3
#0 C:\xampp\htdocs\Haberles\system\Database\MySQLi\Connection.php(292): mysqli->query('SELECT *\nFROM `...', 0)
#1 C:\xampp\htdocs\Haberles\system\Database\BaseConnection.php(670): CodeIgniter\Database\MySQLi\Connection->execute('SELECT *\nFROM `...')
#2 C:\xampp\htdocs\Haberles\system\Database\BaseConnection.php(598): CodeIgniter\Database\BaseConnection->simpleQuery('SELECT *\nFROM `...')
#3 C:\xampp\htdocs\Haberles\system\Database\BaseBuilder.php(1455): CodeIgniter\Database\BaseConnection->query('SELECT *\nFROM `...', Array, false)
#4 C:\xampp\htdocs\Haberles\system\Model.php(183): CodeIgniter\Database\BaseBuilder->get()
#5 C:\xampp\htdocs\Haberles\system\BaseModel.php(584): CodeIgniter\Model->doFindAll(0, 0)
#6 C:\xampp\htdocs\Haberles\app\Controllers\Consultas_controller.php(10): CodeIgniter\BaseModel->findAll()
#7 C:\xampp\htdocs\Haberles\system\CodeIgniter.php(832): App\Controllers\Consultas_controller->panel_consultas()
#8 C:\xampp\htdocs\Haberles\system\CodeIgniter.php(419): CodeIgniter\CodeIgniter->runController(Object(App\Controllers\Consultas_controller))
#9 C:\xampp\htdocs\Haberles\system\CodeIgniter.php(326): CodeIgniter\CodeIgniter->handleRequest(NULL, Object(Config\Cache), false)
#10 C:\xampp\htdocs\Haberles\index.php(37): CodeIgniter\CodeIgniter->run()
#11 {main}
ERROR - 2022-06-10 21:25:05 --> You have an error in your SQL syntax; check the manual that corresponds to your MariaDB server version for the right syntax to use near 'IS NULL' at line 3
CRITICAL - 2022-06-10 21:25:05 --> You have an error in your SQL syntax; check the manual that corresponds to your MariaDB server version for the right syntax to use near 'IS NULL' at line 3
#0 C:\xampp\htdocs\Haberles\system\Database\MySQLi\Connection.php(292): mysqli->query('SELECT *\nFROM `...', 0)
#1 C:\xampp\htdocs\Haberles\system\Database\BaseConnection.php(670): CodeIgniter\Database\MySQLi\Connection->execute('SELECT *\nFROM `...')
#2 C:\xampp\htdocs\Haberles\system\Database\BaseConnection.php(598): CodeIgniter\Database\BaseConnection->simpleQuery('SELECT *\nFROM `...')
#3 C:\xampp\htdocs\Haberles\system\Database\BaseBuilder.php(1455): CodeIgniter\Database\BaseConnection->query('SELECT *\nFROM `...', Array, false)
#4 C:\xampp\htdocs\Haberles\system\Model.php(183): CodeIgniter\Database\BaseBuilder->get()
#5 C:\xampp\htdocs\Haberles\system\BaseModel.php(584): CodeIgniter\Model->doFindAll(0, 0)
#6 C:\xampp\htdocs\Haberles\app\Controllers\Consultas_controller.php(10): CodeIgniter\BaseModel->findAll()
#7 C:\xampp\htdocs\Haberles\system\CodeIgniter.php(832): App\Controllers\Consultas_controller->panel_consultas()
#8 C:\xampp\htdocs\Haberles\system\CodeIgniter.php(419): CodeIgniter\CodeIgniter->runController(Object(App\Controllers\Consultas_controller))
#9 C:\xampp\htdocs\Haberles\system\CodeIgniter.php(326): CodeIgniter\CodeIgniter->handleRequest(NULL, Object(Config\Cache), false)
#10 C:\xampp\htdocs\Haberles\index.php(37): CodeIgniter\CodeIgniter->run()
#11 {main}
CRITICAL - 2022-06-10 21:26:31 --> Undefined array key "id_producto"
#0 C:\xampp\htdocs\Haberles\app\Views\back\productos\panel_productos.php(43): CodeIgniter\Debug\Exceptions->errorHandler(2, 'Undefined array...', 'C:\\xampp\\htdocs...', 43)
#1 C:\xampp\htdocs\Haberles\system\View\View.php(210): include('C:\\xampp\\htdocs...')
#2 C:\xampp\htdocs\Haberles\system\View\View.php(213): CodeIgniter\View\View->CodeIgniter\View\{closure}()
#3 C:\xampp\htdocs\Haberles\system\Common.php(1089): CodeIgniter\View\View->render('back/productos/...', Array, true)
#4 C:\xampp\htdocs\Haberles\app\Controllers\Consultas_controller.php(15): view('back/productos/...')
#5 C:\xampp\htdocs\Haberles\system\CodeIgniter.php(832): App\Controllers\Consultas_controller->panel_consultas()
#6 C:\xampp\htdocs\Haberles\system\CodeIgniter.php(419): CodeIgniter\CodeIgniter->runController(Object(App\Controllers\Consultas_controller))
#7 C:\xampp\htdocs\Haberles\system\CodeIgniter.php(326): CodeIgniter\CodeIgniter->handleRequest(NULL, Object(Config\Cache), false)
#8 C:\xampp\htdocs\Haberles\index.php(37): CodeIgniter\CodeIgniter->run()
#9 {main}
CRITICAL - 2022-06-10 21:28:44 --> Undefined array key "id_producto"
#0 C:\xampp\htdocs\Haberles\app\Views\back\productos\panel_productos.php(43): CodeIgniter\Debug\Exceptions->errorHandler(2, 'Undefined array...', 'C:\\xampp\\htdocs...', 43)
#1 C:\xampp\htdocs\Haberles\system\View\View.php(210): include('C:\\xampp\\htdocs...')
#2 C:\xampp\htdocs\Haberles\system\View\View.php(213): CodeIgniter\View\View->CodeIgniter\View\{closure}()
#3 C:\xampp\htdocs\Haberles\system\Common.php(1089): CodeIgniter\View\View->render('back/productos/...', Array, true)
#4 C:\xampp\htdocs\Haberles\app\Controllers\Consultas_controller.php(15): view('back/productos/...')
#5 C:\xampp\htdocs\Haberles\system\CodeIgniter.php(832): App\Controllers\Consultas_controller->panel_consultas()
#6 C:\xampp\htdocs\Haberles\system\CodeIgniter.php(419): CodeIgniter\CodeIgniter->runController(Object(App\Controllers\Consultas_controller))
#7 C:\xampp\htdocs\Haberles\system\CodeIgniter.php(326): CodeIgniter\CodeIgniter->handleRequest(NULL, Object(Config\Cache), false)
#8 C:\xampp\htdocs\Haberles\index.php(37): CodeIgniter\CodeIgniter->run()
#9 {main}
CRITICAL - 2022-06-10 21:37:24 --> Undefined array key "id_producto"
#0 C:\xampp\htdocs\Haberles\app\Views\back\productos\panel_productos.php(43): CodeIgniter\Debug\Exceptions->errorHandler(2, 'Undefined array...', 'C:\\xampp\\htdocs...', 43)
#1 C:\xampp\htdocs\Haberles\system\View\View.php(210): include('C:\\xampp\\htdocs...')
#2 C:\xampp\htdocs\Haberles\system\View\View.php(213): CodeIgniter\View\View->CodeIgniter\View\{closure}()
#3 C:\xampp\htdocs\Haberles\system\Common.php(1089): CodeIgniter\View\View->render('back/productos/...', Array, true)
#4 C:\xampp\htdocs\Haberles\app\Controllers\Consultas_controller.php(15): view('back/productos/...')
#5 C:\xampp\htdocs\Haberles\system\CodeIgniter.php(832): App\Controllers\Consultas_controller->panel_consultas()
#6 C:\xampp\htdocs\Haberles\system\CodeIgniter.php(419): CodeIgniter\CodeIgniter->runController(Object(App\Controllers\Consultas_controller))
#7 C:\xampp\htdocs\Haberles\system\CodeIgniter.php(326): CodeIgniter\CodeIgniter->handleRequest(NULL, Object(Config\Cache), false)
#8 C:\xampp\htdocs\Haberles\index.php(37): CodeIgniter\CodeIgniter->run()
#9 {main}
CRITICAL - 2022-06-10 21:37:24 --> Undefined array key "id_producto"
#0 C:\xampp\htdocs\Haberles\app\Views\back\productos\panel_productos.php(43): CodeIgniter\Debug\Exceptions->errorHandler(2, 'Undefined array...', 'C:\\xampp\\htdocs...', 43)
#1 C:\xampp\htdocs\Haberles\system\View\View.php(210): include('C:\\xampp\\htdocs...')
#2 C:\xampp\htdocs\Haberles\system\View\View.php(213): CodeIgniter\View\View->CodeIgniter\View\{closure}()
#3 C:\xampp\htdocs\Haberles\system\Common.php(1089): CodeIgniter\View\View->render('back/productos/...', Array, true)
#4 C:\xampp\htdocs\Haberles\app\Controllers\Consultas_controller.php(15): view('back/productos/...')
#5 C:\xampp\htdocs\Haberles\system\CodeIgniter.php(832): App\Controllers\Consultas_controller->panel_consultas()
#6 C:\xampp\htdocs\Haberles\system\CodeIgniter.php(419): CodeIgniter\CodeIgniter->runController(Object(App\Controllers\Consultas_controller))
#7 C:\xampp\htdocs\Haberles\system\CodeIgniter.php(326): CodeIgniter\CodeIgniter->handleRequest(NULL, Object(Config\Cache), false)
#8 C:\xampp\htdocs\Haberles\index.php(37): CodeIgniter\CodeIgniter->run()
#9 {main}
CRITICAL - 2022-06-10 21:37:24 --> Undefined array key "id_producto"
#0 C:\xampp\htdocs\Haberles\app\Views\back\productos\panel_productos.php(43): CodeIgniter\Debug\Exceptions->errorHandler(2, 'Undefined array...', 'C:\\xampp\\htdocs...', 43)
#1 C:\xampp\htdocs\Haberles\system\View\View.php(210): include('C:\\xampp\\htdocs...')
#2 C:\xampp\htdocs\Haberles\system\View\View.php(213): CodeIgniter\View\View->CodeIgniter\View\{closure}()
#3 C:\xampp\htdocs\Haberles\system\Common.php(1089): CodeIgniter\View\View->render('back/productos/...', Array, true)
#4 C:\xampp\htdocs\Haberles\app\Controllers\Consultas_controller.php(15): view('back/productos/...')
#5 C:\xampp\htdocs\Haberles\system\CodeIgniter.php(832): App\Controllers\Consultas_controller->panel_consultas()
#6 C:\xampp\htdocs\Haberles\system\CodeIgniter.php(419): CodeIgniter\CodeIgniter->runController(Object(App\Controllers\Consultas_controller))
#7 C:\xampp\htdocs\Haberles\system\CodeIgniter.php(326): CodeIgniter\CodeIgniter->handleRequest(NULL, Object(Config\Cache), false)
#8 C:\xampp\htdocs\Haberles\index.php(37): CodeIgniter\CodeIgniter->run()
#9 {main}
CRITICAL - 2022-06-10 21:37:25 --> Undefined array key "id_producto"
#0 C:\xampp\htdocs\Haberles\app\Views\back\productos\panel_productos.php(43): CodeIgniter\Debug\Exceptions->errorHandler(2, 'Undefined array...', 'C:\\xampp\\htdocs...', 43)
#1 C:\xampp\htdocs\Haberles\system\View\View.php(210): include('C:\\xampp\\htdocs...')
#2 C:\xampp\htdocs\Haberles\system\View\View.php(213): CodeIgniter\View\View->CodeIgniter\View\{closure}()
#3 C:\xampp\htdocs\Haberles\system\Common.php(1089): CodeIgniter\View\View->render('back/productos/...', Array, true)
#4 C:\xampp\htdocs\Haberles\app\Controllers\Consultas_controller.php(15): view('back/productos/...')
#5 C:\xampp\htdocs\Haberles\system\CodeIgniter.php(832): App\Controllers\Consultas_controller->panel_consultas()
#6 C:\xampp\htdocs\Haberles\system\CodeIgniter.php(419): CodeIgniter\CodeIgniter->runController(Object(App\Controllers\Consultas_controller))
#7 C:\xampp\htdocs\Haberles\system\CodeIgniter.php(326): CodeIgniter\CodeIgniter->handleRequest(NULL, Object(Config\Cache), false)
#8 C:\xampp\htdocs\Haberles\index.php(37): CodeIgniter\CodeIgniter->run()
#9 {main}
CRITICAL - 2022-06-10 21:37:28 --> Undefined array key "id_producto"
#0 C:\xampp\htdocs\Haberles\app\Views\back\productos\panel_productos.php(43): CodeIgniter\Debug\Exceptions->errorHandler(2, 'Undefined array...', 'C:\\xampp\\htdocs...', 43)
#1 C:\xampp\htdocs\Haberles\system\View\View.php(210): include('C:\\xampp\\htdocs...')
#2 C:\xampp\htdocs\Haberles\system\View\View.php(213): CodeIgniter\View\View->CodeIgniter\View\{closure}()
#3 C:\xampp\htdocs\Haberles\system\Common.php(1089): CodeIgniter\View\View->render('back/productos/...', Array, true)
#4 C:\xampp\htdocs\Haberles\app\Controllers\Consultas_controller.php(15): view('back/productos/...')
#5 C:\xampp\htdocs\Haberles\system\CodeIgniter.php(832): App\Controllers\Consultas_controller->panel_consultas()
#6 C:\xampp\htdocs\Haberles\system\CodeIgniter.php(419): CodeIgniter\CodeIgniter->runController(Object(App\Controllers\Consultas_controller))
#7 C:\xampp\htdocs\Haberles\system\CodeIgniter.php(326): CodeIgniter\CodeIgniter->handleRequest(NULL, Object(Config\Cache), false)
#8 C:\xampp\htdocs\Haberles\index.php(37): CodeIgniter\CodeIgniter->run()
#9 {main}
CRITICAL - 2022-06-10 21:37:28 --> Undefined array key "id_producto"
#0 C:\xampp\htdocs\Haberles\app\Views\back\productos\panel_productos.php(43): CodeIgniter\Debug\Exceptions->errorHandler(2, 'Undefined array...', 'C:\\xampp\\htdocs...', 43)
#1 C:\xampp\htdocs\Haberles\system\View\View.php(210): include('C:\\xampp\\htdocs...')
#2 C:\xampp\htdocs\Haberles\system\View\View.php(213): CodeIgniter\View\View->CodeIgniter\View\{closure}()
#3 C:\xampp\htdocs\Haberles\system\Common.php(1089): CodeIgniter\View\View->render('back/productos/...', Array, true)
#4 C:\xampp\htdocs\Haberles\app\Controllers\Consultas_controller.php(15): view('back/productos/...')
#5 C:\xampp\htdocs\Haberles\system\CodeIgniter.php(832): App\Controllers\Consultas_controller->panel_consultas()
#6 C:\xampp\htdocs\Haberles\system\CodeIgniter.php(419): CodeIgniter\CodeIgniter->runController(Object(App\Controllers\Consultas_controller))
#7 C:\xampp\htdocs\Haberles\system\CodeIgniter.php(326): CodeIgniter\CodeIgniter->handleRequest(NULL, Object(Config\Cache), false)
#8 C:\xampp\htdocs\Haberles\index.php(37): CodeIgniter\CodeIgniter->run()
#9 {main}
CRITICAL - 2022-06-10 21:37:28 --> Undefined array key "id_producto"
#0 C:\xampp\htdocs\Haberles\app\Views\back\productos\panel_productos.php(43): CodeIgniter\Debug\Exceptions->errorHandler(2, 'Undefined array...', 'C:\\xampp\\htdocs...', 43)
#1 C:\xampp\htdocs\Haberles\system\View\View.php(210): include('C:\\xampp\\htdocs...')
#2 C:\xampp\htdocs\Haberles\system\View\View.php(213): CodeIgniter\View\View->CodeIgniter\View\{closure}()
#3 C:\xampp\htdocs\Haberles\system\Common.php(1089): CodeIgniter\View\View->render('back/productos/...', Array, true)
#4 C:\xampp\htdocs\Haberles\app\Controllers\Consultas_controller.php(15): view('back/productos/...')
#5 C:\xampp\htdocs\Haberles\system\CodeIgniter.php(832): App\Controllers\Consultas_controller->panel_consultas()
#6 C:\xampp\htdocs\Haberles\system\CodeIgniter.php(419): CodeIgniter\CodeIgniter->runController(Object(App\Controllers\Consultas_controller))
#7 C:\xampp\htdocs\Haberles\system\CodeIgniter.php(326): CodeIgniter\CodeIgniter->handleRequest(NULL, Object(Config\Cache), false)
#8 C:\xampp\htdocs\Haberles\index.php(37): CodeIgniter\CodeIgniter->run()
#9 {main}
CRITICAL - 2022-06-10 21:37:28 --> Undefined array key "id_producto"
#0 C:\xampp\htdocs\Haberles\app\Views\back\productos\panel_productos.php(43): CodeIgniter\Debug\Exceptions->errorHandler(2, 'Undefined array...', 'C:\\xampp\\htdocs...', 43)
#1 C:\xampp\htdocs\Haberles\system\View\View.php(210): include('C:\\xampp\\htdocs...')
#2 C:\xampp\htdocs\Haberles\system\View\View.php(213): CodeIgniter\View\View->CodeIgniter\View\{closure}()
#3 C:\xampp\htdocs\Haberles\system\Common.php(1089): CodeIgniter\View\View->render('back/productos/...', Array, true)
#4 C:\xampp\htdocs\Haberles\app\Controllers\Consultas_controller.php(15): view('back/productos/...')
#5 C:\xampp\htdocs\Haberles\system\CodeIgniter.php(832): App\Controllers\Consultas_controller->panel_consultas()
#6 C:\xampp\htdocs\Haberles\system\CodeIgniter.php(419): CodeIgniter\CodeIgniter->runController(Object(App\Controllers\Consultas_controller))
#7 C:\xampp\htdocs\Haberles\system\CodeIgniter.php(326): CodeIgniter\CodeIgniter->handleRequest(NULL, Object(Config\Cache), false)
#8 C:\xampp\htdocs\Haberles\index.php(37): CodeIgniter\CodeIgniter->run()
#9 {main}
CRITICAL - 2022-06-10 21:37:51 --> Undefined array key "id_producto"
#0 C:\xampp\htdocs\Haberles\app\Views\back\productos\panel_productos.php(43): CodeIgniter\Debug\Exceptions->errorHandler(2, 'Undefined array...', 'C:\\xampp\\htdocs...', 43)
#1 C:\xampp\htdocs\Haberles\system\View\View.php(210): include('C:\\xampp\\htdocs...')
#2 C:\xampp\htdocs\Haberles\system\View\View.php(213): CodeIgniter\View\View->CodeIgniter\View\{closure}()
#3 C:\xampp\htdocs\Haberles\system\Common.php(1089): CodeIgniter\View\View->render('back/productos/...', Array, true)
#4 C:\xampp\htdocs\Haberles\app\Controllers\Consultas_controller.php(15): view('back/productos/...')
#5 C:\xampp\htdocs\Haberles\system\CodeIgniter.php(832): App\Controllers\Consultas_controller->panel_consultas()
#6 C:\xampp\htdocs\Haberles\system\CodeIgniter.php(419): CodeIgniter\CodeIgniter->runController(Object(App\Controllers\Consultas_controller))
#7 C:\xampp\htdocs\Haberles\system\CodeIgniter.php(326): CodeIgniter\CodeIgniter->handleRequest(NULL, Object(Config\Cache), false)
#8 C:\xampp\htdocs\Haberles\index.php(37): CodeIgniter\CodeIgniter->run()
#9 {main}
CRITICAL - 2022-06-10 21:41:06 --> Undefined variable $consultas
#0 C:\xampp\htdocs\Haberles\app\Views\back\consultas\panel_consultas.php(17): CodeIgniter\Debug\Exceptions->errorHandler(2, 'Undefined varia...', 'C:\\xampp\\htdocs...', 17)
#1 C:\xampp\htdocs\Haberles\system\View\View.php(210): include('C:\\xampp\\htdocs...')
#2 C:\xampp\htdocs\Haberles\system\View\View.php(213): CodeIgniter\View\View->CodeIgniter\View\{closure}()
#3 C:\xampp\htdocs\Haberles\system\Common.php(1089): CodeIgniter\View\View->render('back/consultas/...', Array, true)
#4 C:\xampp\htdocs\Haberles\app\Controllers\Consultas_controller.php(15): view('back/consultas/...')
#5 C:\xampp\htdocs\Haberles\system\CodeIgniter.php(832): App\Controllers\Consultas_controller->panel_consultas()
#6 C:\xampp\htdocs\Haberles\system\CodeIgniter.php(419): CodeIgniter\CodeIgniter->runController(Object(App\Controllers\Consultas_controller))
#7 C:\xampp\htdocs\Haberles\system\CodeIgniter.php(326): CodeIgniter\CodeIgniter->handleRequest(NULL, Object(Config\Cache), false)
#8 C:\xampp\htdocs\Haberles\index.php(37): CodeIgniter\CodeIgniter->run()
#9 {main}
CRITICAL - 2022-06-10 21:41:18 --> Undefined variable $consultas
#0 C:\xampp\htdocs\Haberles\app\Views\back\consultas\panel_consultas.php(17): CodeIgniter\Debug\Exceptions->errorHandler(2, 'Undefined varia...', 'C:\\xampp\\htdocs...', 17)
#1 C:\xampp\htdocs\Haberles\system\View\View.php(210): include('C:\\xampp\\htdocs...')
#2 C:\xampp\htdocs\Haberles\system\View\View.php(213): CodeIgniter\View\View->CodeIgniter\View\{closure}()
#3 C:\xampp\htdocs\Haberles\system\Common.php(1089): CodeIgniter\View\View->render('back/consultas/...', Array, true)
#4 C:\xampp\htdocs\Haberles\app\Controllers\Consultas_controller.php(15): view('back/consultas/...')
#5 C:\xampp\htdocs\Haberles\system\CodeIgniter.php(832): App\Controllers\Consultas_controller->panel_consultas()
#6 C:\xampp\htdocs\Haberles\system\CodeIgniter.php(419): CodeIgniter\CodeIgniter->runController(Object(App\Controllers\Consultas_controller))
#7 C:\xampp\htdocs\Haberles\system\CodeIgniter.php(326): CodeIgniter\CodeIgniter->handleRequest(NULL, Object(Config\Cache), false)
#8 C:\xampp\htdocs\Haberles\index.php(37): CodeIgniter\CodeIgniter->run()
#9 {main}
CRITICAL - 2022-06-10 21:57:50 --> Invalid file: back/consultas/contacto.php
#0 C:\xampp\htdocs\Haberles\system\View\View.php(198): CodeIgniter\Exceptions\FrameworkException::forInvalidFile('back/consultas/...')
#1 C:\xampp\htdocs\Haberles\system\Common.php(1089): CodeIgniter\View\View->render('back/consultas/...', Array, true)
#2 C:\xampp\htdocs\Haberles\app\Controllers\Consultas_controller.php(15): view('back/consultas/...')
#3 C:\xampp\htdocs\Haberles\system\CodeIgniter.php(832): App\Controllers\Consultas_controller->panel_consultas()
#4 C:\xampp\htdocs\Haberles\system\CodeIgniter.php(419): CodeIgniter\CodeIgniter->runController(Object(App\Controllers\Consultas_controller))
#5 C:\xampp\htdocs\Haberles\system\CodeIgniter.php(326): CodeIgniter\CodeIgniter->handleRequest(NULL, Object(Config\Cache), false)
#6 C:\xampp\htdocs\Haberles\index.php(37): CodeIgniter\CodeIgniter->run()
#7 {main}
CRITICAL - 2022-06-10 21:58:11 --> Invalid file: back/consultas/contacto.php
#0 C:\xampp\htdocs\Haberles\system\View\View.php(198): CodeIgniter\Exceptions\FrameworkException::forInvalidFile('back/consultas/...')
#1 C:\xampp\htdocs\Haberles\system\Common.php(1089): CodeIgniter\View\View->render('back/consultas/...', Array, true)
#2 C:\xampp\htdocs\Haberles\app\Controllers\Consultas_controller.php(15): view('back/consultas/...')
#3 C:\xampp\htdocs\Haberles\system\CodeIgniter.php(832): App\Controllers\Consultas_controller->panel_consultas()
#4 C:\xampp\htdocs\Haberles\system\CodeIgniter.php(419): CodeIgniter\CodeIgniter->runController(Object(App\Controllers\Consultas_controller))
#5 C:\xampp\htdocs\Haberles\system\CodeIgniter.php(326): CodeIgniter\CodeIgniter->handleRequest(NULL, Object(Config\Cache), false)
#6 C:\xampp\htdocs\Haberles\index.php(37): CodeIgniter\CodeIgniter->run()
#7 {main}
