CRITICAL - 2022-05-14 17:22:23 --> Undefined index: password
#0 C:\xampp\htdocs\Haberles\app\Controllers\Usuario_controller.php(9): CodeIgniter\Debug\Exceptions->errorHandler(8, 'Undefined index...', 'C:\\xampp\\htdocs...', 9, Array)
#1 C:\xampp\htdocs\Haberles\system\CodeIgniter.php(832): App\Controllers\Usuario_controller->registro()
#2 C:\xampp\htdocs\Haberles\system\CodeIgniter.php(419): CodeIgniter\CodeIgniter->runController(Object(App\Controllers\Usuario_controller))
#3 C:\xampp\htdocs\Haberles\system\CodeIgniter.php(326): CodeIgniter\CodeIgniter->handleRequest(NULL, Object(Config\Cache), false)
#4 C:\xampp\htdocs\Haberles\index.php(37): CodeIgniter\CodeIgniter->run()
#5 {main}
CRITICAL - 2022-05-14 17:23:25 --> Undefined index: password
#0 C:\xampp\htdocs\Haberles\app\Controllers\Usuario_controller.php(10): CodeIgniter\Debug\Exceptions->errorHandler(8, 'Undefined index...', 'C:\\xampp\\htdocs...', 10, Array)
#1 C:\xampp\htdocs\Haberles\system\CodeIgniter.php(832): App\Controllers\Usuario_controller->registro()
#2 C:\xampp\htdocs\Haberles\system\CodeIgniter.php(419): CodeIgniter\CodeIgniter->runController(Object(App\Controllers\Usuario_controller))
#3 C:\xampp\htdocs\Haberles\system\CodeIgniter.php(326): CodeIgniter\CodeIgniter->handleRequest(NULL, Object(Config\Cache), false)
#4 C:\xampp\htdocs\Haberles\index.php(37): CodeIgniter\CodeIgniter->run()
#5 {main}
ERROR - 2022-05-14 18:50:59 --> Table 'haberles.usuarios' doesn't exist
CRITICAL - 2022-05-14 18:50:59 --> Table 'haberles.usuarios' doesn't exist
#0 C:\xampp\htdocs\Haberles\system\Database\MySQLi\Connection.php(292): mysqli->query('SELECT *\nFROM `...', 0)
#1 C:\xampp\htdocs\Haberles\system\Database\BaseConnection.php(670): CodeIgniter\Database\MySQLi\Connection->execute('SELECT *\nFROM `...')
#2 C:\xampp\htdocs\Haberles\system\Database\BaseConnection.php(598): CodeIgniter\Database\BaseConnection->simpleQuery('SELECT *\nFROM `...')
#3 C:\xampp\htdocs\Haberles\system\Database\BaseBuilder.php(1455): CodeIgniter\Database\BaseConnection->query('SELECT *\nFROM `...', Array, false)
#4 C:\xampp\htdocs\Haberles\app\Models\Usuario_model.php(31): CodeIgniter\Database\BaseBuilder->get()
#5 C:\xampp\htdocs\Haberles\app\Controllers\Usuario_controller.php(45): App\Models\Usuario_model->validarUsuario('+64956', 'Haberles')
#6 C:\xampp\htdocs\Haberles\system\CodeIgniter.php(832): App\Controllers\Usuario_controller->login()
#7 C:\xampp\htdocs\Haberles\system\CodeIgniter.php(419): CodeIgniter\CodeIgniter->runController(Object(App\Controllers\Usuario_controller))
#8 C:\xampp\htdocs\Haberles\system\CodeIgniter.php(326): CodeIgniter\CodeIgniter->handleRequest(NULL, Object(Config\Cache), false)
#9 C:\xampp\htdocs\Haberles\index.php(37): CodeIgniter\CodeIgniter->run()
#10 {main}
CRITICAL - 2022-05-14 18:51:57 --> Undefined property: stdClass::$User_Password
#0 C:\xampp\htdocs\Haberles\app\Models\Usuario_model.php(40): CodeIgniter\Debug\Exceptions->errorHandler(8, 'Undefined prope...', 'C:\\xampp\\htdocs...', 40, Array)
#1 C:\xampp\htdocs\Haberles\app\Controllers\Usuario_controller.php(45): App\Models\Usuario_model->validarUsuario(Object(stdClass), 'Haberles')
#2 C:\xampp\htdocs\Haberles\system\CodeIgniter.php(832): App\Controllers\Usuario_controller->login()
#3 C:\xampp\htdocs\Haberles\system\CodeIgniter.php(419): CodeIgniter\CodeIgniter->runController(Object(App\Controllers\Usuario_controller))
#4 C:\xampp\htdocs\Haberles\system\CodeIgniter.php(326): CodeIgniter\CodeIgniter->handleRequest(NULL, Object(Config\Cache), false)
#5 C:\xampp\htdocs\Haberles\index.php(37): CodeIgniter\CodeIgniter->run()
#6 {main}
CRITICAL - 2022-05-14 18:52:27 --> strpos(): Empty needle
#0 [internal function]: CodeIgniter\Debug\Exceptions->errorHandler(2, 'strpos(): Empty...', 'C:\\xampp\\htdocs...', 996, Array)
#1 C:\xampp\htdocs\Haberles\system\Router\RouteCollection.php(996): strpos('App\\Controllers...', '')
#2 C:\xampp\htdocs\Haberles\system\HTTP\RedirectResponse.php(53): CodeIgniter\Router\RouteCollection->reverseRoute('')
#3 C:\xampp\htdocs\Haberles\app\Controllers\Usuario_controller.php(51): CodeIgniter\HTTP\RedirectResponse->route('')
#4 C:\xampp\htdocs\Haberles\system\CodeIgniter.php(832): App\Controllers\Usuario_controller->login()
#5 C:\xampp\htdocs\Haberles\system\CodeIgniter.php(419): CodeIgniter\CodeIgniter->runController(Object(App\Controllers\Usuario_controller))
#6 C:\xampp\htdocs\Haberles\system\CodeIgniter.php(326): CodeIgniter\CodeIgniter->handleRequest(NULL, Object(Config\Cache), false)
#7 C:\xampp\htdocs\Haberles\index.php(37): CodeIgniter\CodeIgniter->run()
#8 {main}
CRITICAL - 2022-05-14 18:52:43 --> strpos(): Empty needle
#0 [internal function]: CodeIgniter\Debug\Exceptions->errorHandler(2, 'strpos(): Empty...', 'C:\\xampp\\htdocs...', 996, Array)
#1 C:\xampp\htdocs\Haberles\system\Router\RouteCollection.php(996): strpos('App\\Controllers...', '')
#2 C:\xampp\htdocs\Haberles\system\HTTP\RedirectResponse.php(53): CodeIgniter\Router\RouteCollection->reverseRoute('')
#3 C:\xampp\htdocs\Haberles\app\Controllers\Usuario_controller.php(51): CodeIgniter\HTTP\RedirectResponse->route('')
#4 C:\xampp\htdocs\Haberles\system\CodeIgniter.php(832): App\Controllers\Usuario_controller->login()
#5 C:\xampp\htdocs\Haberles\system\CodeIgniter.php(419): CodeIgniter\CodeIgniter->runController(Object(App\Controllers\Usuario_controller))
#6 C:\xampp\htdocs\Haberles\system\CodeIgniter.php(326): CodeIgniter\CodeIgniter->handleRequest(NULL, Object(Config\Cache), false)
#7 C:\xampp\htdocs\Haberles\index.php(37): CodeIgniter\CodeIgniter->run()
#8 {main}
