CRITICAL - 2022-04-27 10:08:08 --> Undefined variable: titulo
#0 C:\xampp\htdocs\Haberles\app\Views\head.php(6): CodeIgniter\Debug\Exceptions->errorHandler(8, 'Undefined varia...', 'C:\\xampp\\htdocs...', 6, Array)
#1 C:\xampp\htdocs\Haberles\system\View\View.php(210): include('C:\\xampp\\htdocs...')
#2 C:\xampp\htdocs\Haberles\system\View\View.php(213): CodeIgniter\View\View->CodeIgniter\View\{closure}()
#3 C:\xampp\htdocs\Haberles\system\Common.php(1089): CodeIgniter\View\View->render('head', Array, true)
#4 C:\xampp\htdocs\Haberles\app\Controllers\Home.php(9): view('head')
#5 C:\xampp\htdocs\Haberles\system\CodeIgniter.php(832): App\Controllers\Home->index()
#6 C:\xampp\htdocs\Haberles\system\CodeIgniter.php(419): CodeIgniter\CodeIgniter->runController(Object(App\Controllers\Home))
#7 C:\xampp\htdocs\Haberles\system\CodeIgniter.php(326): CodeIgniter\CodeIgniter->handleRequest(NULL, Object(Config\Cache), false)
#8 C:\xampp\htdocs\Haberles\index.php(37): CodeIgniter\CodeIgniter->run()
#9 {main}
CRITICAL - 2022-04-27 10:08:56 --> Undefined variable: titulo
#0 C:\xampp\htdocs\Haberles\app\Views\head.php(6): CodeIgniter\Debug\Exceptions->errorHandler(8, 'Undefined varia...', 'C:\\xampp\\htdocs...', 6, Array)
#1 C:\xampp\htdocs\Haberles\system\View\View.php(210): include('C:\\xampp\\htdocs...')
#2 C:\xampp\htdocs\Haberles\system\View\View.php(213): CodeIgniter\View\View->CodeIgniter\View\{closure}()
#3 C:\xampp\htdocs\Haberles\system\Common.php(1089): CodeIgniter\View\View->render('head', Array, true)
#4 C:\xampp\htdocs\Haberles\app\Controllers\Home.php(10): view('head')
#5 C:\xampp\htdocs\Haberles\system\CodeIgniter.php(832): App\Controllers\Home->index()
#6 C:\xampp\htdocs\Haberles\system\CodeIgniter.php(419): CodeIgniter\CodeIgniter->runController(Object(App\Controllers\Home))
#7 C:\xampp\htdocs\Haberles\system\CodeIgniter.php(326): CodeIgniter\CodeIgniter->handleRequest(NULL, Object(Config\Cache), false)
#8 C:\xampp\htdocs\Haberles\index.php(37): CodeIgniter\CodeIgniter->run()
#9 {main}
CRITICAL - 2022-04-27 10:08:59 --> Undefined variable: titulo
#0 C:\xampp\htdocs\Haberles\app\Views\head.php(6): CodeIgniter\Debug\Exceptions->errorHandler(8, 'Undefined varia...', 'C:\\xampp\\htdocs...', 6, Array)
#1 C:\xampp\htdocs\Haberles\system\View\View.php(210): include('C:\\xampp\\htdocs...')
#2 C:\xampp\htdocs\Haberles\system\View\View.php(213): CodeIgniter\View\View->CodeIgniter\View\{closure}()
#3 C:\xampp\htdocs\Haberles\system\Common.php(1089): CodeIgniter\View\View->render('head', Array, true)
#4 C:\xampp\htdocs\Haberles\app\Controllers\Home.php(10): view('head')
#5 C:\xampp\htdocs\Haberles\system\CodeIgniter.php(832): App\Controllers\Home->index()
#6 C:\xampp\htdocs\Haberles\system\CodeIgniter.php(419): CodeIgniter\CodeIgniter->runController(Object(App\Controllers\Home))
#7 C:\xampp\htdocs\Haberles\system\CodeIgniter.php(326): CodeIgniter\CodeIgniter->handleRequest(NULL, Object(Config\Cache), false)
#8 C:\xampp\htdocs\Haberles\index.php(37): CodeIgniter\CodeIgniter->run()
#9 {main}
CRITICAL - 2022-04-27 10:09:00 --> Undefined variable: titulo
#0 C:\xampp\htdocs\Haberles\app\Views\head.php(6): CodeIgniter\Debug\Exceptions->errorHandler(8, 'Undefined varia...', 'C:\\xampp\\htdocs...', 6, Array)
#1 C:\xampp\htdocs\Haberles\system\View\View.php(210): include('C:\\xampp\\htdocs...')
#2 C:\xampp\htdocs\Haberles\system\View\View.php(213): CodeIgniter\View\View->CodeIgniter\View\{closure}()
#3 C:\xampp\htdocs\Haberles\system\Common.php(1089): CodeIgniter\View\View->render('head', Array, true)
#4 C:\xampp\htdocs\Haberles\app\Controllers\Home.php(10): view('head')
#5 C:\xampp\htdocs\Haberles\system\CodeIgniter.php(832): App\Controllers\Home->index()
#6 C:\xampp\htdocs\Haberles\system\CodeIgniter.php(419): CodeIgniter\CodeIgniter->runController(Object(App\Controllers\Home))
#7 C:\xampp\htdocs\Haberles\system\CodeIgniter.php(326): CodeIgniter\CodeIgniter->handleRequest(NULL, Object(Config\Cache), false)
#8 C:\xampp\htdocs\Haberles\index.php(37): CodeIgniter\CodeIgniter->run()
#9 {main}
CRITICAL - 2022-04-27 10:09:00 --> Undefined variable: titulo
#0 C:\xampp\htdocs\Haberles\app\Views\head.php(6): CodeIgniter\Debug\Exceptions->errorHandler(8, 'Undefined varia...', 'C:\\xampp\\htdocs...', 6, Array)
#1 C:\xampp\htdocs\Haberles\system\View\View.php(210): include('C:\\xampp\\htdocs...')
#2 C:\xampp\htdocs\Haberles\system\View\View.php(213): CodeIgniter\View\View->CodeIgniter\View\{closure}()
#3 C:\xampp\htdocs\Haberles\system\Common.php(1089): CodeIgniter\View\View->render('head', Array, true)
#4 C:\xampp\htdocs\Haberles\app\Controllers\Home.php(10): view('head')
#5 C:\xampp\htdocs\Haberles\system\CodeIgniter.php(832): App\Controllers\Home->index()
#6 C:\xampp\htdocs\Haberles\system\CodeIgniter.php(419): CodeIgniter\CodeIgniter->runController(Object(App\Controllers\Home))
#7 C:\xampp\htdocs\Haberles\system\CodeIgniter.php(326): CodeIgniter\CodeIgniter->handleRequest(NULL, Object(Config\Cache), false)
#8 C:\xampp\htdocs\Haberles\index.php(37): CodeIgniter\CodeIgniter->run()
#9 {main}
