CRITICAL - 2022-06-18 13:47:52 --> syntax error, unexpected token "="
#0 C:\xampp\htdocs\Haberles\system\View\View.php(213): CodeIgniter\View\View->CodeIgniter\View\{closure}()
#1 C:\xampp\htdocs\Haberles\system\Common.php(1089): CodeIgniter\View\View->render('back/productos/...', Array, true)
#2 C:\xampp\htdocs\Haberles\app\Controllers\Productos_controller.php(15): view('back/productos/...')
#3 C:\xampp\htdocs\Haberles\system\CodeIgniter.php(832): App\Controllers\Productos_Controller->panel_productos()
#4 C:\xampp\htdocs\Haberles\system\CodeIgniter.php(419): CodeIgniter\CodeIgniter->runController(Object(App\Controllers\Productos_Controller))
#5 C:\xampp\htdocs\Haberles\system\CodeIgniter.php(326): CodeIgniter\CodeIgniter->handleRequest(NULL, Object(Config\Cache), false)
#6 C:\xampp\htdocs\Haberles\index.php(37): CodeIgniter\CodeIgniter->run()
#7 {main}
CRITICAL - 2022-06-18 13:48:14 --> syntax error, unexpected token "=", expecting "," or ";"
#0 C:\xampp\htdocs\Haberles\system\View\View.php(213): CodeIgniter\View\View->CodeIgniter\View\{closure}()
#1 C:\xampp\htdocs\Haberles\system\Common.php(1089): CodeIgniter\View\View->render('back/productos/...', Array, true)
#2 C:\xampp\htdocs\Haberles\app\Controllers\Productos_controller.php(15): view('back/productos/...')
#3 C:\xampp\htdocs\Haberles\system\CodeIgniter.php(832): App\Controllers\Productos_Controller->panel_productos()
#4 C:\xampp\htdocs\Haberles\system\CodeIgniter.php(419): CodeIgniter\CodeIgniter->runController(Object(App\Controllers\Productos_Controller))
#5 C:\xampp\htdocs\Haberles\system\CodeIgniter.php(326): CodeIgniter\CodeIgniter->handleRequest(NULL, Object(Config\Cache), false)
#6 C:\xampp\htdocs\Haberles\index.php(37): CodeIgniter\CodeIgniter->run()
#7 {main}
CRITICAL - 2022-06-18 13:48:14 --> syntax error, unexpected token "=", expecting "," or ";"
#0 C:\xampp\htdocs\Haberles\system\View\View.php(213): CodeIgniter\View\View->CodeIgniter\View\{closure}()
#1 C:\xampp\htdocs\Haberles\system\Common.php(1089): CodeIgniter\View\View->render('back/productos/...', Array, true)
#2 C:\xampp\htdocs\Haberles\app\Controllers\Productos_controller.php(15): view('back/productos/...')
#3 C:\xampp\htdocs\Haberles\system\CodeIgniter.php(832): App\Controllers\Productos_Controller->panel_productos()
#4 C:\xampp\htdocs\Haberles\system\CodeIgniter.php(419): CodeIgniter\CodeIgniter->runController(Object(App\Controllers\Productos_Controller))
#5 C:\xampp\htdocs\Haberles\system\CodeIgniter.php(326): CodeIgniter\CodeIgniter->handleRequest(NULL, Object(Config\Cache), false)
#6 C:\xampp\htdocs\Haberles\index.php(37): CodeIgniter\CodeIgniter->run()
#7 {main}
CRITICAL - 2022-06-18 13:48:14 --> syntax error, unexpected token "=", expecting "," or ";"
#0 C:\xampp\htdocs\Haberles\system\View\View.php(213): CodeIgniter\View\View->CodeIgniter\View\{closure}()
#1 C:\xampp\htdocs\Haberles\system\Common.php(1089): CodeIgniter\View\View->render('back/productos/...', Array, true)
#2 C:\xampp\htdocs\Haberles\app\Controllers\Productos_controller.php(15): view('back/productos/...')
#3 C:\xampp\htdocs\Haberles\system\CodeIgniter.php(832): App\Controllers\Productos_Controller->panel_productos()
#4 C:\xampp\htdocs\Haberles\system\CodeIgniter.php(419): CodeIgniter\CodeIgniter->runController(Object(App\Controllers\Productos_Controller))
#5 C:\xampp\htdocs\Haberles\system\CodeIgniter.php(326): CodeIgniter\CodeIgniter->handleRequest(NULL, Object(Config\Cache), false)
#6 C:\xampp\htdocs\Haberles\index.php(37): CodeIgniter\CodeIgniter->run()
#7 {main}
CRITICAL - 2022-06-18 13:48:25 --> syntax error, unexpected token "=", expecting "," or ";"
#0 C:\xampp\htdocs\Haberles\system\View\View.php(213): CodeIgniter\View\View->CodeIgniter\View\{closure}()
#1 C:\xampp\htdocs\Haberles\system\Common.php(1089): CodeIgniter\View\View->render('back/productos/...', Array, true)
#2 C:\xampp\htdocs\Haberles\app\Controllers\Productos_controller.php(15): view('back/productos/...')
#3 C:\xampp\htdocs\Haberles\system\CodeIgniter.php(832): App\Controllers\Productos_Controller->panel_productos()
#4 C:\xampp\htdocs\Haberles\system\CodeIgniter.php(419): CodeIgniter\CodeIgniter->runController(Object(App\Controllers\Productos_Controller))
#5 C:\xampp\htdocs\Haberles\system\CodeIgniter.php(326): CodeIgniter\CodeIgniter->handleRequest(NULL, Object(Config\Cache), false)
#6 C:\xampp\htdocs\Haberles\index.php(37): CodeIgniter\CodeIgniter->run()
#7 {main}
CRITICAL - 2022-06-18 13:48:25 --> syntax error, unexpected token "=", expecting "," or ";"
#0 C:\xampp\htdocs\Haberles\system\View\View.php(213): CodeIgniter\View\View->CodeIgniter\View\{closure}()
#1 C:\xampp\htdocs\Haberles\system\Common.php(1089): CodeIgniter\View\View->render('back/productos/...', Array, true)
#2 C:\xampp\htdocs\Haberles\app\Controllers\Productos_controller.php(15): view('back/productos/...')
#3 C:\xampp\htdocs\Haberles\system\CodeIgniter.php(832): App\Controllers\Productos_Controller->panel_productos()
#4 C:\xampp\htdocs\Haberles\system\CodeIgniter.php(419): CodeIgniter\CodeIgniter->runController(Object(App\Controllers\Productos_Controller))
#5 C:\xampp\htdocs\Haberles\system\CodeIgniter.php(326): CodeIgniter\CodeIgniter->handleRequest(NULL, Object(Config\Cache), false)
#6 C:\xampp\htdocs\Haberles\index.php(37): CodeIgniter\CodeIgniter->run()
#7 {main}
CRITICAL - 2022-06-18 17:58:20 --> Undefined array key "id_venta"
#0 C:\xampp\htdocs\Haberles\app\Views\back\ventas\panel_detalle.php(7): CodeIgniter\Debug\Exceptions->errorHandler(2, 'Undefined array...', 'C:\\xampp\\htdocs...', 7)
#1 C:\xampp\htdocs\Haberles\system\View\View.php(210): include('C:\\xampp\\htdocs...')
#2 C:\xampp\htdocs\Haberles\system\View\View.php(213): CodeIgniter\View\View->CodeIgniter\View\{closure}()
#3 C:\xampp\htdocs\Haberles\system\Common.php(1089): CodeIgniter\View\View->render('back/ventas/pan...', Array, true)
#4 C:\xampp\htdocs\Haberles\app\Controllers\Ventas_controller.php(33): view('back/ventas/pan...')
#5 C:\xampp\htdocs\Haberles\system\CodeIgniter.php(832): App\Controllers\Ventas_controller->panel_detalle()
#6 C:\xampp\htdocs\Haberles\system\CodeIgniter.php(419): CodeIgniter\CodeIgniter->runController(Object(App\Controllers\Ventas_controller))
#7 C:\xampp\htdocs\Haberles\system\CodeIgniter.php(326): CodeIgniter\CodeIgniter->handleRequest(NULL, Object(Config\Cache), false)
#8 C:\xampp\htdocs\Haberles\index.php(37): CodeIgniter\CodeIgniter->run()
#9 {main}
CRITICAL - 2022-06-18 19:39:53 --> syntax error, unexpected token "endif"
#0 C:\xampp\htdocs\Haberles\system\View\View.php(213): CodeIgniter\View\View->CodeIgniter\View\{closure}()
#1 C:\xampp\htdocs\Haberles\system\Common.php(1089): CodeIgniter\View\View->render('back/usuario/pa...', Array, true)
#2 C:\xampp\htdocs\Haberles\app\Controllers\Usuario_controller.php(14): view('back/usuario/pa...')
#3 C:\xampp\htdocs\Haberles\system\CodeIgniter.php(832): App\Controllers\Usuario_controller->panel_usuarios()
#4 C:\xampp\htdocs\Haberles\system\CodeIgniter.php(419): CodeIgniter\CodeIgniter->runController(Object(App\Controllers\Usuario_controller))
#5 C:\xampp\htdocs\Haberles\system\CodeIgniter.php(326): CodeIgniter\CodeIgniter->handleRequest(NULL, Object(Config\Cache), false)
#6 C:\xampp\htdocs\Haberles\index.php(37): CodeIgniter\CodeIgniter->run()
#7 {main}
CRITICAL - 2022-06-18 19:40:00 --> syntax error, unexpected token "endif"
#0 C:\xampp\htdocs\Haberles\system\View\View.php(213): CodeIgniter\View\View->CodeIgniter\View\{closure}()
#1 C:\xampp\htdocs\Haberles\system\Common.php(1089): CodeIgniter\View\View->render('back/usuario/pa...', Array, true)
#2 C:\xampp\htdocs\Haberles\app\Controllers\Usuario_controller.php(14): view('back/usuario/pa...')
#3 C:\xampp\htdocs\Haberles\system\CodeIgniter.php(832): App\Controllers\Usuario_controller->panel_usuarios()
#4 C:\xampp\htdocs\Haberles\system\CodeIgniter.php(419): CodeIgniter\CodeIgniter->runController(Object(App\Controllers\Usuario_controller))
#5 C:\xampp\htdocs\Haberles\system\CodeIgniter.php(326): CodeIgniter\CodeIgniter->handleRequest(NULL, Object(Config\Cache), false)
#6 C:\xampp\htdocs\Haberles\index.php(37): CodeIgniter\CodeIgniter->run()
#7 {main}
CRITICAL - 2022-06-18 20:28:02 --> Undefined array key "facturaID_ventaD"
#0 C:\xampp\htdocs\Haberles\app\Views\back\usuario\panel_compraDetalle.php(24): CodeIgniter\Debug\Exceptions->errorHandler(2, 'Undefined array...', 'C:\\xampp\\htdocs...', 24)
#1 C:\xampp\htdocs\Haberles\system\View\View.php(210): include('C:\\xampp\\htdocs...')
#2 C:\xampp\htdocs\Haberles\system\View\View.php(213): CodeIgniter\View\View->CodeIgniter\View\{closure}()
#3 C:\xampp\htdocs\Haberles\system\Common.php(1089): CodeIgniter\View\View->render('back/usuario/pa...', Array, true)
#4 C:\xampp\htdocs\Haberles\app\Controllers\MisCompras_controller.php(21): view('back/usuario/pa...')
#5 C:\xampp\htdocs\Haberles\system\CodeIgniter.php(832): App\Controllers\MisCompras_controller->ver_compras()
#6 C:\xampp\htdocs\Haberles\system\CodeIgniter.php(419): CodeIgniter\CodeIgniter->runController(Object(App\Controllers\MisCompras_controller))
#7 C:\xampp\htdocs\Haberles\system\CodeIgniter.php(326): CodeIgniter\CodeIgniter->handleRequest(NULL, Object(Config\Cache), false)
#8 C:\xampp\htdocs\Haberles\index.php(37): CodeIgniter\CodeIgniter->run()
#9 {main}
CRITICAL - 2022-06-18 20:28:02 --> Undefined array key "facturaID_ventaD"
#0 C:\xampp\htdocs\Haberles\app\Views\back\usuario\panel_compraDetalle.php(24): CodeIgniter\Debug\Exceptions->errorHandler(2, 'Undefined array...', 'C:\\xampp\\htdocs...', 24)
#1 C:\xampp\htdocs\Haberles\system\View\View.php(210): include('C:\\xampp\\htdocs...')
#2 C:\xampp\htdocs\Haberles\system\View\View.php(213): CodeIgniter\View\View->CodeIgniter\View\{closure}()
#3 C:\xampp\htdocs\Haberles\system\Common.php(1089): CodeIgniter\View\View->render('back/usuario/pa...', Array, true)
#4 C:\xampp\htdocs\Haberles\app\Controllers\MisCompras_controller.php(21): view('back/usuario/pa...')
#5 C:\xampp\htdocs\Haberles\system\CodeIgniter.php(832): App\Controllers\MisCompras_controller->ver_compras()
#6 C:\xampp\htdocs\Haberles\system\CodeIgniter.php(419): CodeIgniter\CodeIgniter->runController(Object(App\Controllers\MisCompras_controller))
#7 C:\xampp\htdocs\Haberles\system\CodeIgniter.php(326): CodeIgniter\CodeIgniter->handleRequest(NULL, Object(Config\Cache), false)
#8 C:\xampp\htdocs\Haberles\index.php(37): CodeIgniter\CodeIgniter->run()
#9 {main}
CRITICAL - 2022-06-18 20:28:34 --> Undefined array key "id_venta"
#0 C:\xampp\htdocs\Haberles\app\Views\back\usuario\panel_compraDetalle.php(24): CodeIgniter\Debug\Exceptions->errorHandler(2, 'Undefined array...', 'C:\\xampp\\htdocs...', 24)
#1 C:\xampp\htdocs\Haberles\system\View\View.php(210): include('C:\\xampp\\htdocs...')
#2 C:\xampp\htdocs\Haberles\system\View\View.php(213): CodeIgniter\View\View->CodeIgniter\View\{closure}()
#3 C:\xampp\htdocs\Haberles\system\Common.php(1089): CodeIgniter\View\View->render('back/usuario/pa...', Array, true)
#4 C:\xampp\htdocs\Haberles\app\Controllers\MisCompras_controller.php(21): view('back/usuario/pa...')
#5 C:\xampp\htdocs\Haberles\system\CodeIgniter.php(832): App\Controllers\MisCompras_controller->ver_compras()
#6 C:\xampp\htdocs\Haberles\system\CodeIgniter.php(419): CodeIgniter\CodeIgniter->runController(Object(App\Controllers\MisCompras_controller))
#7 C:\xampp\htdocs\Haberles\system\CodeIgniter.php(326): CodeIgniter\CodeIgniter->handleRequest(NULL, Object(Config\Cache), false)
#8 C:\xampp\htdocs\Haberles\index.php(37): CodeIgniter\CodeIgniter->run()
#9 {main}
CRITICAL - 2022-06-18 20:28:34 --> Undefined array key "id_venta"
#0 C:\xampp\htdocs\Haberles\app\Views\back\usuario\panel_compraDetalle.php(24): CodeIgniter\Debug\Exceptions->errorHandler(2, 'Undefined array...', 'C:\\xampp\\htdocs...', 24)
#1 C:\xampp\htdocs\Haberles\system\View\View.php(210): include('C:\\xampp\\htdocs...')
#2 C:\xampp\htdocs\Haberles\system\View\View.php(213): CodeIgniter\View\View->CodeIgniter\View\{closure}()
#3 C:\xampp\htdocs\Haberles\system\Common.php(1089): CodeIgniter\View\View->render('back/usuario/pa...', Array, true)
#4 C:\xampp\htdocs\Haberles\app\Controllers\MisCompras_controller.php(21): view('back/usuario/pa...')
#5 C:\xampp\htdocs\Haberles\system\CodeIgniter.php(832): App\Controllers\MisCompras_controller->ver_compras()
#6 C:\xampp\htdocs\Haberles\system\CodeIgniter.php(419): CodeIgniter\CodeIgniter->runController(Object(App\Controllers\MisCompras_controller))
#7 C:\xampp\htdocs\Haberles\system\CodeIgniter.php(326): CodeIgniter\CodeIgniter->handleRequest(NULL, Object(Config\Cache), false)
#8 C:\xampp\htdocs\Haberles\index.php(37): CodeIgniter\CodeIgniter->run()
#9 {main}
CRITICAL - 2022-06-18 20:28:34 --> Undefined array key "id_venta"
#0 C:\xampp\htdocs\Haberles\app\Views\back\usuario\panel_compraDetalle.php(24): CodeIgniter\Debug\Exceptions->errorHandler(2, 'Undefined array...', 'C:\\xampp\\htdocs...', 24)
#1 C:\xampp\htdocs\Haberles\system\View\View.php(210): include('C:\\xampp\\htdocs...')
#2 C:\xampp\htdocs\Haberles\system\View\View.php(213): CodeIgniter\View\View->CodeIgniter\View\{closure}()
#3 C:\xampp\htdocs\Haberles\system\Common.php(1089): CodeIgniter\View\View->render('back/usuario/pa...', Array, true)
#4 C:\xampp\htdocs\Haberles\app\Controllers\MisCompras_controller.php(21): view('back/usuario/pa...')
#5 C:\xampp\htdocs\Haberles\system\CodeIgniter.php(832): App\Controllers\MisCompras_controller->ver_compras()
#6 C:\xampp\htdocs\Haberles\system\CodeIgniter.php(419): CodeIgniter\CodeIgniter->runController(Object(App\Controllers\MisCompras_controller))
#7 C:\xampp\htdocs\Haberles\system\CodeIgniter.php(326): CodeIgniter\CodeIgniter->handleRequest(NULL, Object(Config\Cache), false)
#8 C:\xampp\htdocs\Haberles\index.php(37): CodeIgniter\CodeIgniter->run()
#9 {main}
CRITICAL - 2022-06-18 20:28:35 --> Undefined array key "id_venta"
#0 C:\xampp\htdocs\Haberles\app\Views\back\usuario\panel_compraDetalle.php(24): CodeIgniter\Debug\Exceptions->errorHandler(2, 'Undefined array...', 'C:\\xampp\\htdocs...', 24)
#1 C:\xampp\htdocs\Haberles\system\View\View.php(210): include('C:\\xampp\\htdocs...')
#2 C:\xampp\htdocs\Haberles\system\View\View.php(213): CodeIgniter\View\View->CodeIgniter\View\{closure}()
#3 C:\xampp\htdocs\Haberles\system\Common.php(1089): CodeIgniter\View\View->render('back/usuario/pa...', Array, true)
#4 C:\xampp\htdocs\Haberles\app\Controllers\MisCompras_controller.php(21): view('back/usuario/pa...')
#5 C:\xampp\htdocs\Haberles\system\CodeIgniter.php(832): App\Controllers\MisCompras_controller->ver_compras()
#6 C:\xampp\htdocs\Haberles\system\CodeIgniter.php(419): CodeIgniter\CodeIgniter->runController(Object(App\Controllers\MisCompras_controller))
#7 C:\xampp\htdocs\Haberles\system\CodeIgniter.php(326): CodeIgniter\CodeIgniter->handleRequest(NULL, Object(Config\Cache), false)
#8 C:\xampp\htdocs\Haberles\index.php(37): CodeIgniter\CodeIgniter->run()
#9 {main}
CRITICAL - 2022-06-18 20:29:19 --> Undefined array key "facturaID_ventaD "
#0 C:\xampp\htdocs\Haberles\app\Views\back\usuario\panel_compraDetalle.php(24): CodeIgniter\Debug\Exceptions->errorHandler(2, 'Undefined array...', 'C:\\xampp\\htdocs...', 24)
#1 C:\xampp\htdocs\Haberles\system\View\View.php(210): include('C:\\xampp\\htdocs...')
#2 C:\xampp\htdocs\Haberles\system\View\View.php(213): CodeIgniter\View\View->CodeIgniter\View\{closure}()
#3 C:\xampp\htdocs\Haberles\system\Common.php(1089): CodeIgniter\View\View->render('back/usuario/pa...', Array, true)
#4 C:\xampp\htdocs\Haberles\app\Controllers\MisCompras_controller.php(21): view('back/usuario/pa...')
#5 C:\xampp\htdocs\Haberles\system\CodeIgniter.php(832): App\Controllers\MisCompras_controller->ver_compras()
#6 C:\xampp\htdocs\Haberles\system\CodeIgniter.php(419): CodeIgniter\CodeIgniter->runController(Object(App\Controllers\MisCompras_controller))
#7 C:\xampp\htdocs\Haberles\system\CodeIgniter.php(326): CodeIgniter\CodeIgniter->handleRequest(NULL, Object(Config\Cache), false)
#8 C:\xampp\htdocs\Haberles\index.php(37): CodeIgniter\CodeIgniter->run()
#9 {main}
CRITICAL - 2022-06-18 20:29:20 --> Undefined array key "facturaID_ventaD "
#0 C:\xampp\htdocs\Haberles\app\Views\back\usuario\panel_compraDetalle.php(24): CodeIgniter\Debug\Exceptions->errorHandler(2, 'Undefined array...', 'C:\\xampp\\htdocs...', 24)
#1 C:\xampp\htdocs\Haberles\system\View\View.php(210): include('C:\\xampp\\htdocs...')
#2 C:\xampp\htdocs\Haberles\system\View\View.php(213): CodeIgniter\View\View->CodeIgniter\View\{closure}()
#3 C:\xampp\htdocs\Haberles\system\Common.php(1089): CodeIgniter\View\View->render('back/usuario/pa...', Array, true)
#4 C:\xampp\htdocs\Haberles\app\Controllers\MisCompras_controller.php(21): view('back/usuario/pa...')
#5 C:\xampp\htdocs\Haberles\system\CodeIgniter.php(832): App\Controllers\MisCompras_controller->ver_compras()
#6 C:\xampp\htdocs\Haberles\system\CodeIgniter.php(419): CodeIgniter\CodeIgniter->runController(Object(App\Controllers\MisCompras_controller))
#7 C:\xampp\htdocs\Haberles\system\CodeIgniter.php(326): CodeIgniter\CodeIgniter->handleRequest(NULL, Object(Config\Cache), false)
#8 C:\xampp\htdocs\Haberles\index.php(37): CodeIgniter\CodeIgniter->run()
#9 {main}
CRITICAL - 2022-06-18 20:29:25 --> Undefined array key "facturaID_ventaD "
#0 C:\xampp\htdocs\Haberles\app\Views\back\usuario\panel_compraDetalle.php(24): CodeIgniter\Debug\Exceptions->errorHandler(2, 'Undefined array...', 'C:\\xampp\\htdocs...', 24)
#1 C:\xampp\htdocs\Haberles\system\View\View.php(210): include('C:\\xampp\\htdocs...')
#2 C:\xampp\htdocs\Haberles\system\View\View.php(213): CodeIgniter\View\View->CodeIgniter\View\{closure}()
#3 C:\xampp\htdocs\Haberles\system\Common.php(1089): CodeIgniter\View\View->render('back/usuario/pa...', Array, true)
#4 C:\xampp\htdocs\Haberles\app\Controllers\MisCompras_controller.php(21): view('back/usuario/pa...')
#5 C:\xampp\htdocs\Haberles\system\CodeIgniter.php(832): App\Controllers\MisCompras_controller->ver_compras()
#6 C:\xampp\htdocs\Haberles\system\CodeIgniter.php(419): CodeIgniter\CodeIgniter->runController(Object(App\Controllers\MisCompras_controller))
#7 C:\xampp\htdocs\Haberles\system\CodeIgniter.php(326): CodeIgniter\CodeIgniter->handleRequest(NULL, Object(Config\Cache), false)
#8 C:\xampp\htdocs\Haberles\index.php(37): CodeIgniter\CodeIgniter->run()
#9 {main}
CRITICAL - 2022-06-18 20:29:25 --> Undefined array key "facturaID_ventaD "
#0 C:\xampp\htdocs\Haberles\app\Views\back\usuario\panel_compraDetalle.php(24): CodeIgniter\Debug\Exceptions->errorHandler(2, 'Undefined array...', 'C:\\xampp\\htdocs...', 24)
#1 C:\xampp\htdocs\Haberles\system\View\View.php(210): include('C:\\xampp\\htdocs...')
#2 C:\xampp\htdocs\Haberles\system\View\View.php(213): CodeIgniter\View\View->CodeIgniter\View\{closure}()
#3 C:\xampp\htdocs\Haberles\system\Common.php(1089): CodeIgniter\View\View->render('back/usuario/pa...', Array, true)
#4 C:\xampp\htdocs\Haberles\app\Controllers\MisCompras_controller.php(21): view('back/usuario/pa...')
#5 C:\xampp\htdocs\Haberles\system\CodeIgniter.php(832): App\Controllers\MisCompras_controller->ver_compras()
#6 C:\xampp\htdocs\Haberles\system\CodeIgniter.php(419): CodeIgniter\CodeIgniter->runController(Object(App\Controllers\MisCompras_controller))
#7 C:\xampp\htdocs\Haberles\system\CodeIgniter.php(326): CodeIgniter\CodeIgniter->handleRequest(NULL, Object(Config\Cache), false)
#8 C:\xampp\htdocs\Haberles\index.php(37): CodeIgniter\CodeIgniter->run()
#9 {main}
CRITICAL - 2022-06-18 20:29:25 --> Undefined array key "facturaID_ventaD "
#0 C:\xampp\htdocs\Haberles\app\Views\back\usuario\panel_compraDetalle.php(24): CodeIgniter\Debug\Exceptions->errorHandler(2, 'Undefined array...', 'C:\\xampp\\htdocs...', 24)
#1 C:\xampp\htdocs\Haberles\system\View\View.php(210): include('C:\\xampp\\htdocs...')
#2 C:\xampp\htdocs\Haberles\system\View\View.php(213): CodeIgniter\View\View->CodeIgniter\View\{closure}()
#3 C:\xampp\htdocs\Haberles\system\Common.php(1089): CodeIgniter\View\View->render('back/usuario/pa...', Array, true)
#4 C:\xampp\htdocs\Haberles\app\Controllers\MisCompras_controller.php(21): view('back/usuario/pa...')
#5 C:\xampp\htdocs\Haberles\system\CodeIgniter.php(832): App\Controllers\MisCompras_controller->ver_compras()
#6 C:\xampp\htdocs\Haberles\system\CodeIgniter.php(419): CodeIgniter\CodeIgniter->runController(Object(App\Controllers\MisCompras_controller))
#7 C:\xampp\htdocs\Haberles\system\CodeIgniter.php(326): CodeIgniter\CodeIgniter->handleRequest(NULL, Object(Config\Cache), false)
#8 C:\xampp\htdocs\Haberles\index.php(37): CodeIgniter\CodeIgniter->run()
#9 {main}
CRITICAL - 2022-06-18 20:29:25 --> Undefined array key "facturaID_ventaD "
#0 C:\xampp\htdocs\Haberles\app\Views\back\usuario\panel_compraDetalle.php(24): CodeIgniter\Debug\Exceptions->errorHandler(2, 'Undefined array...', 'C:\\xampp\\htdocs...', 24)
#1 C:\xampp\htdocs\Haberles\system\View\View.php(210): include('C:\\xampp\\htdocs...')
#2 C:\xampp\htdocs\Haberles\system\View\View.php(213): CodeIgniter\View\View->CodeIgniter\View\{closure}()
#3 C:\xampp\htdocs\Haberles\system\Common.php(1089): CodeIgniter\View\View->render('back/usuario/pa...', Array, true)
#4 C:\xampp\htdocs\Haberles\app\Controllers\MisCompras_controller.php(21): view('back/usuario/pa...')
#5 C:\xampp\htdocs\Haberles\system\CodeIgniter.php(832): App\Controllers\MisCompras_controller->ver_compras()
#6 C:\xampp\htdocs\Haberles\system\CodeIgniter.php(419): CodeIgniter\CodeIgniter->runController(Object(App\Controllers\MisCompras_controller))
#7 C:\xampp\htdocs\Haberles\system\CodeIgniter.php(326): CodeIgniter\CodeIgniter->handleRequest(NULL, Object(Config\Cache), false)
#8 C:\xampp\htdocs\Haberles\index.php(37): CodeIgniter\CodeIgniter->run()
#9 {main}
CRITICAL - 2022-06-18 20:29:25 --> Undefined array key "facturaID_ventaD "
#0 C:\xampp\htdocs\Haberles\app\Views\back\usuario\panel_compraDetalle.php(24): CodeIgniter\Debug\Exceptions->errorHandler(2, 'Undefined array...', 'C:\\xampp\\htdocs...', 24)
#1 C:\xampp\htdocs\Haberles\system\View\View.php(210): include('C:\\xampp\\htdocs...')
#2 C:\xampp\htdocs\Haberles\system\View\View.php(213): CodeIgniter\View\View->CodeIgniter\View\{closure}()
#3 C:\xampp\htdocs\Haberles\system\Common.php(1089): CodeIgniter\View\View->render('back/usuario/pa...', Array, true)
#4 C:\xampp\htdocs\Haberles\app\Controllers\MisCompras_controller.php(21): view('back/usuario/pa...')
#5 C:\xampp\htdocs\Haberles\system\CodeIgniter.php(832): App\Controllers\MisCompras_controller->ver_compras()
#6 C:\xampp\htdocs\Haberles\system\CodeIgniter.php(419): CodeIgniter\CodeIgniter->runController(Object(App\Controllers\MisCompras_controller))
#7 C:\xampp\htdocs\Haberles\system\CodeIgniter.php(326): CodeIgniter\CodeIgniter->handleRequest(NULL, Object(Config\Cache), false)
#8 C:\xampp\htdocs\Haberles\index.php(37): CodeIgniter\CodeIgniter->run()
#9 {main}
CRITICAL - 2022-06-18 20:29:25 --> Undefined array key "facturaID_ventaD "
#0 C:\xampp\htdocs\Haberles\app\Views\back\usuario\panel_compraDetalle.php(24): CodeIgniter\Debug\Exceptions->errorHandler(2, 'Undefined array...', 'C:\\xampp\\htdocs...', 24)
#1 C:\xampp\htdocs\Haberles\system\View\View.php(210): include('C:\\xampp\\htdocs...')
#2 C:\xampp\htdocs\Haberles\system\View\View.php(213): CodeIgniter\View\View->CodeIgniter\View\{closure}()
#3 C:\xampp\htdocs\Haberles\system\Common.php(1089): CodeIgniter\View\View->render('back/usuario/pa...', Array, true)
#4 C:\xampp\htdocs\Haberles\app\Controllers\MisCompras_controller.php(21): view('back/usuario/pa...')
#5 C:\xampp\htdocs\Haberles\system\CodeIgniter.php(832): App\Controllers\MisCompras_controller->ver_compras()
#6 C:\xampp\htdocs\Haberles\system\CodeIgniter.php(419): CodeIgniter\CodeIgniter->runController(Object(App\Controllers\MisCompras_controller))
#7 C:\xampp\htdocs\Haberles\system\CodeIgniter.php(326): CodeIgniter\CodeIgniter->handleRequest(NULL, Object(Config\Cache), false)
#8 C:\xampp\htdocs\Haberles\index.php(37): CodeIgniter\CodeIgniter->run()
#9 {main}
CRITICAL - 2022-06-18 20:29:25 --> Undefined array key "facturaID_ventaD "
#0 C:\xampp\htdocs\Haberles\app\Views\back\usuario\panel_compraDetalle.php(24): CodeIgniter\Debug\Exceptions->errorHandler(2, 'Undefined array...', 'C:\\xampp\\htdocs...', 24)
#1 C:\xampp\htdocs\Haberles\system\View\View.php(210): include('C:\\xampp\\htdocs...')
#2 C:\xampp\htdocs\Haberles\system\View\View.php(213): CodeIgniter\View\View->CodeIgniter\View\{closure}()
#3 C:\xampp\htdocs\Haberles\system\Common.php(1089): CodeIgniter\View\View->render('back/usuario/pa...', Array, true)
#4 C:\xampp\htdocs\Haberles\app\Controllers\MisCompras_controller.php(21): view('back/usuario/pa...')
#5 C:\xampp\htdocs\Haberles\system\CodeIgniter.php(832): App\Controllers\MisCompras_controller->ver_compras()
#6 C:\xampp\htdocs\Haberles\system\CodeIgniter.php(419): CodeIgniter\CodeIgniter->runController(Object(App\Controllers\MisCompras_controller))
#7 C:\xampp\htdocs\Haberles\system\CodeIgniter.php(326): CodeIgniter\CodeIgniter->handleRequest(NULL, Object(Config\Cache), false)
#8 C:\xampp\htdocs\Haberles\index.php(37): CodeIgniter\CodeIgniter->run()
#9 {main}
CRITICAL - 2022-06-18 20:29:26 --> Undefined array key "facturaID_ventaD"
#0 C:\xampp\htdocs\Haberles\app\Views\back\usuario\panel_compraDetalle.php(24): CodeIgniter\Debug\Exceptions->errorHandler(2, 'Undefined array...', 'C:\\xampp\\htdocs...', 24)
#1 C:\xampp\htdocs\Haberles\system\View\View.php(210): include('C:\\xampp\\htdocs...')
#2 C:\xampp\htdocs\Haberles\system\View\View.php(213): CodeIgniter\View\View->CodeIgniter\View\{closure}()
#3 C:\xampp\htdocs\Haberles\system\Common.php(1089): CodeIgniter\View\View->render('back/usuario/pa...', Array, true)
#4 C:\xampp\htdocs\Haberles\app\Controllers\MisCompras_controller.php(21): view('back/usuario/pa...')
#5 C:\xampp\htdocs\Haberles\system\CodeIgniter.php(832): App\Controllers\MisCompras_controller->ver_compras()
#6 C:\xampp\htdocs\Haberles\system\CodeIgniter.php(419): CodeIgniter\CodeIgniter->runController(Object(App\Controllers\MisCompras_controller))
#7 C:\xampp\htdocs\Haberles\system\CodeIgniter.php(326): CodeIgniter\CodeIgniter->handleRequest(NULL, Object(Config\Cache), false)
#8 C:\xampp\htdocs\Haberles\index.php(37): CodeIgniter\CodeIgniter->run()
#9 {main}
CRITICAL - 2022-06-18 20:29:26 --> Undefined array key "facturaID_ventaD"
#0 C:\xampp\htdocs\Haberles\app\Views\back\usuario\panel_compraDetalle.php(24): CodeIgniter\Debug\Exceptions->errorHandler(2, 'Undefined array...', 'C:\\xampp\\htdocs...', 24)
#1 C:\xampp\htdocs\Haberles\system\View\View.php(210): include('C:\\xampp\\htdocs...')
#2 C:\xampp\htdocs\Haberles\system\View\View.php(213): CodeIgniter\View\View->CodeIgniter\View\{closure}()
#3 C:\xampp\htdocs\Haberles\system\Common.php(1089): CodeIgniter\View\View->render('back/usuario/pa...', Array, true)
#4 C:\xampp\htdocs\Haberles\app\Controllers\MisCompras_controller.php(21): view('back/usuario/pa...')
#5 C:\xampp\htdocs\Haberles\system\CodeIgniter.php(832): App\Controllers\MisCompras_controller->ver_compras()
#6 C:\xampp\htdocs\Haberles\system\CodeIgniter.php(419): CodeIgniter\CodeIgniter->runController(Object(App\Controllers\MisCompras_controller))
#7 C:\xampp\htdocs\Haberles\system\CodeIgniter.php(326): CodeIgniter\CodeIgniter->handleRequest(NULL, Object(Config\Cache), false)
#8 C:\xampp\htdocs\Haberles\index.php(37): CodeIgniter\CodeIgniter->run()
#9 {main}
CRITICAL - 2022-06-18 20:29:26 --> Undefined array key "facturaID_ventaD"
#0 C:\xampp\htdocs\Haberles\app\Views\back\usuario\panel_compraDetalle.php(24): CodeIgniter\Debug\Exceptions->errorHandler(2, 'Undefined array...', 'C:\\xampp\\htdocs...', 24)
#1 C:\xampp\htdocs\Haberles\system\View\View.php(210): include('C:\\xampp\\htdocs...')
#2 C:\xampp\htdocs\Haberles\system\View\View.php(213): CodeIgniter\View\View->CodeIgniter\View\{closure}()
#3 C:\xampp\htdocs\Haberles\system\Common.php(1089): CodeIgniter\View\View->render('back/usuario/pa...', Array, true)
#4 C:\xampp\htdocs\Haberles\app\Controllers\MisCompras_controller.php(21): view('back/usuario/pa...')
#5 C:\xampp\htdocs\Haberles\system\CodeIgniter.php(832): App\Controllers\MisCompras_controller->ver_compras()
#6 C:\xampp\htdocs\Haberles\system\CodeIgniter.php(419): CodeIgniter\CodeIgniter->runController(Object(App\Controllers\MisCompras_controller))
#7 C:\xampp\htdocs\Haberles\system\CodeIgniter.php(326): CodeIgniter\CodeIgniter->handleRequest(NULL, Object(Config\Cache), false)
#8 C:\xampp\htdocs\Haberles\index.php(37): CodeIgniter\CodeIgniter->run()
#9 {main}
CRITICAL - 2022-06-18 20:29:26 --> Undefined array key "facturaID_ventaD"
#0 C:\xampp\htdocs\Haberles\app\Views\back\usuario\panel_compraDetalle.php(24): CodeIgniter\Debug\Exceptions->errorHandler(2, 'Undefined array...', 'C:\\xampp\\htdocs...', 24)
#1 C:\xampp\htdocs\Haberles\system\View\View.php(210): include('C:\\xampp\\htdocs...')
#2 C:\xampp\htdocs\Haberles\system\View\View.php(213): CodeIgniter\View\View->CodeIgniter\View\{closure}()
#3 C:\xampp\htdocs\Haberles\system\Common.php(1089): CodeIgniter\View\View->render('back/usuario/pa...', Array, true)
#4 C:\xampp\htdocs\Haberles\app\Controllers\MisCompras_controller.php(21): view('back/usuario/pa...')
#5 C:\xampp\htdocs\Haberles\system\CodeIgniter.php(832): App\Controllers\MisCompras_controller->ver_compras()
#6 C:\xampp\htdocs\Haberles\system\CodeIgniter.php(419): CodeIgniter\CodeIgniter->runController(Object(App\Controllers\MisCompras_controller))
#7 C:\xampp\htdocs\Haberles\system\CodeIgniter.php(326): CodeIgniter\CodeIgniter->handleRequest(NULL, Object(Config\Cache), false)
#8 C:\xampp\htdocs\Haberles\index.php(37): CodeIgniter\CodeIgniter->run()
#9 {main}
CRITICAL - 2022-06-18 20:29:26 --> Undefined array key "facturaID_ventaD"
#0 C:\xampp\htdocs\Haberles\app\Views\back\usuario\panel_compraDetalle.php(24): CodeIgniter\Debug\Exceptions->errorHandler(2, 'Undefined array...', 'C:\\xampp\\htdocs...', 24)
#1 C:\xampp\htdocs\Haberles\system\View\View.php(210): include('C:\\xampp\\htdocs...')
#2 C:\xampp\htdocs\Haberles\system\View\View.php(213): CodeIgniter\View\View->CodeIgniter\View\{closure}()
#3 C:\xampp\htdocs\Haberles\system\Common.php(1089): CodeIgniter\View\View->render('back/usuario/pa...', Array, true)
#4 C:\xampp\htdocs\Haberles\app\Controllers\MisCompras_controller.php(21): view('back/usuario/pa...')
#5 C:\xampp\htdocs\Haberles\system\CodeIgniter.php(832): App\Controllers\MisCompras_controller->ver_compras()
#6 C:\xampp\htdocs\Haberles\system\CodeIgniter.php(419): CodeIgniter\CodeIgniter->runController(Object(App\Controllers\MisCompras_controller))
#7 C:\xampp\htdocs\Haberles\system\CodeIgniter.php(326): CodeIgniter\CodeIgniter->handleRequest(NULL, Object(Config\Cache), false)
#8 C:\xampp\htdocs\Haberles\index.php(37): CodeIgniter\CodeIgniter->run()
#9 {main}
CRITICAL - 2022-06-18 20:29:27 --> Undefined array key "facturaID_ventaD"
#0 C:\xampp\htdocs\Haberles\app\Views\back\usuario\panel_compraDetalle.php(24): CodeIgniter\Debug\Exceptions->errorHandler(2, 'Undefined array...', 'C:\\xampp\\htdocs...', 24)
#1 C:\xampp\htdocs\Haberles\system\View\View.php(210): include('C:\\xampp\\htdocs...')
#2 C:\xampp\htdocs\Haberles\system\View\View.php(213): CodeIgniter\View\View->CodeIgniter\View\{closure}()
#3 C:\xampp\htdocs\Haberles\system\Common.php(1089): CodeIgniter\View\View->render('back/usuario/pa...', Array, true)
#4 C:\xampp\htdocs\Haberles\app\Controllers\MisCompras_controller.php(21): view('back/usuario/pa...')
#5 C:\xampp\htdocs\Haberles\system\CodeIgniter.php(832): App\Controllers\MisCompras_controller->ver_compras()
#6 C:\xampp\htdocs\Haberles\system\CodeIgniter.php(419): CodeIgniter\CodeIgniter->runController(Object(App\Controllers\MisCompras_controller))
#7 C:\xampp\htdocs\Haberles\system\CodeIgniter.php(326): CodeIgniter\CodeIgniter->handleRequest(NULL, Object(Config\Cache), false)
#8 C:\xampp\htdocs\Haberles\index.php(37): CodeIgniter\CodeIgniter->run()
#9 {main}
CRITICAL - 2022-06-18 20:29:27 --> Undefined array key "facturaID_ventaD"
#0 C:\xampp\htdocs\Haberles\app\Views\back\usuario\panel_compraDetalle.php(24): CodeIgniter\Debug\Exceptions->errorHandler(2, 'Undefined array...', 'C:\\xampp\\htdocs...', 24)
#1 C:\xampp\htdocs\Haberles\system\View\View.php(210): include('C:\\xampp\\htdocs...')
#2 C:\xampp\htdocs\Haberles\system\View\View.php(213): CodeIgniter\View\View->CodeIgniter\View\{closure}()
#3 C:\xampp\htdocs\Haberles\system\Common.php(1089): CodeIgniter\View\View->render('back/usuario/pa...', Array, true)
#4 C:\xampp\htdocs\Haberles\app\Controllers\MisCompras_controller.php(21): view('back/usuario/pa...')
#5 C:\xampp\htdocs\Haberles\system\CodeIgniter.php(832): App\Controllers\MisCompras_controller->ver_compras()
#6 C:\xampp\htdocs\Haberles\system\CodeIgniter.php(419): CodeIgniter\CodeIgniter->runController(Object(App\Controllers\MisCompras_controller))
#7 C:\xampp\htdocs\Haberles\system\CodeIgniter.php(326): CodeIgniter\CodeIgniter->handleRequest(NULL, Object(Config\Cache), false)
#8 C:\xampp\htdocs\Haberles\index.php(37): CodeIgniter\CodeIgniter->run()
#9 {main}
CRITICAL - 2022-06-18 20:29:27 --> Undefined array key "facturaID_ventaD"
#0 C:\xampp\htdocs\Haberles\app\Views\back\usuario\panel_compraDetalle.php(24): CodeIgniter\Debug\Exceptions->errorHandler(2, 'Undefined array...', 'C:\\xampp\\htdocs...', 24)
#1 C:\xampp\htdocs\Haberles\system\View\View.php(210): include('C:\\xampp\\htdocs...')
#2 C:\xampp\htdocs\Haberles\system\View\View.php(213): CodeIgniter\View\View->CodeIgniter\View\{closure}()
#3 C:\xampp\htdocs\Haberles\system\Common.php(1089): CodeIgniter\View\View->render('back/usuario/pa...', Array, true)
#4 C:\xampp\htdocs\Haberles\app\Controllers\MisCompras_controller.php(21): view('back/usuario/pa...')
#5 C:\xampp\htdocs\Haberles\system\CodeIgniter.php(832): App\Controllers\MisCompras_controller->ver_compras()
#6 C:\xampp\htdocs\Haberles\system\CodeIgniter.php(419): CodeIgniter\CodeIgniter->runController(Object(App\Controllers\MisCompras_controller))
#7 C:\xampp\htdocs\Haberles\system\CodeIgniter.php(326): CodeIgniter\CodeIgniter->handleRequest(NULL, Object(Config\Cache), false)
#8 C:\xampp\htdocs\Haberles\index.php(37): CodeIgniter\CodeIgniter->run()
#9 {main}
CRITICAL - 2022-06-18 20:29:27 --> Undefined array key "facturaID_ventaD"
#0 C:\xampp\htdocs\Haberles\app\Views\back\usuario\panel_compraDetalle.php(24): CodeIgniter\Debug\Exceptions->errorHandler(2, 'Undefined array...', 'C:\\xampp\\htdocs...', 24)
#1 C:\xampp\htdocs\Haberles\system\View\View.php(210): include('C:\\xampp\\htdocs...')
#2 C:\xampp\htdocs\Haberles\system\View\View.php(213): CodeIgniter\View\View->CodeIgniter\View\{closure}()
#3 C:\xampp\htdocs\Haberles\system\Common.php(1089): CodeIgniter\View\View->render('back/usuario/pa...', Array, true)
#4 C:\xampp\htdocs\Haberles\app\Controllers\MisCompras_controller.php(21): view('back/usuario/pa...')
#5 C:\xampp\htdocs\Haberles\system\CodeIgniter.php(832): App\Controllers\MisCompras_controller->ver_compras()
#6 C:\xampp\htdocs\Haberles\system\CodeIgniter.php(419): CodeIgniter\CodeIgniter->runController(Object(App\Controllers\MisCompras_controller))
#7 C:\xampp\htdocs\Haberles\system\CodeIgniter.php(326): CodeIgniter\CodeIgniter->handleRequest(NULL, Object(Config\Cache), false)
#8 C:\xampp\htdocs\Haberles\index.php(37): CodeIgniter\CodeIgniter->run()
#9 {main}
CRITICAL - 2022-06-18 20:29:27 --> Undefined array key "facturaID_ventaD"
#0 C:\xampp\htdocs\Haberles\app\Views\back\usuario\panel_compraDetalle.php(24): CodeIgniter\Debug\Exceptions->errorHandler(2, 'Undefined array...', 'C:\\xampp\\htdocs...', 24)
#1 C:\xampp\htdocs\Haberles\system\View\View.php(210): include('C:\\xampp\\htdocs...')
#2 C:\xampp\htdocs\Haberles\system\View\View.php(213): CodeIgniter\View\View->CodeIgniter\View\{closure}()
#3 C:\xampp\htdocs\Haberles\system\Common.php(1089): CodeIgniter\View\View->render('back/usuario/pa...', Array, true)
#4 C:\xampp\htdocs\Haberles\app\Controllers\MisCompras_controller.php(21): view('back/usuario/pa...')
#5 C:\xampp\htdocs\Haberles\system\CodeIgniter.php(832): App\Controllers\MisCompras_controller->ver_compras()
#6 C:\xampp\htdocs\Haberles\system\CodeIgniter.php(419): CodeIgniter\CodeIgniter->runController(Object(App\Controllers\MisCompras_controller))
#7 C:\xampp\htdocs\Haberles\system\CodeIgniter.php(326): CodeIgniter\CodeIgniter->handleRequest(NULL, Object(Config\Cache), false)
#8 C:\xampp\htdocs\Haberles\index.php(37): CodeIgniter\CodeIgniter->run()
#9 {main}
CRITICAL - 2022-06-18 20:31:39 --> Undefined array key "facturaID_ventaD"
#0 C:\xampp\htdocs\Haberles\app\Views\back\usuario\panel_compraDetalle.php(24): CodeIgniter\Debug\Exceptions->errorHandler(2, 'Undefined array...', 'C:\\xampp\\htdocs...', 24)
#1 C:\xampp\htdocs\Haberles\system\View\View.php(210): include('C:\\xampp\\htdocs...')
#2 C:\xampp\htdocs\Haberles\system\View\View.php(213): CodeIgniter\View\View->CodeIgniter\View\{closure}()
#3 C:\xampp\htdocs\Haberles\system\Common.php(1089): CodeIgniter\View\View->render('back/usuario/pa...', Array, true)
#4 C:\xampp\htdocs\Haberles\app\Controllers\MisCompras_controller.php(21): view('back/usuario/pa...')
#5 C:\xampp\htdocs\Haberles\system\CodeIgniter.php(832): App\Controllers\MisCompras_controller->ver_compras()
#6 C:\xampp\htdocs\Haberles\system\CodeIgniter.php(419): CodeIgniter\CodeIgniter->runController(Object(App\Controllers\MisCompras_controller))
#7 C:\xampp\htdocs\Haberles\system\CodeIgniter.php(326): CodeIgniter\CodeIgniter->handleRequest(NULL, Object(Config\Cache), false)
#8 C:\xampp\htdocs\Haberles\index.php(37): CodeIgniter\CodeIgniter->run()
#9 {main}
CRITICAL - 2022-06-18 20:31:39 --> Undefined array key "facturaID_ventaD"
#0 C:\xampp\htdocs\Haberles\app\Views\back\usuario\panel_compraDetalle.php(24): CodeIgniter\Debug\Exceptions->errorHandler(2, 'Undefined array...', 'C:\\xampp\\htdocs...', 24)
#1 C:\xampp\htdocs\Haberles\system\View\View.php(210): include('C:\\xampp\\htdocs...')
#2 C:\xampp\htdocs\Haberles\system\View\View.php(213): CodeIgniter\View\View->CodeIgniter\View\{closure}()
#3 C:\xampp\htdocs\Haberles\system\Common.php(1089): CodeIgniter\View\View->render('back/usuario/pa...', Array, true)
#4 C:\xampp\htdocs\Haberles\app\Controllers\MisCompras_controller.php(21): view('back/usuario/pa...')
#5 C:\xampp\htdocs\Haberles\system\CodeIgniter.php(832): App\Controllers\MisCompras_controller->ver_compras()
#6 C:\xampp\htdocs\Haberles\system\CodeIgniter.php(419): CodeIgniter\CodeIgniter->runController(Object(App\Controllers\MisCompras_controller))
#7 C:\xampp\htdocs\Haberles\system\CodeIgniter.php(326): CodeIgniter\CodeIgniter->handleRequest(NULL, Object(Config\Cache), false)
#8 C:\xampp\htdocs\Haberles\index.php(37): CodeIgniter\CodeIgniter->run()
#9 {main}
CRITICAL - 2022-06-18 20:31:49 --> Undefined array key "facturaID_ventaD"
#0 C:\xampp\htdocs\Haberles\app\Views\back\usuario\panel_compraDetalle.php(24): CodeIgniter\Debug\Exceptions->errorHandler(2, 'Undefined array...', 'C:\\xampp\\htdocs...', 24)
#1 C:\xampp\htdocs\Haberles\system\View\View.php(210): include('C:\\xampp\\htdocs...')
#2 C:\xampp\htdocs\Haberles\system\View\View.php(213): CodeIgniter\View\View->CodeIgniter\View\{closure}()
#3 C:\xampp\htdocs\Haberles\system\Common.php(1089): CodeIgniter\View\View->render('back/usuario/pa...', Array, true)
#4 C:\xampp\htdocs\Haberles\app\Controllers\MisCompras_controller.php(21): view('back/usuario/pa...')
#5 C:\xampp\htdocs\Haberles\system\CodeIgniter.php(832): App\Controllers\MisCompras_controller->ver_compras()
#6 C:\xampp\htdocs\Haberles\system\CodeIgniter.php(419): CodeIgniter\CodeIgniter->runController(Object(App\Controllers\MisCompras_controller))
#7 C:\xampp\htdocs\Haberles\system\CodeIgniter.php(326): CodeIgniter\CodeIgniter->handleRequest(NULL, Object(Config\Cache), false)
#8 C:\xampp\htdocs\Haberles\index.php(37): CodeIgniter\CodeIgniter->run()
#9 {main}
CRITICAL - 2022-06-18 20:31:49 --> Undefined array key "facturaID_ventaD"
#0 C:\xampp\htdocs\Haberles\app\Views\back\usuario\panel_compraDetalle.php(24): CodeIgniter\Debug\Exceptions->errorHandler(2, 'Undefined array...', 'C:\\xampp\\htdocs...', 24)
#1 C:\xampp\htdocs\Haberles\system\View\View.php(210): include('C:\\xampp\\htdocs...')
#2 C:\xampp\htdocs\Haberles\system\View\View.php(213): CodeIgniter\View\View->CodeIgniter\View\{closure}()
#3 C:\xampp\htdocs\Haberles\system\Common.php(1089): CodeIgniter\View\View->render('back/usuario/pa...', Array, true)
#4 C:\xampp\htdocs\Haberles\app\Controllers\MisCompras_controller.php(21): view('back/usuario/pa...')
#5 C:\xampp\htdocs\Haberles\system\CodeIgniter.php(832): App\Controllers\MisCompras_controller->ver_compras()
#6 C:\xampp\htdocs\Haberles\system\CodeIgniter.php(419): CodeIgniter\CodeIgniter->runController(Object(App\Controllers\MisCompras_controller))
#7 C:\xampp\htdocs\Haberles\system\CodeIgniter.php(326): CodeIgniter\CodeIgniter->handleRequest(NULL, Object(Config\Cache), false)
#8 C:\xampp\htdocs\Haberles\index.php(37): CodeIgniter\CodeIgniter->run()
#9 {main}
CRITICAL - 2022-06-18 20:31:55 --> Undefined array key "facturaID_ventaD"
#0 C:\xampp\htdocs\Haberles\app\Views\back\usuario\panel_compraDetalle.php(24): CodeIgniter\Debug\Exceptions->errorHandler(2, 'Undefined array...', 'C:\\xampp\\htdocs...', 24)
#1 C:\xampp\htdocs\Haberles\system\View\View.php(210): include('C:\\xampp\\htdocs...')
#2 C:\xampp\htdocs\Haberles\system\View\View.php(213): CodeIgniter\View\View->CodeIgniter\View\{closure}()
#3 C:\xampp\htdocs\Haberles\system\Common.php(1089): CodeIgniter\View\View->render('back/usuario/pa...', Array, true)
#4 C:\xampp\htdocs\Haberles\app\Controllers\MisCompras_controller.php(21): view('back/usuario/pa...')
#5 C:\xampp\htdocs\Haberles\system\CodeIgniter.php(832): App\Controllers\MisCompras_controller->ver_compras()
#6 C:\xampp\htdocs\Haberles\system\CodeIgniter.php(419): CodeIgniter\CodeIgniter->runController(Object(App\Controllers\MisCompras_controller))
#7 C:\xampp\htdocs\Haberles\system\CodeIgniter.php(326): CodeIgniter\CodeIgniter->handleRequest(NULL, Object(Config\Cache), false)
#8 C:\xampp\htdocs\Haberles\index.php(37): CodeIgniter\CodeIgniter->run()
#9 {main}
CRITICAL - 2022-06-18 23:25:45 --> Undefined array key -1
#0 C:\xampp\htdocs\Haberles\app\Views\back\usuario\panel_usuarios.php(33): CodeIgniter\Debug\Exceptions->errorHandler(2, 'Undefined array...', 'C:\\xampp\\htdocs...', 33)
#1 C:\xampp\htdocs\Haberles\system\View\View.php(210): include('C:\\xampp\\htdocs...')
#2 C:\xampp\htdocs\Haberles\system\View\View.php(213): CodeIgniter\View\View->CodeIgniter\View\{closure}()
#3 C:\xampp\htdocs\Haberles\system\Common.php(1089): CodeIgniter\View\View->render('back/usuario/pa...', Array, true)
#4 C:\xampp\htdocs\Haberles\app\Controllers\Usuario_controller.php(14): view('back/usuario/pa...')
#5 C:\xampp\htdocs\Haberles\system\CodeIgniter.php(832): App\Controllers\Usuario_controller->panel_usuarios()
#6 C:\xampp\htdocs\Haberles\system\CodeIgniter.php(419): CodeIgniter\CodeIgniter->runController(Object(App\Controllers\Usuario_controller))
#7 C:\xampp\htdocs\Haberles\system\CodeIgniter.php(326): CodeIgniter\CodeIgniter->handleRequest(NULL, Object(Config\Cache), false)
#8 C:\xampp\htdocs\Haberles\index.php(37): CodeIgniter\CodeIgniter->run()
#9 {main}
CRITICAL - 2022-06-18 23:28:34 --> Undefined array key -1
#0 C:\xampp\htdocs\Haberles\app\Views\back\usuario\panel_usuarios.php(33): CodeIgniter\Debug\Exceptions->errorHandler(2, 'Undefined array...', 'C:\\xampp\\htdocs...', 33)
#1 C:\xampp\htdocs\Haberles\system\View\View.php(210): include('C:\\xampp\\htdocs...')
#2 C:\xampp\htdocs\Haberles\system\View\View.php(213): CodeIgniter\View\View->CodeIgniter\View\{closure}()
#3 C:\xampp\htdocs\Haberles\system\Common.php(1089): CodeIgniter\View\View->render('back/usuario/pa...', Array, true)
#4 C:\xampp\htdocs\Haberles\app\Controllers\Usuario_controller.php(14): view('back/usuario/pa...')
#5 C:\xampp\htdocs\Haberles\system\CodeIgniter.php(832): App\Controllers\Usuario_controller->panel_usuarios()
#6 C:\xampp\htdocs\Haberles\system\CodeIgniter.php(419): CodeIgniter\CodeIgniter->runController(Object(App\Controllers\Usuario_controller))
#7 C:\xampp\htdocs\Haberles\system\CodeIgniter.php(326): CodeIgniter\CodeIgniter->handleRequest(NULL, Object(Config\Cache), false)
#8 C:\xampp\htdocs\Haberles\index.php(37): CodeIgniter\CodeIgniter->run()
#9 {main}
CRITICAL - 2022-06-18 23:28:38 --> Undefined array key -1
#0 C:\xampp\htdocs\Haberles\app\Views\back\usuario\panel_usuarios.php(33): CodeIgniter\Debug\Exceptions->errorHandler(2, 'Undefined array...', 'C:\\xampp\\htdocs...', 33)
#1 C:\xampp\htdocs\Haberles\system\View\View.php(210): include('C:\\xampp\\htdocs...')
#2 C:\xampp\htdocs\Haberles\system\View\View.php(213): CodeIgniter\View\View->CodeIgniter\View\{closure}()
#3 C:\xampp\htdocs\Haberles\system\Common.php(1089): CodeIgniter\View\View->render('back/usuario/pa...', Array, true)
#4 C:\xampp\htdocs\Haberles\app\Controllers\Usuario_controller.php(14): view('back/usuario/pa...')
#5 C:\xampp\htdocs\Haberles\system\CodeIgniter.php(832): App\Controllers\Usuario_controller->panel_usuarios()
#6 C:\xampp\htdocs\Haberles\system\CodeIgniter.php(419): CodeIgniter\CodeIgniter->runController(Object(App\Controllers\Usuario_controller))
#7 C:\xampp\htdocs\Haberles\system\CodeIgniter.php(326): CodeIgniter\CodeIgniter->handleRequest(NULL, Object(Config\Cache), false)
#8 C:\xampp\htdocs\Haberles\index.php(37): CodeIgniter\CodeIgniter->run()
#9 {main}
CRITICAL - 2022-06-18 23:28:39 --> Undefined array key -1
#0 C:\xampp\htdocs\Haberles\app\Views\back\usuario\panel_usuarios.php(33): CodeIgniter\Debug\Exceptions->errorHandler(2, 'Undefined array...', 'C:\\xampp\\htdocs...', 33)
#1 C:\xampp\htdocs\Haberles\system\View\View.php(210): include('C:\\xampp\\htdocs...')
#2 C:\xampp\htdocs\Haberles\system\View\View.php(213): CodeIgniter\View\View->CodeIgniter\View\{closure}()
#3 C:\xampp\htdocs\Haberles\system\Common.php(1089): CodeIgniter\View\View->render('back/usuario/pa...', Array, true)
#4 C:\xampp\htdocs\Haberles\app\Controllers\Usuario_controller.php(14): view('back/usuario/pa...')
#5 C:\xampp\htdocs\Haberles\system\CodeIgniter.php(832): App\Controllers\Usuario_controller->panel_usuarios()
#6 C:\xampp\htdocs\Haberles\system\CodeIgniter.php(419): CodeIgniter\CodeIgniter->runController(Object(App\Controllers\Usuario_controller))
#7 C:\xampp\htdocs\Haberles\system\CodeIgniter.php(326): CodeIgniter\CodeIgniter->handleRequest(NULL, Object(Config\Cache), false)
#8 C:\xampp\htdocs\Haberles\index.php(37): CodeIgniter\CodeIgniter->run()
#9 {main}
CRITICAL - 2022-06-18 23:28:41 --> Undefined array key -1
#0 C:\xampp\htdocs\Haberles\app\Views\back\usuario\panel_usuarios.php(33): CodeIgniter\Debug\Exceptions->errorHandler(2, 'Undefined array...', 'C:\\xampp\\htdocs...', 33)
#1 C:\xampp\htdocs\Haberles\system\View\View.php(210): include('C:\\xampp\\htdocs...')
#2 C:\xampp\htdocs\Haberles\system\View\View.php(213): CodeIgniter\View\View->CodeIgniter\View\{closure}()
#3 C:\xampp\htdocs\Haberles\system\Common.php(1089): CodeIgniter\View\View->render('back/usuario/pa...', Array, true)
#4 C:\xampp\htdocs\Haberles\app\Controllers\Usuario_controller.php(14): view('back/usuario/pa...')
#5 C:\xampp\htdocs\Haberles\system\CodeIgniter.php(832): App\Controllers\Usuario_controller->panel_usuarios()
#6 C:\xampp\htdocs\Haberles\system\CodeIgniter.php(419): CodeIgniter\CodeIgniter->runController(Object(App\Controllers\Usuario_controller))
#7 C:\xampp\htdocs\Haberles\system\CodeIgniter.php(326): CodeIgniter\CodeIgniter->handleRequest(NULL, Object(Config\Cache), false)
#8 C:\xampp\htdocs\Haberles\index.php(37): CodeIgniter\CodeIgniter->run()
#9 {main}
CRITICAL - 2022-06-18 23:28:44 --> Undefined array key -1
#0 C:\xampp\htdocs\Haberles\app\Views\back\usuario\panel_usuarios.php(33): CodeIgniter\Debug\Exceptions->errorHandler(2, 'Undefined array...', 'C:\\xampp\\htdocs...', 33)
#1 C:\xampp\htdocs\Haberles\system\View\View.php(210): include('C:\\xampp\\htdocs...')
#2 C:\xampp\htdocs\Haberles\system\View\View.php(213): CodeIgniter\View\View->CodeIgniter\View\{closure}()
#3 C:\xampp\htdocs\Haberles\system\Common.php(1089): CodeIgniter\View\View->render('back/usuario/pa...', Array, true)
#4 C:\xampp\htdocs\Haberles\app\Controllers\Usuario_controller.php(14): view('back/usuario/pa...')
#5 C:\xampp\htdocs\Haberles\system\CodeIgniter.php(832): App\Controllers\Usuario_controller->panel_usuarios()
#6 C:\xampp\htdocs\Haberles\system\CodeIgniter.php(419): CodeIgniter\CodeIgniter->runController(Object(App\Controllers\Usuario_controller))
#7 C:\xampp\htdocs\Haberles\system\CodeIgniter.php(326): CodeIgniter\CodeIgniter->handleRequest(NULL, Object(Config\Cache), false)
#8 C:\xampp\htdocs\Haberles\index.php(37): CodeIgniter\CodeIgniter->run()
#9 {main}
CRITICAL - 2022-06-18 23:29:21 --> Undefined array key -1
#0 C:\xampp\htdocs\Haberles\app\Views\back\usuario\panel_usuarios.php(33): CodeIgniter\Debug\Exceptions->errorHandler(2, 'Undefined array...', 'C:\\xampp\\htdocs...', 33)
#1 C:\xampp\htdocs\Haberles\system\View\View.php(210): include('C:\\xampp\\htdocs...')
#2 C:\xampp\htdocs\Haberles\system\View\View.php(213): CodeIgniter\View\View->CodeIgniter\View\{closure}()
#3 C:\xampp\htdocs\Haberles\system\Common.php(1089): CodeIgniter\View\View->render('back/usuario/pa...', Array, true)
#4 C:\xampp\htdocs\Haberles\app\Controllers\Usuario_controller.php(14): view('back/usuario/pa...')
#5 C:\xampp\htdocs\Haberles\system\CodeIgniter.php(832): App\Controllers\Usuario_controller->panel_usuarios()
#6 C:\xampp\htdocs\Haberles\system\CodeIgniter.php(419): CodeIgniter\CodeIgniter->runController(Object(App\Controllers\Usuario_controller))
#7 C:\xampp\htdocs\Haberles\system\CodeIgniter.php(326): CodeIgniter\CodeIgniter->handleRequest(NULL, Object(Config\Cache), false)
#8 C:\xampp\htdocs\Haberles\index.php(37): CodeIgniter\CodeIgniter->run()
#9 {main}
CRITICAL - 2022-06-18 23:29:21 --> Undefined array key -1
#0 C:\xampp\htdocs\Haberles\app\Views\back\usuario\panel_usuarios.php(33): CodeIgniter\Debug\Exceptions->errorHandler(2, 'Undefined array...', 'C:\\xampp\\htdocs...', 33)
#1 C:\xampp\htdocs\Haberles\system\View\View.php(210): include('C:\\xampp\\htdocs...')
#2 C:\xampp\htdocs\Haberles\system\View\View.php(213): CodeIgniter\View\View->CodeIgniter\View\{closure}()
#3 C:\xampp\htdocs\Haberles\system\Common.php(1089): CodeIgniter\View\View->render('back/usuario/pa...', Array, true)
#4 C:\xampp\htdocs\Haberles\app\Controllers\Usuario_controller.php(14): view('back/usuario/pa...')
#5 C:\xampp\htdocs\Haberles\system\CodeIgniter.php(832): App\Controllers\Usuario_controller->panel_usuarios()
#6 C:\xampp\htdocs\Haberles\system\CodeIgniter.php(419): CodeIgniter\CodeIgniter->runController(Object(App\Controllers\Usuario_controller))
#7 C:\xampp\htdocs\Haberles\system\CodeIgniter.php(326): CodeIgniter\CodeIgniter->handleRequest(NULL, Object(Config\Cache), false)
#8 C:\xampp\htdocs\Haberles\index.php(37): CodeIgniter\CodeIgniter->run()
#9 {main}
CRITICAL - 2022-06-18 23:29:21 --> Undefined array key -1
#0 C:\xampp\htdocs\Haberles\app\Views\back\usuario\panel_usuarios.php(33): CodeIgniter\Debug\Exceptions->errorHandler(2, 'Undefined array...', 'C:\\xampp\\htdocs...', 33)
#1 C:\xampp\htdocs\Haberles\system\View\View.php(210): include('C:\\xampp\\htdocs...')
#2 C:\xampp\htdocs\Haberles\system\View\View.php(213): CodeIgniter\View\View->CodeIgniter\View\{closure}()
#3 C:\xampp\htdocs\Haberles\system\Common.php(1089): CodeIgniter\View\View->render('back/usuario/pa...', Array, true)
#4 C:\xampp\htdocs\Haberles\app\Controllers\Usuario_controller.php(14): view('back/usuario/pa...')
#5 C:\xampp\htdocs\Haberles\system\CodeIgniter.php(832): App\Controllers\Usuario_controller->panel_usuarios()
#6 C:\xampp\htdocs\Haberles\system\CodeIgniter.php(419): CodeIgniter\CodeIgniter->runController(Object(App\Controllers\Usuario_controller))
#7 C:\xampp\htdocs\Haberles\system\CodeIgniter.php(326): CodeIgniter\CodeIgniter->handleRequest(NULL, Object(Config\Cache), false)
#8 C:\xampp\htdocs\Haberles\index.php(37): CodeIgniter\CodeIgniter->run()
#9 {main}
CRITICAL - 2022-06-18 23:29:26 --> Undefined array key -1
#0 C:\xampp\htdocs\Haberles\app\Views\back\usuario\panel_usuarios.php(33): CodeIgniter\Debug\Exceptions->errorHandler(2, 'Undefined array...', 'C:\\xampp\\htdocs...', 33)
#1 C:\xampp\htdocs\Haberles\system\View\View.php(210): include('C:\\xampp\\htdocs...')
#2 C:\xampp\htdocs\Haberles\system\View\View.php(213): CodeIgniter\View\View->CodeIgniter\View\{closure}()
#3 C:\xampp\htdocs\Haberles\system\Common.php(1089): CodeIgniter\View\View->render('back/usuario/pa...', Array, true)
#4 C:\xampp\htdocs\Haberles\app\Controllers\Usuario_controller.php(14): view('back/usuario/pa...')
#5 C:\xampp\htdocs\Haberles\system\CodeIgniter.php(832): App\Controllers\Usuario_controller->panel_usuarios()
#6 C:\xampp\htdocs\Haberles\system\CodeIgniter.php(419): CodeIgniter\CodeIgniter->runController(Object(App\Controllers\Usuario_controller))
#7 C:\xampp\htdocs\Haberles\system\CodeIgniter.php(326): CodeIgniter\CodeIgniter->handleRequest(NULL, Object(Config\Cache), false)
#8 C:\xampp\htdocs\Haberles\index.php(37): CodeIgniter\CodeIgniter->run()
#9 {main}
CRITICAL - 2022-06-18 23:30:07 --> Undefined array key -1
#0 C:\xampp\htdocs\Haberles\app\Views\back\usuario\panel_usuarios.php(33): CodeIgniter\Debug\Exceptions->errorHandler(2, 'Undefined array...', 'C:\\xampp\\htdocs...', 33)
#1 C:\xampp\htdocs\Haberles\system\View\View.php(210): include('C:\\xampp\\htdocs...')
#2 C:\xampp\htdocs\Haberles\system\View\View.php(213): CodeIgniter\View\View->CodeIgniter\View\{closure}()
#3 C:\xampp\htdocs\Haberles\system\Common.php(1089): CodeIgniter\View\View->render('back/usuario/pa...', Array, true)
#4 C:\xampp\htdocs\Haberles\app\Controllers\Usuario_controller.php(14): view('back/usuario/pa...')
#5 C:\xampp\htdocs\Haberles\system\CodeIgniter.php(832): App\Controllers\Usuario_controller->panel_usuarios()
#6 C:\xampp\htdocs\Haberles\system\CodeIgniter.php(419): CodeIgniter\CodeIgniter->runController(Object(App\Controllers\Usuario_controller))
#7 C:\xampp\htdocs\Haberles\system\CodeIgniter.php(326): CodeIgniter\CodeIgniter->handleRequest(NULL, Object(Config\Cache), false)
#8 C:\xampp\htdocs\Haberles\index.php(37): CodeIgniter\CodeIgniter->run()
#9 {main}
CRITICAL - 2022-06-18 23:30:07 --> Undefined array key -1
#0 C:\xampp\htdocs\Haberles\app\Views\back\usuario\panel_usuarios.php(33): CodeIgniter\Debug\Exceptions->errorHandler(2, 'Undefined array...', 'C:\\xampp\\htdocs...', 33)
#1 C:\xampp\htdocs\Haberles\system\View\View.php(210): include('C:\\xampp\\htdocs...')
#2 C:\xampp\htdocs\Haberles\system\View\View.php(213): CodeIgniter\View\View->CodeIgniter\View\{closure}()
#3 C:\xampp\htdocs\Haberles\system\Common.php(1089): CodeIgniter\View\View->render('back/usuario/pa...', Array, true)
#4 C:\xampp\htdocs\Haberles\app\Controllers\Usuario_controller.php(14): view('back/usuario/pa...')
#5 C:\xampp\htdocs\Haberles\system\CodeIgniter.php(832): App\Controllers\Usuario_controller->panel_usuarios()
#6 C:\xampp\htdocs\Haberles\system\CodeIgniter.php(419): CodeIgniter\CodeIgniter->runController(Object(App\Controllers\Usuario_controller))
#7 C:\xampp\htdocs\Haberles\system\CodeIgniter.php(326): CodeIgniter\CodeIgniter->handleRequest(NULL, Object(Config\Cache), false)
#8 C:\xampp\htdocs\Haberles\index.php(37): CodeIgniter\CodeIgniter->run()
#9 {main}
CRITICAL - 2022-06-18 23:30:07 --> Undefined array key -1
#0 C:\xampp\htdocs\Haberles\app\Views\back\usuario\panel_usuarios.php(33): CodeIgniter\Debug\Exceptions->errorHandler(2, 'Undefined array...', 'C:\\xampp\\htdocs...', 33)
#1 C:\xampp\htdocs\Haberles\system\View\View.php(210): include('C:\\xampp\\htdocs...')
#2 C:\xampp\htdocs\Haberles\system\View\View.php(213): CodeIgniter\View\View->CodeIgniter\View\{closure}()
#3 C:\xampp\htdocs\Haberles\system\Common.php(1089): CodeIgniter\View\View->render('back/usuario/pa...', Array, true)
#4 C:\xampp\htdocs\Haberles\app\Controllers\Usuario_controller.php(14): view('back/usuario/pa...')
#5 C:\xampp\htdocs\Haberles\system\CodeIgniter.php(832): App\Controllers\Usuario_controller->panel_usuarios()
#6 C:\xampp\htdocs\Haberles\system\CodeIgniter.php(419): CodeIgniter\CodeIgniter->runController(Object(App\Controllers\Usuario_controller))
#7 C:\xampp\htdocs\Haberles\system\CodeIgniter.php(326): CodeIgniter\CodeIgniter->handleRequest(NULL, Object(Config\Cache), false)
#8 C:\xampp\htdocs\Haberles\index.php(37): CodeIgniter\CodeIgniter->run()
#9 {main}
CRITICAL - 2022-06-18 23:30:10 --> Undefined array key -1
#0 C:\xampp\htdocs\Haberles\app\Views\back\usuario\panel_usuarios.php(33): CodeIgniter\Debug\Exceptions->errorHandler(2, 'Undefined array...', 'C:\\xampp\\htdocs...', 33)
#1 C:\xampp\htdocs\Haberles\system\View\View.php(210): include('C:\\xampp\\htdocs...')
#2 C:\xampp\htdocs\Haberles\system\View\View.php(213): CodeIgniter\View\View->CodeIgniter\View\{closure}()
#3 C:\xampp\htdocs\Haberles\system\Common.php(1089): CodeIgniter\View\View->render('back/usuario/pa...', Array, true)
#4 C:\xampp\htdocs\Haberles\app\Controllers\Usuario_controller.php(14): view('back/usuario/pa...')
#5 C:\xampp\htdocs\Haberles\system\CodeIgniter.php(832): App\Controllers\Usuario_controller->panel_usuarios()
#6 C:\xampp\htdocs\Haberles\system\CodeIgniter.php(419): CodeIgniter\CodeIgniter->runController(Object(App\Controllers\Usuario_controller))
#7 C:\xampp\htdocs\Haberles\system\CodeIgniter.php(326): CodeIgniter\CodeIgniter->handleRequest(NULL, Object(Config\Cache), false)
#8 C:\xampp\htdocs\Haberles\index.php(37): CodeIgniter\CodeIgniter->run()
#9 {main}
CRITICAL - 2022-06-18 23:30:15 --> Undefined array key -1
#0 C:\xampp\htdocs\Haberles\app\Views\back\usuario\panel_usuarios.php(33): CodeIgniter\Debug\Exceptions->errorHandler(2, 'Undefined array...', 'C:\\xampp\\htdocs...', 33)
#1 C:\xampp\htdocs\Haberles\system\View\View.php(210): include('C:\\xampp\\htdocs...')
#2 C:\xampp\htdocs\Haberles\system\View\View.php(213): CodeIgniter\View\View->CodeIgniter\View\{closure}()
#3 C:\xampp\htdocs\Haberles\system\Common.php(1089): CodeIgniter\View\View->render('back/usuario/pa...', Array, true)
#4 C:\xampp\htdocs\Haberles\app\Controllers\Usuario_controller.php(14): view('back/usuario/pa...')
#5 C:\xampp\htdocs\Haberles\system\CodeIgniter.php(832): App\Controllers\Usuario_controller->panel_usuarios()
#6 C:\xampp\htdocs\Haberles\system\CodeIgniter.php(419): CodeIgniter\CodeIgniter->runController(Object(App\Controllers\Usuario_controller))
#7 C:\xampp\htdocs\Haberles\system\CodeIgniter.php(326): CodeIgniter\CodeIgniter->handleRequest(NULL, Object(Config\Cache), false)
#8 C:\xampp\htdocs\Haberles\index.php(37): CodeIgniter\CodeIgniter->run()
#9 {main}
CRITICAL - 2022-06-18 23:31:11 --> syntax error, unexpected integer "1", expecting "]"
#0 C:\xampp\htdocs\Haberles\system\View\View.php(213): CodeIgniter\View\View->CodeIgniter\View\{closure}()
#1 C:\xampp\htdocs\Haberles\system\Common.php(1089): CodeIgniter\View\View->render('back/usuario/pa...', Array, true)
#2 C:\xampp\htdocs\Haberles\app\Controllers\Usuario_controller.php(14): view('back/usuario/pa...')
#3 C:\xampp\htdocs\Haberles\system\CodeIgniter.php(832): App\Controllers\Usuario_controller->panel_usuarios()
#4 C:\xampp\htdocs\Haberles\system\CodeIgniter.php(419): CodeIgniter\CodeIgniter->runController(Object(App\Controllers\Usuario_controller))
#5 C:\xampp\htdocs\Haberles\system\CodeIgniter.php(326): CodeIgniter\CodeIgniter->handleRequest(NULL, Object(Config\Cache), false)
#6 C:\xampp\htdocs\Haberles\index.php(37): CodeIgniter\CodeIgniter->run()
#7 {main}
CRITICAL - 2022-06-18 23:31:11 --> syntax error, unexpected integer "1", expecting "]"
#0 C:\xampp\htdocs\Haberles\system\View\View.php(213): CodeIgniter\View\View->CodeIgniter\View\{closure}()
#1 C:\xampp\htdocs\Haberles\system\Common.php(1089): CodeIgniter\View\View->render('back/usuario/pa...', Array, true)
#2 C:\xampp\htdocs\Haberles\app\Controllers\Usuario_controller.php(14): view('back/usuario/pa...')
#3 C:\xampp\htdocs\Haberles\system\CodeIgniter.php(832): App\Controllers\Usuario_controller->panel_usuarios()
#4 C:\xampp\htdocs\Haberles\system\CodeIgniter.php(419): CodeIgniter\CodeIgniter->runController(Object(App\Controllers\Usuario_controller))
#5 C:\xampp\htdocs\Haberles\system\CodeIgniter.php(326): CodeIgniter\CodeIgniter->handleRequest(NULL, Object(Config\Cache), false)
#6 C:\xampp\htdocs\Haberles\index.php(37): CodeIgniter\CodeIgniter->run()
#7 {main}
CRITICAL - 2022-06-18 23:31:11 --> syntax error, unexpected integer "1", expecting "]"
#0 C:\xampp\htdocs\Haberles\system\View\View.php(213): CodeIgniter\View\View->CodeIgniter\View\{closure}()
#1 C:\xampp\htdocs\Haberles\system\Common.php(1089): CodeIgniter\View\View->render('back/usuario/pa...', Array, true)
#2 C:\xampp\htdocs\Haberles\app\Controllers\Usuario_controller.php(14): view('back/usuario/pa...')
#3 C:\xampp\htdocs\Haberles\system\CodeIgniter.php(832): App\Controllers\Usuario_controller->panel_usuarios()
#4 C:\xampp\htdocs\Haberles\system\CodeIgniter.php(419): CodeIgniter\CodeIgniter->runController(Object(App\Controllers\Usuario_controller))
#5 C:\xampp\htdocs\Haberles\system\CodeIgniter.php(326): CodeIgniter\CodeIgniter->handleRequest(NULL, Object(Config\Cache), false)
#6 C:\xampp\htdocs\Haberles\index.php(37): CodeIgniter\CodeIgniter->run()
#7 {main}
CRITICAL - 2022-06-18 23:31:11 --> syntax error, unexpected integer "1", expecting "]"
#0 C:\xampp\htdocs\Haberles\system\View\View.php(213): CodeIgniter\View\View->CodeIgniter\View\{closure}()
#1 C:\xampp\htdocs\Haberles\system\Common.php(1089): CodeIgniter\View\View->render('back/usuario/pa...', Array, true)
#2 C:\xampp\htdocs\Haberles\app\Controllers\Usuario_controller.php(14): view('back/usuario/pa...')
#3 C:\xampp\htdocs\Haberles\system\CodeIgniter.php(832): App\Controllers\Usuario_controller->panel_usuarios()
#4 C:\xampp\htdocs\Haberles\system\CodeIgniter.php(419): CodeIgniter\CodeIgniter->runController(Object(App\Controllers\Usuario_controller))
#5 C:\xampp\htdocs\Haberles\system\CodeIgniter.php(326): CodeIgniter\CodeIgniter->handleRequest(NULL, Object(Config\Cache), false)
#6 C:\xampp\htdocs\Haberles\index.php(37): CodeIgniter\CodeIgniter->run()
#7 {main}
CRITICAL - 2022-06-18 23:31:21 --> Undefined array key -1
#0 C:\xampp\htdocs\Haberles\app\Views\back\usuario\panel_usuarios.php(33): CodeIgniter\Debug\Exceptions->errorHandler(2, 'Undefined array...', 'C:\\xampp\\htdocs...', 33)
#1 C:\xampp\htdocs\Haberles\system\View\View.php(210): include('C:\\xampp\\htdocs...')
#2 C:\xampp\htdocs\Haberles\system\View\View.php(213): CodeIgniter\View\View->CodeIgniter\View\{closure}()
#3 C:\xampp\htdocs\Haberles\system\Common.php(1089): CodeIgniter\View\View->render('back/usuario/pa...', Array, true)
#4 C:\xampp\htdocs\Haberles\app\Controllers\Usuario_controller.php(14): view('back/usuario/pa...')
#5 C:\xampp\htdocs\Haberles\system\CodeIgniter.php(832): App\Controllers\Usuario_controller->panel_usuarios()
#6 C:\xampp\htdocs\Haberles\system\CodeIgniter.php(419): CodeIgniter\CodeIgniter->runController(Object(App\Controllers\Usuario_controller))
#7 C:\xampp\htdocs\Haberles\system\CodeIgniter.php(326): CodeIgniter\CodeIgniter->handleRequest(NULL, Object(Config\Cache), false)
#8 C:\xampp\htdocs\Haberles\index.php(37): CodeIgniter\CodeIgniter->run()
#9 {main}
CRITICAL - 2022-06-18 23:31:21 --> Undefined array key -1
#0 C:\xampp\htdocs\Haberles\app\Views\back\usuario\panel_usuarios.php(33): CodeIgniter\Debug\Exceptions->errorHandler(2, 'Undefined array...', 'C:\\xampp\\htdocs...', 33)
#1 C:\xampp\htdocs\Haberles\system\View\View.php(210): include('C:\\xampp\\htdocs...')
#2 C:\xampp\htdocs\Haberles\system\View\View.php(213): CodeIgniter\View\View->CodeIgniter\View\{closure}()
#3 C:\xampp\htdocs\Haberles\system\Common.php(1089): CodeIgniter\View\View->render('back/usuario/pa...', Array, true)
#4 C:\xampp\htdocs\Haberles\app\Controllers\Usuario_controller.php(14): view('back/usuario/pa...')
#5 C:\xampp\htdocs\Haberles\system\CodeIgniter.php(832): App\Controllers\Usuario_controller->panel_usuarios()
#6 C:\xampp\htdocs\Haberles\system\CodeIgniter.php(419): CodeIgniter\CodeIgniter->runController(Object(App\Controllers\Usuario_controller))
#7 C:\xampp\htdocs\Haberles\system\CodeIgniter.php(326): CodeIgniter\CodeIgniter->handleRequest(NULL, Object(Config\Cache), false)
#8 C:\xampp\htdocs\Haberles\index.php(37): CodeIgniter\CodeIgniter->run()
#9 {main}
CRITICAL - 2022-06-18 23:31:21 --> Undefined array key -1
#0 C:\xampp\htdocs\Haberles\app\Views\back\usuario\panel_usuarios.php(33): CodeIgniter\Debug\Exceptions->errorHandler(2, 'Undefined array...', 'C:\\xampp\\htdocs...', 33)
#1 C:\xampp\htdocs\Haberles\system\View\View.php(210): include('C:\\xampp\\htdocs...')
#2 C:\xampp\htdocs\Haberles\system\View\View.php(213): CodeIgniter\View\View->CodeIgniter\View\{closure}()
#3 C:\xampp\htdocs\Haberles\system\Common.php(1089): CodeIgniter\View\View->render('back/usuario/pa...', Array, true)
#4 C:\xampp\htdocs\Haberles\app\Controllers\Usuario_controller.php(14): view('back/usuario/pa...')
#5 C:\xampp\htdocs\Haberles\system\CodeIgniter.php(832): App\Controllers\Usuario_controller->panel_usuarios()
#6 C:\xampp\htdocs\Haberles\system\CodeIgniter.php(419): CodeIgniter\CodeIgniter->runController(Object(App\Controllers\Usuario_controller))
#7 C:\xampp\htdocs\Haberles\system\CodeIgniter.php(326): CodeIgniter\CodeIgniter->handleRequest(NULL, Object(Config\Cache), false)
#8 C:\xampp\htdocs\Haberles\index.php(37): CodeIgniter\CodeIgniter->run()
#9 {main}
CRITICAL - 2022-06-18 23:31:42 --> Undefined array key 2
#0 C:\xampp\htdocs\Haberles\app\Views\back\usuario\panel_usuarios.php(33): CodeIgniter\Debug\Exceptions->errorHandler(2, 'Undefined array...', 'C:\\xampp\\htdocs...', 33)
#1 C:\xampp\htdocs\Haberles\system\View\View.php(210): include('C:\\xampp\\htdocs...')
#2 C:\xampp\htdocs\Haberles\system\View\View.php(213): CodeIgniter\View\View->CodeIgniter\View\{closure}()
#3 C:\xampp\htdocs\Haberles\system\Common.php(1089): CodeIgniter\View\View->render('back/usuario/pa...', Array, true)
#4 C:\xampp\htdocs\Haberles\app\Controllers\Usuario_controller.php(14): view('back/usuario/pa...')
#5 C:\xampp\htdocs\Haberles\system\CodeIgniter.php(832): App\Controllers\Usuario_controller->panel_usuarios()
#6 C:\xampp\htdocs\Haberles\system\CodeIgniter.php(419): CodeIgniter\CodeIgniter->runController(Object(App\Controllers\Usuario_controller))
#7 C:\xampp\htdocs\Haberles\system\CodeIgniter.php(326): CodeIgniter\CodeIgniter->handleRequest(NULL, Object(Config\Cache), false)
#8 C:\xampp\htdocs\Haberles\index.php(37): CodeIgniter\CodeIgniter->run()
#9 {main}
CRITICAL - 2022-06-18 23:31:42 --> Undefined array key 2
#0 C:\xampp\htdocs\Haberles\app\Views\back\usuario\panel_usuarios.php(33): CodeIgniter\Debug\Exceptions->errorHandler(2, 'Undefined array...', 'C:\\xampp\\htdocs...', 33)
#1 C:\xampp\htdocs\Haberles\system\View\View.php(210): include('C:\\xampp\\htdocs...')
#2 C:\xampp\htdocs\Haberles\system\View\View.php(213): CodeIgniter\View\View->CodeIgniter\View\{closure}()
#3 C:\xampp\htdocs\Haberles\system\Common.php(1089): CodeIgniter\View\View->render('back/usuario/pa...', Array, true)
#4 C:\xampp\htdocs\Haberles\app\Controllers\Usuario_controller.php(14): view('back/usuario/pa...')
#5 C:\xampp\htdocs\Haberles\system\CodeIgniter.php(832): App\Controllers\Usuario_controller->panel_usuarios()
#6 C:\xampp\htdocs\Haberles\system\CodeIgniter.php(419): CodeIgniter\CodeIgniter->runController(Object(App\Controllers\Usuario_controller))
#7 C:\xampp\htdocs\Haberles\system\CodeIgniter.php(326): CodeIgniter\CodeIgniter->handleRequest(NULL, Object(Config\Cache), false)
#8 C:\xampp\htdocs\Haberles\index.php(37): CodeIgniter\CodeIgniter->run()
#9 {main}
CRITICAL - 2022-06-18 23:31:43 --> Undefined array key 2
#0 C:\xampp\htdocs\Haberles\app\Views\back\usuario\panel_usuarios.php(33): CodeIgniter\Debug\Exceptions->errorHandler(2, 'Undefined array...', 'C:\\xampp\\htdocs...', 33)
#1 C:\xampp\htdocs\Haberles\system\View\View.php(210): include('C:\\xampp\\htdocs...')
#2 C:\xampp\htdocs\Haberles\system\View\View.php(213): CodeIgniter\View\View->CodeIgniter\View\{closure}()
#3 C:\xampp\htdocs\Haberles\system\Common.php(1089): CodeIgniter\View\View->render('back/usuario/pa...', Array, true)
#4 C:\xampp\htdocs\Haberles\app\Controllers\Usuario_controller.php(14): view('back/usuario/pa...')
#5 C:\xampp\htdocs\Haberles\system\CodeIgniter.php(832): App\Controllers\Usuario_controller->panel_usuarios()
#6 C:\xampp\htdocs\Haberles\system\CodeIgniter.php(419): CodeIgniter\CodeIgniter->runController(Object(App\Controllers\Usuario_controller))
#7 C:\xampp\htdocs\Haberles\system\CodeIgniter.php(326): CodeIgniter\CodeIgniter->handleRequest(NULL, Object(Config\Cache), false)
#8 C:\xampp\htdocs\Haberles\index.php(37): CodeIgniter\CodeIgniter->run()
#9 {main}
CRITICAL - 2022-06-18 23:31:44 --> Undefined array key 2
#0 C:\xampp\htdocs\Haberles\app\Views\back\usuario\panel_usuarios.php(33): CodeIgniter\Debug\Exceptions->errorHandler(2, 'Undefined array...', 'C:\\xampp\\htdocs...', 33)
#1 C:\xampp\htdocs\Haberles\system\View\View.php(210): include('C:\\xampp\\htdocs...')
#2 C:\xampp\htdocs\Haberles\system\View\View.php(213): CodeIgniter\View\View->CodeIgniter\View\{closure}()
#3 C:\xampp\htdocs\Haberles\system\Common.php(1089): CodeIgniter\View\View->render('back/usuario/pa...', Array, true)
#4 C:\xampp\htdocs\Haberles\app\Controllers\Usuario_controller.php(14): view('back/usuario/pa...')
#5 C:\xampp\htdocs\Haberles\system\CodeIgniter.php(832): App\Controllers\Usuario_controller->panel_usuarios()
#6 C:\xampp\htdocs\Haberles\system\CodeIgniter.php(419): CodeIgniter\CodeIgniter->runController(Object(App\Controllers\Usuario_controller))
#7 C:\xampp\htdocs\Haberles\system\CodeIgniter.php(326): CodeIgniter\CodeIgniter->handleRequest(NULL, Object(Config\Cache), false)
#8 C:\xampp\htdocs\Haberles\index.php(37): CodeIgniter\CodeIgniter->run()
#9 {main}
CRITICAL - 2022-06-18 23:31:44 --> Undefined array key 2
#0 C:\xampp\htdocs\Haberles\app\Views\back\usuario\panel_usuarios.php(33): CodeIgniter\Debug\Exceptions->errorHandler(2, 'Undefined array...', 'C:\\xampp\\htdocs...', 33)
#1 C:\xampp\htdocs\Haberles\system\View\View.php(210): include('C:\\xampp\\htdocs...')
#2 C:\xampp\htdocs\Haberles\system\View\View.php(213): CodeIgniter\View\View->CodeIgniter\View\{closure}()
#3 C:\xampp\htdocs\Haberles\system\Common.php(1089): CodeIgniter\View\View->render('back/usuario/pa...', Array, true)
#4 C:\xampp\htdocs\Haberles\app\Controllers\Usuario_controller.php(14): view('back/usuario/pa...')
#5 C:\xampp\htdocs\Haberles\system\CodeIgniter.php(832): App\Controllers\Usuario_controller->panel_usuarios()
#6 C:\xampp\htdocs\Haberles\system\CodeIgniter.php(419): CodeIgniter\CodeIgniter->runController(Object(App\Controllers\Usuario_controller))
#7 C:\xampp\htdocs\Haberles\system\CodeIgniter.php(326): CodeIgniter\CodeIgniter->handleRequest(NULL, Object(Config\Cache), false)
#8 C:\xampp\htdocs\Haberles\index.php(37): CodeIgniter\CodeIgniter->run()
#9 {main}
CRITICAL - 2022-06-18 23:31:47 --> Undefined array key 2
#0 C:\xampp\htdocs\Haberles\app\Views\back\usuario\panel_usuarios.php(33): CodeIgniter\Debug\Exceptions->errorHandler(2, 'Undefined array...', 'C:\\xampp\\htdocs...', 33)
#1 C:\xampp\htdocs\Haberles\system\View\View.php(210): include('C:\\xampp\\htdocs...')
#2 C:\xampp\htdocs\Haberles\system\View\View.php(213): CodeIgniter\View\View->CodeIgniter\View\{closure}()
#3 C:\xampp\htdocs\Haberles\system\Common.php(1089): CodeIgniter\View\View->render('back/usuario/pa...', Array, true)
#4 C:\xampp\htdocs\Haberles\app\Controllers\Usuario_controller.php(14): view('back/usuario/pa...')
#5 C:\xampp\htdocs\Haberles\system\CodeIgniter.php(832): App\Controllers\Usuario_controller->panel_usuarios()
#6 C:\xampp\htdocs\Haberles\system\CodeIgniter.php(419): CodeIgniter\CodeIgniter->runController(Object(App\Controllers\Usuario_controller))
#7 C:\xampp\htdocs\Haberles\system\CodeIgniter.php(326): CodeIgniter\CodeIgniter->handleRequest(NULL, Object(Config\Cache), false)
#8 C:\xampp\htdocs\Haberles\index.php(37): CodeIgniter\CodeIgniter->run()
#9 {main}
CRITICAL - 2022-06-18 23:31:47 --> Undefined array key 2
#0 C:\xampp\htdocs\Haberles\app\Views\back\usuario\panel_usuarios.php(33): CodeIgniter\Debug\Exceptions->errorHandler(2, 'Undefined array...', 'C:\\xampp\\htdocs...', 33)
#1 C:\xampp\htdocs\Haberles\system\View\View.php(210): include('C:\\xampp\\htdocs...')
#2 C:\xampp\htdocs\Haberles\system\View\View.php(213): CodeIgniter\View\View->CodeIgniter\View\{closure}()
#3 C:\xampp\htdocs\Haberles\system\Common.php(1089): CodeIgniter\View\View->render('back/usuario/pa...', Array, true)
#4 C:\xampp\htdocs\Haberles\app\Controllers\Usuario_controller.php(14): view('back/usuario/pa...')
#5 C:\xampp\htdocs\Haberles\system\CodeIgniter.php(832): App\Controllers\Usuario_controller->panel_usuarios()
#6 C:\xampp\htdocs\Haberles\system\CodeIgniter.php(419): CodeIgniter\CodeIgniter->runController(Object(App\Controllers\Usuario_controller))
#7 C:\xampp\htdocs\Haberles\system\CodeIgniter.php(326): CodeIgniter\CodeIgniter->handleRequest(NULL, Object(Config\Cache), false)
#8 C:\xampp\htdocs\Haberles\index.php(37): CodeIgniter\CodeIgniter->run()
#9 {main}
CRITICAL - 2022-06-18 23:31:47 --> Undefined array key 2
#0 C:\xampp\htdocs\Haberles\app\Views\back\usuario\panel_usuarios.php(33): CodeIgniter\Debug\Exceptions->errorHandler(2, 'Undefined array...', 'C:\\xampp\\htdocs...', 33)
#1 C:\xampp\htdocs\Haberles\system\View\View.php(210): include('C:\\xampp\\htdocs...')
#2 C:\xampp\htdocs\Haberles\system\View\View.php(213): CodeIgniter\View\View->CodeIgniter\View\{closure}()
#3 C:\xampp\htdocs\Haberles\system\Common.php(1089): CodeIgniter\View\View->render('back/usuario/pa...', Array, true)
#4 C:\xampp\htdocs\Haberles\app\Controllers\Usuario_controller.php(14): view('back/usuario/pa...')
#5 C:\xampp\htdocs\Haberles\system\CodeIgniter.php(832): App\Controllers\Usuario_controller->panel_usuarios()
#6 C:\xampp\htdocs\Haberles\system\CodeIgniter.php(419): CodeIgniter\CodeIgniter->runController(Object(App\Controllers\Usuario_controller))
#7 C:\xampp\htdocs\Haberles\system\CodeIgniter.php(326): CodeIgniter\CodeIgniter->handleRequest(NULL, Object(Config\Cache), false)
#8 C:\xampp\htdocs\Haberles\index.php(37): CodeIgniter\CodeIgniter->run()
#9 {main}
CRITICAL - 2022-06-18 23:31:48 --> Undefined array key 2
#0 C:\xampp\htdocs\Haberles\app\Views\back\usuario\panel_usuarios.php(33): CodeIgniter\Debug\Exceptions->errorHandler(2, 'Undefined array...', 'C:\\xampp\\htdocs...', 33)
#1 C:\xampp\htdocs\Haberles\system\View\View.php(210): include('C:\\xampp\\htdocs...')
#2 C:\xampp\htdocs\Haberles\system\View\View.php(213): CodeIgniter\View\View->CodeIgniter\View\{closure}()
#3 C:\xampp\htdocs\Haberles\system\Common.php(1089): CodeIgniter\View\View->render('back/usuario/pa...', Array, true)
#4 C:\xampp\htdocs\Haberles\app\Controllers\Usuario_controller.php(14): view('back/usuario/pa...')
#5 C:\xampp\htdocs\Haberles\system\CodeIgniter.php(832): App\Controllers\Usuario_controller->panel_usuarios()
#6 C:\xampp\htdocs\Haberles\system\CodeIgniter.php(419): CodeIgniter\CodeIgniter->runController(Object(App\Controllers\Usuario_controller))
#7 C:\xampp\htdocs\Haberles\system\CodeIgniter.php(326): CodeIgniter\CodeIgniter->handleRequest(NULL, Object(Config\Cache), false)
#8 C:\xampp\htdocs\Haberles\index.php(37): CodeIgniter\CodeIgniter->run()
#9 {main}
CRITICAL - 2022-06-18 23:31:48 --> Undefined array key 2
#0 C:\xampp\htdocs\Haberles\app\Views\back\usuario\panel_usuarios.php(33): CodeIgniter\Debug\Exceptions->errorHandler(2, 'Undefined array...', 'C:\\xampp\\htdocs...', 33)
#1 C:\xampp\htdocs\Haberles\system\View\View.php(210): include('C:\\xampp\\htdocs...')
#2 C:\xampp\htdocs\Haberles\system\View\View.php(213): CodeIgniter\View\View->CodeIgniter\View\{closure}()
#3 C:\xampp\htdocs\Haberles\system\Common.php(1089): CodeIgniter\View\View->render('back/usuario/pa...', Array, true)
#4 C:\xampp\htdocs\Haberles\app\Controllers\Usuario_controller.php(14): view('back/usuario/pa...')
#5 C:\xampp\htdocs\Haberles\system\CodeIgniter.php(832): App\Controllers\Usuario_controller->panel_usuarios()
#6 C:\xampp\htdocs\Haberles\system\CodeIgniter.php(419): CodeIgniter\CodeIgniter->runController(Object(App\Controllers\Usuario_controller))
#7 C:\xampp\htdocs\Haberles\system\CodeIgniter.php(326): CodeIgniter\CodeIgniter->handleRequest(NULL, Object(Config\Cache), false)
#8 C:\xampp\htdocs\Haberles\index.php(37): CodeIgniter\CodeIgniter->run()
#9 {main}
CRITICAL - 2022-06-18 23:31:48 --> Undefined array key 2
#0 C:\xampp\htdocs\Haberles\app\Views\back\usuario\panel_usuarios.php(33): CodeIgniter\Debug\Exceptions->errorHandler(2, 'Undefined array...', 'C:\\xampp\\htdocs...', 33)
#1 C:\xampp\htdocs\Haberles\system\View\View.php(210): include('C:\\xampp\\htdocs...')
#2 C:\xampp\htdocs\Haberles\system\View\View.php(213): CodeIgniter\View\View->CodeIgniter\View\{closure}()
#3 C:\xampp\htdocs\Haberles\system\Common.php(1089): CodeIgniter\View\View->render('back/usuario/pa...', Array, true)
#4 C:\xampp\htdocs\Haberles\app\Controllers\Usuario_controller.php(14): view('back/usuario/pa...')
#5 C:\xampp\htdocs\Haberles\system\CodeIgniter.php(832): App\Controllers\Usuario_controller->panel_usuarios()
#6 C:\xampp\htdocs\Haberles\system\CodeIgniter.php(419): CodeIgniter\CodeIgniter->runController(Object(App\Controllers\Usuario_controller))
#7 C:\xampp\htdocs\Haberles\system\CodeIgniter.php(326): CodeIgniter\CodeIgniter->handleRequest(NULL, Object(Config\Cache), false)
#8 C:\xampp\htdocs\Haberles\index.php(37): CodeIgniter\CodeIgniter->run()
#9 {main}
CRITICAL - 2022-06-18 23:31:49 --> Undefined array key 2
#0 C:\xampp\htdocs\Haberles\app\Views\back\usuario\panel_usuarios.php(33): CodeIgniter\Debug\Exceptions->errorHandler(2, 'Undefined array...', 'C:\\xampp\\htdocs...', 33)
#1 C:\xampp\htdocs\Haberles\system\View\View.php(210): include('C:\\xampp\\htdocs...')
#2 C:\xampp\htdocs\Haberles\system\View\View.php(213): CodeIgniter\View\View->CodeIgniter\View\{closure}()
#3 C:\xampp\htdocs\Haberles\system\Common.php(1089): CodeIgniter\View\View->render('back/usuario/pa...', Array, true)
#4 C:\xampp\htdocs\Haberles\app\Controllers\Usuario_controller.php(14): view('back/usuario/pa...')
#5 C:\xampp\htdocs\Haberles\system\CodeIgniter.php(832): App\Controllers\Usuario_controller->panel_usuarios()
#6 C:\xampp\htdocs\Haberles\system\CodeIgniter.php(419): CodeIgniter\CodeIgniter->runController(Object(App\Controllers\Usuario_controller))
#7 C:\xampp\htdocs\Haberles\system\CodeIgniter.php(326): CodeIgniter\CodeIgniter->handleRequest(NULL, Object(Config\Cache), false)
#8 C:\xampp\htdocs\Haberles\index.php(37): CodeIgniter\CodeIgniter->run()
#9 {main}
CRITICAL - 2022-06-18 23:31:49 --> Undefined array key 2
#0 C:\xampp\htdocs\Haberles\app\Views\back\usuario\panel_usuarios.php(33): CodeIgniter\Debug\Exceptions->errorHandler(2, 'Undefined array...', 'C:\\xampp\\htdocs...', 33)
#1 C:\xampp\htdocs\Haberles\system\View\View.php(210): include('C:\\xampp\\htdocs...')
#2 C:\xampp\htdocs\Haberles\system\View\View.php(213): CodeIgniter\View\View->CodeIgniter\View\{closure}()
#3 C:\xampp\htdocs\Haberles\system\Common.php(1089): CodeIgniter\View\View->render('back/usuario/pa...', Array, true)
#4 C:\xampp\htdocs\Haberles\app\Controllers\Usuario_controller.php(14): view('back/usuario/pa...')
#5 C:\xampp\htdocs\Haberles\system\CodeIgniter.php(832): App\Controllers\Usuario_controller->panel_usuarios()
#6 C:\xampp\htdocs\Haberles\system\CodeIgniter.php(419): CodeIgniter\CodeIgniter->runController(Object(App\Controllers\Usuario_controller))
#7 C:\xampp\htdocs\Haberles\system\CodeIgniter.php(326): CodeIgniter\CodeIgniter->handleRequest(NULL, Object(Config\Cache), false)
#8 C:\xampp\htdocs\Haberles\index.php(37): CodeIgniter\CodeIgniter->run()
#9 {main}
CRITICAL - 2022-06-18 23:31:49 --> Undefined array key 2
#0 C:\xampp\htdocs\Haberles\app\Views\back\usuario\panel_usuarios.php(33): CodeIgniter\Debug\Exceptions->errorHandler(2, 'Undefined array...', 'C:\\xampp\\htdocs...', 33)
#1 C:\xampp\htdocs\Haberles\system\View\View.php(210): include('C:\\xampp\\htdocs...')
#2 C:\xampp\htdocs\Haberles\system\View\View.php(213): CodeIgniter\View\View->CodeIgniter\View\{closure}()
#3 C:\xampp\htdocs\Haberles\system\Common.php(1089): CodeIgniter\View\View->render('back/usuario/pa...', Array, true)
#4 C:\xampp\htdocs\Haberles\app\Controllers\Usuario_controller.php(14): view('back/usuario/pa...')
#5 C:\xampp\htdocs\Haberles\system\CodeIgniter.php(832): App\Controllers\Usuario_controller->panel_usuarios()
#6 C:\xampp\htdocs\Haberles\system\CodeIgniter.php(419): CodeIgniter\CodeIgniter->runController(Object(App\Controllers\Usuario_controller))
#7 C:\xampp\htdocs\Haberles\system\CodeIgniter.php(326): CodeIgniter\CodeIgniter->handleRequest(NULL, Object(Config\Cache), false)
#8 C:\xampp\htdocs\Haberles\index.php(37): CodeIgniter\CodeIgniter->run()
#9 {main}
CRITICAL - 2022-06-18 23:31:49 --> Undefined array key 2
#0 C:\xampp\htdocs\Haberles\app\Views\back\usuario\panel_usuarios.php(33): CodeIgniter\Debug\Exceptions->errorHandler(2, 'Undefined array...', 'C:\\xampp\\htdocs...', 33)
#1 C:\xampp\htdocs\Haberles\system\View\View.php(210): include('C:\\xampp\\htdocs...')
#2 C:\xampp\htdocs\Haberles\system\View\View.php(213): CodeIgniter\View\View->CodeIgniter\View\{closure}()
#3 C:\xampp\htdocs\Haberles\system\Common.php(1089): CodeIgniter\View\View->render('back/usuario/pa...', Array, true)
#4 C:\xampp\htdocs\Haberles\app\Controllers\Usuario_controller.php(14): view('back/usuario/pa...')
#5 C:\xampp\htdocs\Haberles\system\CodeIgniter.php(832): App\Controllers\Usuario_controller->panel_usuarios()
#6 C:\xampp\htdocs\Haberles\system\CodeIgniter.php(419): CodeIgniter\CodeIgniter->runController(Object(App\Controllers\Usuario_controller))
#7 C:\xampp\htdocs\Haberles\system\CodeIgniter.php(326): CodeIgniter\CodeIgniter->handleRequest(NULL, Object(Config\Cache), false)
#8 C:\xampp\htdocs\Haberles\index.php(37): CodeIgniter\CodeIgniter->run()
#9 {main}
CRITICAL - 2022-06-18 23:31:59 --> Undefined array key -1
#0 C:\xampp\htdocs\Haberles\app\Views\back\usuario\panel_usuarios.php(33): CodeIgniter\Debug\Exceptions->errorHandler(2, 'Undefined array...', 'C:\\xampp\\htdocs...', 33)
#1 C:\xampp\htdocs\Haberles\system\View\View.php(210): include('C:\\xampp\\htdocs...')
#2 C:\xampp\htdocs\Haberles\system\View\View.php(213): CodeIgniter\View\View->CodeIgniter\View\{closure}()
#3 C:\xampp\htdocs\Haberles\system\Common.php(1089): CodeIgniter\View\View->render('back/usuario/pa...', Array, true)
#4 C:\xampp\htdocs\Haberles\app\Controllers\Usuario_controller.php(14): view('back/usuario/pa...')
#5 C:\xampp\htdocs\Haberles\system\CodeIgniter.php(832): App\Controllers\Usuario_controller->panel_usuarios()
#6 C:\xampp\htdocs\Haberles\system\CodeIgniter.php(419): CodeIgniter\CodeIgniter->runController(Object(App\Controllers\Usuario_controller))
#7 C:\xampp\htdocs\Haberles\system\CodeIgniter.php(326): CodeIgniter\CodeIgniter->handleRequest(NULL, Object(Config\Cache), false)
#8 C:\xampp\htdocs\Haberles\index.php(37): CodeIgniter\CodeIgniter->run()
#9 {main}
CRITICAL - 2022-06-18 23:32:00 --> Undefined array key -1
#0 C:\xampp\htdocs\Haberles\app\Views\back\usuario\panel_usuarios.php(33): CodeIgniter\Debug\Exceptions->errorHandler(2, 'Undefined array...', 'C:\\xampp\\htdocs...', 33)
#1 C:\xampp\htdocs\Haberles\system\View\View.php(210): include('C:\\xampp\\htdocs...')
#2 C:\xampp\htdocs\Haberles\system\View\View.php(213): CodeIgniter\View\View->CodeIgniter\View\{closure}()
#3 C:\xampp\htdocs\Haberles\system\Common.php(1089): CodeIgniter\View\View->render('back/usuario/pa...', Array, true)
#4 C:\xampp\htdocs\Haberles\app\Controllers\Usuario_controller.php(14): view('back/usuario/pa...')
#5 C:\xampp\htdocs\Haberles\system\CodeIgniter.php(832): App\Controllers\Usuario_controller->panel_usuarios()
#6 C:\xampp\htdocs\Haberles\system\CodeIgniter.php(419): CodeIgniter\CodeIgniter->runController(Object(App\Controllers\Usuario_controller))
#7 C:\xampp\htdocs\Haberles\system\CodeIgniter.php(326): CodeIgniter\CodeIgniter->handleRequest(NULL, Object(Config\Cache), false)
#8 C:\xampp\htdocs\Haberles\index.php(37): CodeIgniter\CodeIgniter->run()
#9 {main}
CRITICAL - 2022-06-18 23:32:09 --> Undefined array key -1
#0 C:\xampp\htdocs\Haberles\app\Views\back\usuario\panel_usuarios.php(33): CodeIgniter\Debug\Exceptions->errorHandler(2, 'Undefined array...', 'C:\\xampp\\htdocs...', 33)
#1 C:\xampp\htdocs\Haberles\system\View\View.php(210): include('C:\\xampp\\htdocs...')
#2 C:\xampp\htdocs\Haberles\system\View\View.php(213): CodeIgniter\View\View->CodeIgniter\View\{closure}()
#3 C:\xampp\htdocs\Haberles\system\Common.php(1089): CodeIgniter\View\View->render('back/usuario/pa...', Array, true)
#4 C:\xampp\htdocs\Haberles\app\Controllers\Usuario_controller.php(14): view('back/usuario/pa...')
#5 C:\xampp\htdocs\Haberles\system\CodeIgniter.php(832): App\Controllers\Usuario_controller->panel_usuarios()
#6 C:\xampp\htdocs\Haberles\system\CodeIgniter.php(419): CodeIgniter\CodeIgniter->runController(Object(App\Controllers\Usuario_controller))
#7 C:\xampp\htdocs\Haberles\system\CodeIgniter.php(326): CodeIgniter\CodeIgniter->handleRequest(NULL, Object(Config\Cache), false)
#8 C:\xampp\htdocs\Haberles\index.php(37): CodeIgniter\CodeIgniter->run()
#9 {main}
CRITICAL - 2022-06-18 23:33:25 --> Undefined array key -1
#0 C:\xampp\htdocs\Haberles\app\Views\back\usuario\panel_usuarios.php(33): CodeIgniter\Debug\Exceptions->errorHandler(2, 'Undefined array...', 'C:\\xampp\\htdocs...', 33)
#1 C:\xampp\htdocs\Haberles\system\View\View.php(210): include('C:\\xampp\\htdocs...')
#2 C:\xampp\htdocs\Haberles\system\View\View.php(213): CodeIgniter\View\View->CodeIgniter\View\{closure}()
#3 C:\xampp\htdocs\Haberles\system\Common.php(1089): CodeIgniter\View\View->render('back/usuario/pa...', Array, true)
#4 C:\xampp\htdocs\Haberles\app\Controllers\Usuario_controller.php(14): view('back/usuario/pa...')
#5 C:\xampp\htdocs\Haberles\system\CodeIgniter.php(832): App\Controllers\Usuario_controller->panel_usuarios()
#6 C:\xampp\htdocs\Haberles\system\CodeIgniter.php(419): CodeIgniter\CodeIgniter->runController(Object(App\Controllers\Usuario_controller))
#7 C:\xampp\htdocs\Haberles\system\CodeIgniter.php(326): CodeIgniter\CodeIgniter->handleRequest(NULL, Object(Config\Cache), false)
#8 C:\xampp\htdocs\Haberles\index.php(37): CodeIgniter\CodeIgniter->run()
#9 {main}
CRITICAL - 2022-06-18 23:33:26 --> Undefined array key -1
#0 C:\xampp\htdocs\Haberles\app\Views\back\usuario\panel_usuarios.php(33): CodeIgniter\Debug\Exceptions->errorHandler(2, 'Undefined array...', 'C:\\xampp\\htdocs...', 33)
#1 C:\xampp\htdocs\Haberles\system\View\View.php(210): include('C:\\xampp\\htdocs...')
#2 C:\xampp\htdocs\Haberles\system\View\View.php(213): CodeIgniter\View\View->CodeIgniter\View\{closure}()
#3 C:\xampp\htdocs\Haberles\system\Common.php(1089): CodeIgniter\View\View->render('back/usuario/pa...', Array, true)
#4 C:\xampp\htdocs\Haberles\app\Controllers\Usuario_controller.php(14): view('back/usuario/pa...')
#5 C:\xampp\htdocs\Haberles\system\CodeIgniter.php(832): App\Controllers\Usuario_controller->panel_usuarios()
#6 C:\xampp\htdocs\Haberles\system\CodeIgniter.php(419): CodeIgniter\CodeIgniter->runController(Object(App\Controllers\Usuario_controller))
#7 C:\xampp\htdocs\Haberles\system\CodeIgniter.php(326): CodeIgniter\CodeIgniter->handleRequest(NULL, Object(Config\Cache), false)
#8 C:\xampp\htdocs\Haberles\index.php(37): CodeIgniter\CodeIgniter->run()
#9 {main}
CRITICAL - 2022-06-18 23:33:26 --> Undefined array key -1
#0 C:\xampp\htdocs\Haberles\app\Views\back\usuario\panel_usuarios.php(33): CodeIgniter\Debug\Exceptions->errorHandler(2, 'Undefined array...', 'C:\\xampp\\htdocs...', 33)
#1 C:\xampp\htdocs\Haberles\system\View\View.php(210): include('C:\\xampp\\htdocs...')
#2 C:\xampp\htdocs\Haberles\system\View\View.php(213): CodeIgniter\View\View->CodeIgniter\View\{closure}()
#3 C:\xampp\htdocs\Haberles\system\Common.php(1089): CodeIgniter\View\View->render('back/usuario/pa...', Array, true)
#4 C:\xampp\htdocs\Haberles\app\Controllers\Usuario_controller.php(14): view('back/usuario/pa...')
#5 C:\xampp\htdocs\Haberles\system\CodeIgniter.php(832): App\Controllers\Usuario_controller->panel_usuarios()
#6 C:\xampp\htdocs\Haberles\system\CodeIgniter.php(419): CodeIgniter\CodeIgniter->runController(Object(App\Controllers\Usuario_controller))
#7 C:\xampp\htdocs\Haberles\system\CodeIgniter.php(326): CodeIgniter\CodeIgniter->handleRequest(NULL, Object(Config\Cache), false)
#8 C:\xampp\htdocs\Haberles\index.php(37): CodeIgniter\CodeIgniter->run()
#9 {main}
CRITICAL - 2022-06-18 23:33:26 --> Undefined array key -1
#0 C:\xampp\htdocs\Haberles\app\Views\back\usuario\panel_usuarios.php(33): CodeIgniter\Debug\Exceptions->errorHandler(2, 'Undefined array...', 'C:\\xampp\\htdocs...', 33)
#1 C:\xampp\htdocs\Haberles\system\View\View.php(210): include('C:\\xampp\\htdocs...')
#2 C:\xampp\htdocs\Haberles\system\View\View.php(213): CodeIgniter\View\View->CodeIgniter\View\{closure}()
#3 C:\xampp\htdocs\Haberles\system\Common.php(1089): CodeIgniter\View\View->render('back/usuario/pa...', Array, true)
#4 C:\xampp\htdocs\Haberles\app\Controllers\Usuario_controller.php(14): view('back/usuario/pa...')
#5 C:\xampp\htdocs\Haberles\system\CodeIgniter.php(832): App\Controllers\Usuario_controller->panel_usuarios()
#6 C:\xampp\htdocs\Haberles\system\CodeIgniter.php(419): CodeIgniter\CodeIgniter->runController(Object(App\Controllers\Usuario_controller))
#7 C:\xampp\htdocs\Haberles\system\CodeIgniter.php(326): CodeIgniter\CodeIgniter->handleRequest(NULL, Object(Config\Cache), false)
#8 C:\xampp\htdocs\Haberles\index.php(37): CodeIgniter\CodeIgniter->run()
#9 {main}
CRITICAL - 2022-06-18 23:33:27 --> Undefined array key -1
#0 C:\xampp\htdocs\Haberles\app\Views\back\usuario\panel_usuarios.php(33): CodeIgniter\Debug\Exceptions->errorHandler(2, 'Undefined array...', 'C:\\xampp\\htdocs...', 33)
#1 C:\xampp\htdocs\Haberles\system\View\View.php(210): include('C:\\xampp\\htdocs...')
#2 C:\xampp\htdocs\Haberles\system\View\View.php(213): CodeIgniter\View\View->CodeIgniter\View\{closure}()
#3 C:\xampp\htdocs\Haberles\system\Common.php(1089): CodeIgniter\View\View->render('back/usuario/pa...', Array, true)
#4 C:\xampp\htdocs\Haberles\app\Controllers\Usuario_controller.php(14): view('back/usuario/pa...')
#5 C:\xampp\htdocs\Haberles\system\CodeIgniter.php(832): App\Controllers\Usuario_controller->panel_usuarios()
#6 C:\xampp\htdocs\Haberles\system\CodeIgniter.php(419): CodeIgniter\CodeIgniter->runController(Object(App\Controllers\Usuario_controller))
#7 C:\xampp\htdocs\Haberles\system\CodeIgniter.php(326): CodeIgniter\CodeIgniter->handleRequest(NULL, Object(Config\Cache), false)
#8 C:\xampp\htdocs\Haberles\index.php(37): CodeIgniter\CodeIgniter->run()
#9 {main}
CRITICAL - 2022-06-18 23:33:27 --> Undefined array key -1
#0 C:\xampp\htdocs\Haberles\app\Views\back\usuario\panel_usuarios.php(33): CodeIgniter\Debug\Exceptions->errorHandler(2, 'Undefined array...', 'C:\\xampp\\htdocs...', 33)
#1 C:\xampp\htdocs\Haberles\system\View\View.php(210): include('C:\\xampp\\htdocs...')
#2 C:\xampp\htdocs\Haberles\system\View\View.php(213): CodeIgniter\View\View->CodeIgniter\View\{closure}()
#3 C:\xampp\htdocs\Haberles\system\Common.php(1089): CodeIgniter\View\View->render('back/usuario/pa...', Array, true)
#4 C:\xampp\htdocs\Haberles\app\Controllers\Usuario_controller.php(14): view('back/usuario/pa...')
#5 C:\xampp\htdocs\Haberles\system\CodeIgniter.php(832): App\Controllers\Usuario_controller->panel_usuarios()
#6 C:\xampp\htdocs\Haberles\system\CodeIgniter.php(419): CodeIgniter\CodeIgniter->runController(Object(App\Controllers\Usuario_controller))
#7 C:\xampp\htdocs\Haberles\system\CodeIgniter.php(326): CodeIgniter\CodeIgniter->handleRequest(NULL, Object(Config\Cache), false)
#8 C:\xampp\htdocs\Haberles\index.php(37): CodeIgniter\CodeIgniter->run()
#9 {main}
CRITICAL - 2022-06-18 23:33:39 --> Undefined array key -1
#0 C:\xampp\htdocs\Haberles\app\Views\back\usuario\panel_usuarios.php(33): CodeIgniter\Debug\Exceptions->errorHandler(2, 'Undefined array...', 'C:\\xampp\\htdocs...', 33)
#1 C:\xampp\htdocs\Haberles\system\View\View.php(210): include('C:\\xampp\\htdocs...')
#2 C:\xampp\htdocs\Haberles\system\View\View.php(213): CodeIgniter\View\View->CodeIgniter\View\{closure}()
#3 C:\xampp\htdocs\Haberles\system\Common.php(1089): CodeIgniter\View\View->render('back/usuario/pa...', Array, true)
#4 C:\xampp\htdocs\Haberles\app\Controllers\Usuario_controller.php(14): view('back/usuario/pa...')
#5 C:\xampp\htdocs\Haberles\system\CodeIgniter.php(832): App\Controllers\Usuario_controller->panel_usuarios()
#6 C:\xampp\htdocs\Haberles\system\CodeIgniter.php(419): CodeIgniter\CodeIgniter->runController(Object(App\Controllers\Usuario_controller))
#7 C:\xampp\htdocs\Haberles\system\CodeIgniter.php(326): CodeIgniter\CodeIgniter->handleRequest(NULL, Object(Config\Cache), false)
#8 C:\xampp\htdocs\Haberles\index.php(37): CodeIgniter\CodeIgniter->run()
#9 {main}
CRITICAL - 2022-06-18 23:33:39 --> Undefined array key -1
#0 C:\xampp\htdocs\Haberles\app\Views\back\usuario\panel_usuarios.php(33): CodeIgniter\Debug\Exceptions->errorHandler(2, 'Undefined array...', 'C:\\xampp\\htdocs...', 33)
#1 C:\xampp\htdocs\Haberles\system\View\View.php(210): include('C:\\xampp\\htdocs...')
#2 C:\xampp\htdocs\Haberles\system\View\View.php(213): CodeIgniter\View\View->CodeIgniter\View\{closure}()
#3 C:\xampp\htdocs\Haberles\system\Common.php(1089): CodeIgniter\View\View->render('back/usuario/pa...', Array, true)
#4 C:\xampp\htdocs\Haberles\app\Controllers\Usuario_controller.php(14): view('back/usuario/pa...')
#5 C:\xampp\htdocs\Haberles\system\CodeIgniter.php(832): App\Controllers\Usuario_controller->panel_usuarios()
#6 C:\xampp\htdocs\Haberles\system\CodeIgniter.php(419): CodeIgniter\CodeIgniter->runController(Object(App\Controllers\Usuario_controller))
#7 C:\xampp\htdocs\Haberles\system\CodeIgniter.php(326): CodeIgniter\CodeIgniter->handleRequest(NULL, Object(Config\Cache), false)
#8 C:\xampp\htdocs\Haberles\index.php(37): CodeIgniter\CodeIgniter->run()
#9 {main}
CRITICAL - 2022-06-18 23:33:39 --> Undefined array key -1
#0 C:\xampp\htdocs\Haberles\app\Views\back\usuario\panel_usuarios.php(33): CodeIgniter\Debug\Exceptions->errorHandler(2, 'Undefined array...', 'C:\\xampp\\htdocs...', 33)
#1 C:\xampp\htdocs\Haberles\system\View\View.php(210): include('C:\\xampp\\htdocs...')
#2 C:\xampp\htdocs\Haberles\system\View\View.php(213): CodeIgniter\View\View->CodeIgniter\View\{closure}()
#3 C:\xampp\htdocs\Haberles\system\Common.php(1089): CodeIgniter\View\View->render('back/usuario/pa...', Array, true)
#4 C:\xampp\htdocs\Haberles\app\Controllers\Usuario_controller.php(14): view('back/usuario/pa...')
#5 C:\xampp\htdocs\Haberles\system\CodeIgniter.php(832): App\Controllers\Usuario_controller->panel_usuarios()
#6 C:\xampp\htdocs\Haberles\system\CodeIgniter.php(419): CodeIgniter\CodeIgniter->runController(Object(App\Controllers\Usuario_controller))
#7 C:\xampp\htdocs\Haberles\system\CodeIgniter.php(326): CodeIgniter\CodeIgniter->handleRequest(NULL, Object(Config\Cache), false)
#8 C:\xampp\htdocs\Haberles\index.php(37): CodeIgniter\CodeIgniter->run()
#9 {main}
CRITICAL - 2022-06-18 23:33:41 --> Undefined array key -1
#0 C:\xampp\htdocs\Haberles\app\Views\back\usuario\panel_usuarios.php(33): CodeIgniter\Debug\Exceptions->errorHandler(2, 'Undefined array...', 'C:\\xampp\\htdocs...', 33)
#1 C:\xampp\htdocs\Haberles\system\View\View.php(210): include('C:\\xampp\\htdocs...')
#2 C:\xampp\htdocs\Haberles\system\View\View.php(213): CodeIgniter\View\View->CodeIgniter\View\{closure}()
#3 C:\xampp\htdocs\Haberles\system\Common.php(1089): CodeIgniter\View\View->render('back/usuario/pa...', Array, true)
#4 C:\xampp\htdocs\Haberles\app\Controllers\Usuario_controller.php(14): view('back/usuario/pa...')
#5 C:\xampp\htdocs\Haberles\system\CodeIgniter.php(832): App\Controllers\Usuario_controller->panel_usuarios()
#6 C:\xampp\htdocs\Haberles\system\CodeIgniter.php(419): CodeIgniter\CodeIgniter->runController(Object(App\Controllers\Usuario_controller))
#7 C:\xampp\htdocs\Haberles\system\CodeIgniter.php(326): CodeIgniter\CodeIgniter->handleRequest(NULL, Object(Config\Cache), false)
#8 C:\xampp\htdocs\Haberles\index.php(37): CodeIgniter\CodeIgniter->run()
#9 {main}
